
############################################################
  ESTADO: OAXACA
  Ejercicios: 2010–2025
  OCR: sí
  Pasos: ocr, segment
  OCR: filtro año 2018
############################################################

────────────────────────────────────────
  Paso: ocr
────────────────────────────────────────
═══ Oaxaca: OCR ═══
  153 PDFs para procesar con OCR.
  Filtro: año 2018
    [6/153] OCR: SEC04-12VA-2018-01-27.pdf
    [7/153] OCR: SEC04-13VA-2018-01-27.pdf
    [8/153] OCR: SEC04-14TA-2018-01-27.pdf
    [9/153] OCR: SEC04-15TA-2018-01-27.pdf
    [10/153] OCR: SEC04-16VA-2018-01-27.pdf
    [11/153] OCR: SEC04-17MA-2018-01-27.pdf
    [12/153] OCR: SEC07-03RA-2018-02-17.pdf
    [13/153] OCR: SEC07-04TA-2018-02-17.pdf
    [14/153] OCR: SEC07-05TA-2018-02-17.pdf
    [15/153] OCR: SEC07-06TA-2018-02-17.pdf
    [16/153] OCR: SEC07-07MA-2018-02-17.pdf
    [17/153] OCR: SEC07-08VA-2018-02-17.pdf
    [18/153] OCR: SEC07-09NA-2018-02-17.pdf
    [19/153] OCR: SEC07-10MA-2018-02-17.pdf
    [20/153] OCR: SEC07-11RA-2018-02-17.pdf
    [21/153] OCR: SEC08-04TA-2018-02-24.pdf
    [22/153] OCR: SEC08-05TA-2018-02-24.pdf
    [23/153] OCR: SEC08-06TA-2018-02-24.pdf
    [24/153] OCR: SEC08-07MA-2018-02-24.pdf
    [25/153] OCR: SEC09-02DA-2018-03-03.pdf
    [26/153] OCR: SEC09-03RA-2018-03-03.pdf
    [27/153] OCR: SEC09-04TA-2018-03-03.pdf
    [28/153] OCR: SEC09-05TA-2018-03-03.pdf
    [29/153] OCR: SEC09-06TA-2018-03-03.pdf
    [30/153] OCR: SEC09-07MA-2018-03-03.pdf
    [31/153] OCR: SEC10-05TA-2018-03-10.pdf
    [32/153] OCR: SEC10-06TA-2018-03-10.pdf
    [33/153] OCR: SEC10-07MA-2018-03-10.pdf
    [34/153] OCR: SEC10-08VA-2018-03-10.pdf
    [35/153] OCR: SEC10-09NA-2018-03-10.pdf
    [36/153] OCR: SEC10-10MA-2018-03-10.pdf
    [37/153] OCR: SEC10-11RA-2018-03-10.pdf
    [38/153] OCR: SEC10-12VA-2018-03-10.pdf
    [39/153] OCR: SEC10-13VA-2018-03-10.pdf
    [40/153] OCR: SEC10-14TA-2018-03-10.pdf
    [41/153] OCR: SEC10-15VA-2018-03-10.pdf
    [42/153] OCR: SEC10-16VA-2018-03-10.pdf
    [43/153] OCR: SEC10-17MA-2018-03-10.pdf
    [44/153] OCR: SEC10-18VA-2018-03-10.pdf
    [45/153] OCR: SEC10-19VA-2018-03-10.pdf
    [46/153] OCR: SEC10-20VA-2018-03-10.pdf
    [47/153] OCR: SEC10-23RA-2018-03-10.pdf
    [48/153] OCR: SEC10-24VA-2018-03-10.pdf
    [49/153] OCR: SEC10-25VA-2018-03-10.pdf
    [50/153] OCR: SEC10-26VA-2018-03-10.pdf
    [51/153] OCR: SEC10-27VA-2018-03-10.pdf
    [52/153] OCR: SEC10-28VA-2018-03-10.pdf
    [53/153] OCR: SEC10-29VA-2018-03-10.pdf
    [54/153] OCR: SEC11-05TA-2018-03-17.pdf
    [55/153] OCR: SEC11-06TA-2018-03-17.pdf
    [56/153] OCR: SEC11-07MA-2018-03-17.pdf
    [57/153] OCR: SEC11-08VA-2018-03-17.pdf
    [58/153] OCR: SEC11-09NA-2018-03-17.pdf
    [59/153] OCR: SEC11-10MA-2018-03-17.pdf
    [60/153] OCR: SEC11-11RA-2018-03-17.pdf
    [61/153] OCR: SEC13-02DA-2018-03-31.pdf
    [62/153] OCR: SEC13-07MA-2018-03-31.pdf
    [63/153] OCR: SEC13-08VA-2018-03-31.pdf
    [64/153] OCR: EXT-DEC1116-2018-04-04.pdf
    [65/153] OCR: EXT-DEC1378-2018-04-04.pdf
    [66/153] OCR: EXT-DEC825-2018-04-04.pdf
    [67/153] OCR: SEC14-05TA-2018-04-07.pdf
    [68/153] OCR: SEC14-06TA-2018-04-07.pdf
    [69/153] OCR: SEC14-07MA-2018-04-07.pdf
    [70/153] OCR: SEC14-08VA-2018-04-07.pdf
    [71/153] OCR: SEC14-09NA-2018-04-07.pdf
    [72/153] OCR: SEC14-10MA-2018-04-07.pdf
    [73/153] OCR: SEC15-02DA-2018-04-14.pdf
    [74/153] OCR: SEC15-03RA-2018-04-14.pdf
    [75/153] OCR: SEC15-04TA-2018-04-14.pdf
    [76/153] OCR: SEC15-05TA-2018-04-14.pdf
    [77/153] OCR: SEC15-06TA-2018-04-14.pdf
    [78/153] OCR: SEC15-07MA-2018-04-14.pdf
    [79/153] OCR: SEC15-08VA-2018-04-14.pdf
    [80/153] OCR: SEC15-09NA-2018-04-14.pdf
    [81/153] OCR: SEC15-10MA-2018-04-14.pdf
    [82/153] OCR: SEC15-11VA-2018-04-14.pdf
    [83/153] OCR: SEC16-03RA-2018-04-21.pdf
    [84/153] OCR: SEC16-04TA-2018-04-21.pdf
    [85/153] OCR: SEC16-05TA-2018-04-21.pdf
    [86/153] OCR: SEC16-08VA-2018-04-21.pdf
    [87/153] OCR: SEC16-09NA-2018-04-21.pdf
    [88/153] OCR: SEC16-10MA-2018-04-21.pdf
    [89/153] OCR: SEC16-11VA-2018-04-21.pdf
    [90/153] OCR: SEC16-12VA-2018-04-21.pdf
    [91/153] OCR: SEC17-04TA-2018-04-28.pdf
    [92/153] OCR: SEC17-05TA-2018-04-28.pdf
    [93/153] OCR: SEC17-06TA-2018-04-28.pdf
    [94/153] OCR: SEC17-07MA-2018-04-28.pdf
    [95/153] OCR: SEC19-04TA-2018-05-12.pdf
    [96/153] OCR: SEC19-05TA-2018-05-12.pdf
    [97/153] OCR: SEC19-06TA-2018-05-12.pdf
    [98/153] OCR: SEC19-07MA-2018-05-12.pdf
    [99/153] OCR: SEC19-08VA-2018-05-12.pdf
    [100/153] OCR: SEC19-09NA-2018-05-12.pdf
    [101/153] OCR: SEC19-10MA-2018-05-12.pdf
    [102/153] OCR: SEC19-13VA-2018-05-12.pdf
    [103/153] OCR: SEC19-14VA-2018-05-12.pdf
    [104/153] OCR: SEC19-15VA-2018-05-12.pdf
    [105/153] OCR: SEC20-02DA-2018-05-19.pdf
    [106/153] OCR: SEC20-03RA-2018-05-19.pdf
    [107/153] OCR: SEC20-04TA-2018-05-19.pdf
    [108/153] OCR: SEC20-05TA-2018-05-19.pdf
    [109/153] OCR: SEC20-06TA-2018-05-19.pdf
    [110/153] OCR: SEC20-07MA-2018-05-19.pdf
    [111/153] OCR: SEC20-08VA-2018-05-19.pdf
    [112/153] OCR: SEC20-09NA-2018-05-19.pdf
    [113/153] OCR: SEC20-10MA-2018-05-19.pdf
    [114/153] OCR: SEC20-11VA-2018-05-19.pdf
    [115/153] OCR: SEC20-12DA-2018-05-19.pdf
    [116/153] OCR: SEC20-13VA-2018-05-19.pdf
    [117/153] OCR: SEC20-14TA-2018-05-19.pdf
    [118/153] OCR: SEC21-03RA-2018-05-26.pdf
    [119/153] OCR: SEC21-04TA-2018-05-26.pdf
    [120/153] OCR: SEC21-05TA-2018-05-26.pdf
    [121/153] OCR: SEC21-06TA-2018-05-26.pdf
    [122/153] OCR: SEC21-07MA-2018-05-26.pdf
    [123/153] OCR: SEC21-08VA-2018-05-26.pdf
    [124/153] OCR: SEC21-09NA-2018-05-26.pdf
    [125/153] OCR: SEC21-10MA-2018-05-26.pdf
    [126/153] OCR: EXT-ACUERDOFINANZAS-2018-06-20.pdf
    [127/153] OCR: EXT-DEC1226-2018-06-15.pdf
    [128/153] OCR: EXT-LEYDEC1077-2018-06-15.pdf
    [129/153] OCR: SEC22-05TA-2018-06-02.pdf
    [130/153] OCR: SEC22-06TA-2018-06-02.pdf
    [131/153] OCR: SEC22-07MA-2018-06-02.pdf
    [132/153] OCR: SEC22-08VA-2018-06-02.pdf
    [133/153] OCR: SEC22-09NA-2018-06-02.pdf
    [134/153] OCR: SEC22-10MA-2018-06-02.pdf
    [135/153] OCR: SEC22-11VA-2018-06-02.pdf
    [136/153] OCR: SEC24-05TA-2018-06-16.pdf
    [137/153] OCR: SEC24-06TA-2018-06-16.pdf
    [138/153] OCR: SEC24-07MA-2018-06-16.pdf
    [139/153] OCR: SEC24-08VA-2018-06-16.pdf
    [140/153] OCR: SEC24-09NA-2018-06-16.pdf
    [141/153] OCR: SEC24-10MA-2018-06-16.pdf
    [142/153] OCR: SEC25-04TA-2018-06-23.pdf
    [143/153] OCR: SEC25-05TA-2018-06-23.pdf
    [144/153] OCR: SEC25-06TA-2018-06-23.pdf
    [145/153] OCR: SEC25-07MA-2018-06-23.pdf
    [146/153] OCR: SEC25-08VA-2018-06-23.pdf
    [147/153] OCR: SEC25-09NA-2018-06-23.pdf
    [148/153] OCR: SEC25-10MA-2018-06-23.pdf
    [149/153] OCR: SEC25-11VA-2018-06-23.pdf
    [150/153] OCR: SEC45-09NA-2018-11-10.pdf
    [151/153] OCR: EXT-DEC66-2018-12-31.pdf
    [152/153] OCR: SEC52-02DA-2018-12-29.pdf
    [153/153] OCR: SEC52-03RA-2018-12-29.pdf

  OCR completado: 148 procesados, 5 ya existían, 0 errores
  Log: data\oaxaca\meta\ocr_log.csv
  ✓ ocr completado en 16089.3s

────────────────────────────────────────
  Paso: segment
────────────────────────────────────────
═══ Oaxaca: Segmentación ═══
  Filtro: año 2018

  [2018] 153 PDFs en pdf_raw/
    EXT-DEC804-2018-01-03_ocr.pdf: OCR=2 vs index=1 (se emparejan 1)
    EXT-DEC804-2018-01-03_ocr.pdf: 1 leyes (skip=1pp)
    SEC04-08VA-2018-01-27_ocr.pdf: 3 leyes (skip=1pp)
    SEC04-09NA-2018-01-27_ocr.pdf: 4 leyes (skip=1pp)
    SEC04-10MA-2018-01-27_ocr.pdf: 2 leyes (skip=1pp)
    SEC04-11RA-2018-01-27_ocr.pdf: OCR=2 vs index=1 (se emparejan 1)
    SEC04-11RA-2018-01-27_ocr.pdf: 1 leyes (skip=1pp)
    SEC04-12VA-2018-01-27_ocr.pdf: 1 leyes (skip=1pp)
    SEC04-13VA-2018-01-27_ocr.pdf: OCR=4 vs index=5 (se emparejan 4)
    SEC04-13VA-2018-01-27_ocr.pdf: 4 leyes (skip=1pp)
    SEC04-14TA-2018-01-27_ocr.pdf: 1 leyes (skip=1pp)
    SEC04-15TA-2018-01-27_ocr.pdf: 5 leyes (skip=1pp)
    SEC04-16VA-2018-01-27_ocr.pdf: 5 leyes (skip=1pp)
    SEC04-17MA-2018-01-27_ocr.pdf: 1 leyes (skip=1pp)
    SEC07-03RA-2018-02-17_ocr.pdf: OCR=3 vs index=4 (se emparejan 3)
    SEC07-03RA-2018-02-17_ocr.pdf: 3 leyes (skip=1pp)
    SEC07-04TA-2018-02-17_ocr.pdf: 4 leyes (skip=1pp)
    SEC07-05TA-2018-02-17_ocr.pdf: 2 leyes (skip=1pp)
    SEC07-06TA-2018-02-17_ocr.pdf: OCR=2 vs index=5 (se emparejan 2)
    SEC07-06TA-2018-02-17_ocr.pdf: 2 leyes (skip=1pp)
    SEC07-07MA-2018-02-17_ocr.pdf: 5 leyes (skip=1pp)
    SEC07-08VA-2018-02-17_ocr.pdf: 6 leyes (skip=1pp)
    SEC07-09NA-2018-02-17_ocr.pdf: OCR=2 vs index=3 (se emparejan 2)
    SEC07-09NA-2018-02-17_ocr.pdf: 2 leyes (skip=1pp)
    SEC07-10MA-2018-02-17_ocr.pdf: OCR=3 vs index=5 (se emparejan 3)
    SEC07-10MA-2018-02-17_ocr.pdf: 3 leyes (skip=1pp)
    SEC07-11RA-2018-02-17_ocr.pdf: 1 leyes (skip=1pp)
    SEC08-04TA-2018-02-24_ocr.pdf: OCR=3 vs index=5 (se emparejan 3)
    SEC08-04TA-2018-02-24_ocr.pdf: 3 leyes (skip=1pp)
    SEC08-05TA-2018-02-24_ocr.pdf: 1 leyes (skip=1pp)
    SEC08-06TA-2018-02-24_ocr.pdf: OCR=2 vs index=5 (se emparejan 2)
    SEC08-06TA-2018-02-24_ocr.pdf: 2 leyes (skip=1pp)
    SEC08-07MA-2018-02-24_ocr.pdf: 1 leyes (skip=1pp)
    SEC09-02DA-2018-03-03_ocr.pdf: 5 leyes (skip=1pp)
    SEC09-03RA-2018-03-03_ocr.pdf: 5 leyes (skip=1pp)
    SEC09-04TA-2018-03-03_ocr.pdf: 4 leyes (skip=1pp)
    SEC09-05TA-2018-03-03_ocr.pdf: 2 leyes (skip=1pp)
    SEC09-06TA-2018-03-03_ocr.pdf: 6 leyes (skip=1pp)
    SEC09-07MA-2018-03-03_ocr.pdf: 4 leyes (skip=1pp)
    SEC10-05TA-2018-03-10_ocr.pdf: 1 leyes (skip=1pp)
    SEC10-06TA-2018-03-10_ocr.pdf: 3 leyes (skip=1pp)
    SEC10-07MA-2018-03-10_ocr.pdf: 6 leyes (skip=1pp)
    SEC10-08VA-2018-03-10_ocr.pdf: 3 leyes (skip=1pp)
    SEC10-09NA-2018-03-10_ocr.pdf: 1 leyes (skip=1pp)
    SEC10-10MA-2018-03-10_ocr.pdf: OCR=5 vs index=4 (se emparejan 4)
    SEC10-10MA-2018-03-10_ocr.pdf: 4 leyes (skip=1pp)
    SEC10-11RA-2018-03-10_ocr.pdf: 3 leyes (skip=1pp)
    SEC10-12VA-2018-03-10_ocr.pdf: 1 leyes (skip=1pp)
    SEC10-13VA-2018-03-10_ocr.pdf: 3 leyes (skip=1pp)
    SEC10-14TA-2018-03-10_ocr.pdf: 3 leyes (skip=1pp)
    SEC10-15VA-2018-03-10_ocr.pdf: 5 leyes (skip=1pp)
      santiago_amoltepec: predial no detectada → fallback_ley_completa
    SEC10-16VA-2018-03-10_ocr.pdf: OCR=3 vs index=4 (se emparejan 3)
    SEC10-16VA-2018-03-10_ocr.pdf: 3 leyes (skip=1pp)
    SEC10-17MA-2018-03-10_ocr.pdf: OCR=3 vs index=4 (se emparejan 3)
    SEC10-17MA-2018-03-10_ocr.pdf: 3 leyes (skip=1pp)
    SEC10-18VA-2018-03-10_ocr.pdf: OCR=3 vs index=4 (se emparejan 3)
    SEC10-18VA-2018-03-10_ocr.pdf: 3 leyes (skip=1pp)
    SEC10-19VA-2018-03-10_ocr.pdf: 5 leyes (skip=1pp)
    SEC10-20VA-2018-03-10_ocr.pdf: 2 leyes (skip=1pp)
    SEC10-23RA-2018-03-10_ocr.pdf: OCR=4 vs index=5 (se emparejan 4)
    SEC10-23RA-2018-03-10_ocr.pdf: 4 leyes (skip=1pp)
    SEC10-24VA-2018-03-10_ocr.pdf: 5 leyes (skip=1pp)
      ixtlan_de_juarez: predial no detectada → fallback_ley_completa
    SEC10-25VA-2018-03-10_ocr.pdf: 4 leyes (skip=1pp)
    SEC10-26VA-2018-03-10_ocr.pdf: 4 leyes (skip=1pp)
    SEC10-27VA-2018-03-10_ocr.pdf: OCR=5 vs index=6 (se emparejan 5)
    SEC10-27VA-2018-03-10_ocr.pdf: 5 leyes (skip=1pp)
    SEC10-28VA-2018-03-10_ocr.pdf: OCR=4 vs index=5 (se emparejan 4)
    SEC10-28VA-2018-03-10_ocr.pdf: 4 leyes (skip=1pp)
    SEC10-29VA-2018-03-10_ocr.pdf: 4 leyes (skip=1pp)
    SEC11-05TA-2018-03-17_ocr.pdf: 5 leyes (skip=1pp)
    SEC11-06TA-2018-03-17_ocr.pdf: OCR=3 vs index=4 (se emparejan 3)
    SEC11-06TA-2018-03-17_ocr.pdf: 3 leyes (skip=1pp)
    SEC11-07MA-2018-03-17_ocr.pdf: 5 leyes (skip=1pp)
      san_pedro_ocotepec: predial no detectada → fallback_ley_completa
    SEC11-08VA-2018-03-17_ocr.pdf: 5 leyes (skip=1pp)
    SEC11-09NA-2018-03-17_ocr.pdf: 4 leyes (skip=1pp)
      san_antonio_sinicahua: predial no detectada → fallback_ley_completa
    SEC11-10MA-2018-03-17_ocr.pdf: 4 leyes (skip=1pp)
    SEC11-11RA-2018-03-17_ocr.pdf: 4 leyes (skip=1pp)
    SEC13-02DA-2018-03-31_ocr.pdf: 6 leyes (skip=1pp)
    SEC13-07MA-2018-03-31_ocr.pdf: OCR=3 vs index=2 (se emparejan 2)
    SEC13-07MA-2018-03-31_ocr.pdf: 2 leyes (skip=1pp)
    SEC13-08VA-2018-03-31_ocr.pdf: 4 leyes (skip=1pp)
    EXT-DEC1116-2018-04-04_ocr.pdf: OCR=2 vs index=3 (se emparejan 2)
    EXT-DEC1116-2018-04-04_ocr.pdf: 2 leyes (skip=1pp)
    EXT-DEC1378-2018-04-04_ocr.pdf: OCR=2 vs index=1 (se emparejan 1)
    EXT-DEC1378-2018-04-04_ocr.pdf: 1 leyes (skip=1pp)
    EXT-DEC825-2018-04-04_ocr.pdf: 4 leyes (skip=1pp)
    SEC14-05TA-2018-04-07_ocr.pdf: 2 leyes (skip=1pp)
      santiago_apoala: predial no detectada → fallback_ley_completa
    SEC14-06TA-2018-04-07_ocr.pdf: 2 leyes (skip=1pp)
    SEC14-07MA-2018-04-07_ocr.pdf: 1 leyes (skip=1pp)
    SEC14-08VA-2018-04-07_ocr.pdf: 4 leyes (skip=1pp)
      silacayoapam: predial no detectada → fallback_ley_completa
    SEC14-09NA-2018-04-07_ocr.pdf: OCR=3 vs index=5 (se emparejan 3)
    SEC14-09NA-2018-04-07_ocr.pdf: 3 leyes (skip=1pp)
    SEC14-10MA-2018-04-07_ocr.pdf: 3 leyes (skip=1pp)
    SEC15-02DA-2018-04-14_ocr.pdf: OCR=2 vs index=4 (se emparejan 2)
    SEC15-02DA-2018-04-14_ocr.pdf: 2 leyes (skip=1pp)
    SEC15-03RA-2018-04-14_ocr.pdf: 3 leyes (skip=1pp)
    SEC15-04TA-2018-04-14_ocr.pdf: 3 leyes (skip=1pp)
    SEC15-05TA-2018-04-14_ocr.pdf: 2 leyes (skip=1pp)
    SEC15-06TA-2018-04-14_ocr.pdf: 5 leyes (skip=1pp)
    SEC15-07MA-2018-04-14_ocr.pdf: 4 leyes (skip=1pp)
    SEC15-08VA-2018-04-14_ocr.pdf: 4 leyes (skip=1pp)
    SEC15-09NA-2018-04-14_ocr.pdf: 1 leyes (skip=1pp)
    SEC15-10MA-2018-04-14_ocr.pdf: OCR=0 vs index=3 (se emparejan 0)
    SEC15-11VA-2018-04-14_ocr.pdf: 2 leyes (skip=1pp)
    SEC16-03RA-2018-04-21_ocr.pdf: OCR=3 vs index=5 (se emparejan 3)
    SEC16-03RA-2018-04-21_ocr.pdf: 3 leyes (skip=1pp)
    SEC16-04TA-2018-04-21_ocr.pdf: 5 leyes (skip=1pp)
    SEC16-05TA-2018-04-21_ocr.pdf: OCR=5 vs index=6 (se emparejan 5)
    SEC16-05TA-2018-04-21_ocr.pdf: 5 leyes (skip=1pp)
    SEC16-08VA-2018-04-21_ocr.pdf: 4 leyes (skip=1pp)
    SEC16-09NA-2018-04-21_ocr.pdf: OCR=3 vs index=4 (se emparejan 3)
    SEC16-09NA-2018-04-21_ocr.pdf: 3 leyes (skip=1pp)
    SEC16-10MA-2018-04-21_ocr.pdf: 6 leyes (skip=1pp)
      santo_domingo_xagacia: predial no detectada → fallback_ley_completa
      san_bernardo_mixtepec: predial no detectada → fallback_ley_completa
    SEC16-11VA-2018-04-21_ocr.pdf: 2 leyes (skip=1pp)
    SEC16-12VA-2018-04-21_ocr.pdf: 1 leyes (skip=1pp)
    SEC17-04TA-2018-04-28_ocr.pdf: 4 leyes (skip=1pp)
    SEC17-05TA-2018-04-28_ocr.pdf: OCR=5 vs index=4 (se emparejan 4)
    SEC17-05TA-2018-04-28_ocr.pdf: 4 leyes (skip=1pp)
    SEC17-06TA-2018-04-28_ocr.pdf: 3 leyes (skip=1pp)
    SEC17-07MA-2018-04-28_ocr.pdf: 2 leyes (skip=1pp)
    SEC19-04TA-2018-05-12_ocr.pdf: 5 leyes (skip=1pp)
    SEC19-05TA-2018-05-12_ocr.pdf: OCR=2 vs index=1 (se emparejan 1)
    SEC19-05TA-2018-05-12_ocr.pdf: 1 leyes (skip=1pp)
    SEC19-06TA-2018-05-12_ocr.pdf: OCR=4 vs index=5 (se emparejan 4)
    SEC19-06TA-2018-05-12_ocr.pdf: 4 leyes (skip=1pp)
    SEC19-07MA-2018-05-12_ocr.pdf: 3 leyes (skip=1pp)
    SEC19-08VA-2018-05-12_ocr.pdf: OCR=3 vs index=4 (se emparejan 3)
    SEC19-08VA-2018-05-12_ocr.pdf: 3 leyes (skip=1pp)
    SEC19-09NA-2018-05-12_ocr.pdf: OCR=3 vs index=4 (se emparejan 3)
    SEC19-09NA-2018-05-12_ocr.pdf: 3 leyes (skip=1pp)
    SEC19-10MA-2018-05-12_ocr.pdf: 5 leyes (skip=1pp)
    SEC19-13VA-2018-05-12_ocr.pdf: OCR=5 vs index=4 (se emparejan 4)
    SEC19-13VA-2018-05-12_ocr.pdf: 4 leyes (skip=1pp)
    SEC19-14VA-2018-05-12_ocr.pdf: 5 leyes (skip=1pp)
    SEC19-15VA-2018-05-12_ocr.pdf: 2 leyes (skip=1pp)
    SEC20-02DA-2018-05-19_ocr.pdf: OCR=3 vs index=5 (se emparejan 3)
    SEC20-02DA-2018-05-19_ocr.pdf: 3 leyes (skip=1pp)
    SEC20-03RA-2018-05-19_ocr.pdf: 1 leyes (skip=1pp)
    SEC20-04TA-2018-05-19_ocr.pdf: 3 leyes (skip=1pp)
    SEC20-05TA-2018-05-19_ocr.pdf: OCR=3 vs index=2 (se emparejan 2)
    SEC20-05TA-2018-05-19_ocr.pdf: 2 leyes (skip=1pp)
    SEC20-06TA-2018-05-19_ocr.pdf: 4 leyes (skip=1pp)
    SEC20-07MA-2018-05-19_ocr.pdf: 5 leyes (skip=1pp)
    SEC20-08VA-2018-05-19_ocr.pdf: OCR=5 vs index=6 (se emparejan 5)
    SEC20-08VA-2018-05-19_ocr.pdf: 5 leyes (skip=1pp)
    SEC20-09NA-2018-05-19_ocr.pdf: 6 leyes (skip=1pp)
    SEC20-10MA-2018-05-19_ocr.pdf: OCR=2 vs index=3 (se emparejan 2)
    SEC20-10MA-2018-05-19_ocr.pdf: 2 leyes (skip=1pp)
    SEC20-11VA-2018-05-19_ocr.pdf: 3 leyes (skip=1pp)
    SEC20-12DA-2018-05-19_ocr.pdf: 1 leyes (skip=1pp)
    SEC20-13VA-2018-05-19_ocr.pdf: 4 leyes (skip=1pp)
    SEC20-14TA-2018-05-19_ocr.pdf: 6 leyes (skip=1pp)
      santa_maria_del_rosario: predial no detectada → fallback_ley_completa
    SEC21-03RA-2018-05-26_ocr.pdf: 4 leyes (skip=1pp)
    SEC21-04TA-2018-05-26_ocr.pdf: OCR=6 vs index=5 (se emparejan 5)
    SEC21-04TA-2018-05-26_ocr.pdf: 5 leyes (skip=1pp)
    SEC21-05TA-2018-05-26_ocr.pdf: OCR=4 vs index=5 (se emparejan 4)
    SEC21-05TA-2018-05-26_ocr.pdf: 4 leyes (skip=1pp)
      santiago_camotlan: predial no detectada → fallback_ley_completa
    SEC21-06TA-2018-05-26_ocr.pdf: 2 leyes (skip=1pp)
    SEC21-07MA-2018-05-26_ocr.pdf: 5 leyes (skip=1pp)
    SEC21-08VA-2018-05-26_ocr.pdf: 5 leyes (skip=1pp)
    SEC21-09NA-2018-05-26_ocr.pdf: 3 leyes (skip=1pp)
    SEC21-10MA-2018-05-26_ocr.pdf: 4 leyes (skip=1pp)
    EXT-DEC1226-2018-06-15_ocr.pdf: 3 leyes (skip=1pp)
    EXT-LEYDEC1077-2018-06-15_ocr.pdf: 7 leyes (skip=1pp)
    SEC22-05TA-2018-06-02_ocr.pdf: 3 leyes (skip=1pp)
    SEC22-06TA-2018-06-02_ocr.pdf: OCR=3 vs index=4 (se emparejan 3)
    SEC22-06TA-2018-06-02_ocr.pdf: 3 leyes (skip=1pp)
    SEC22-07MA-2018-06-02_ocr.pdf: OCR=3 vs index=4 (se emparejan 3)
    SEC22-07MA-2018-06-02_ocr.pdf: 3 leyes (skip=1pp)
    SEC22-08VA-2018-06-02_ocr.pdf: 3 leyes (skip=1pp)
    SEC22-09NA-2018-06-02_ocr.pdf: OCR=3 vs index=4 (se emparejan 3)
    SEC22-09NA-2018-06-02_ocr.pdf: 3 leyes (skip=1pp)
    SEC22-10MA-2018-06-02_ocr.pdf: 5 leyes (skip=1pp)
    SEC22-11VA-2018-06-02_ocr.pdf: OCR=0 vs index=5 (se emparejan 0)
    SEC24-05TA-2018-06-16_ocr.pdf: 5 leyes (skip=1pp)
      san_vicente_coatlan: predial no detectada → fallback_ley_completa
    SEC24-06TA-2018-06-16_ocr.pdf: 4 leyes (skip=1pp)
    SEC24-07MA-2018-06-16_ocr.pdf: OCR=2 vs index=3 (se emparejan 2)
    SEC24-07MA-2018-06-16_ocr.pdf: 2 leyes (skip=1pp)
    SEC24-08VA-2018-06-16_ocr.pdf: OCR=4 vs index=3 (se emparejan 3)
    SEC24-08VA-2018-06-16_ocr.pdf: 3 leyes (skip=1pp)
    SEC24-09NA-2018-06-16_ocr.pdf: 5 leyes (skip=1pp)
    SEC24-10MA-2018-06-16_ocr.pdf: 3 leyes (skip=1pp)
    SEC25-04TA-2018-06-23_ocr.pdf: OCR=3 vs index=4 (se emparejan 3)
    SEC25-04TA-2018-06-23_ocr.pdf: 3 leyes (skip=1pp)
    SEC25-05TA-2018-06-23_ocr.pdf: 6 leyes (skip=1pp)
      santiago_lachiguiri: predial no detectada → fallback_ley_completa
    SEC25-06TA-2018-06-23_ocr.pdf: 4 leyes (skip=1pp)
    SEC25-07MA-2018-06-23_ocr.pdf: 5 leyes (skip=1pp)
    SEC25-08VA-2018-06-23_ocr.pdf: 4 leyes (skip=1pp)
    SEC25-09NA-2018-06-23_ocr.pdf: OCR=5 vs index=4 (se emparejan 4)
    SEC25-09NA-2018-06-23_ocr.pdf: 4 leyes (skip=1pp)
    SEC25-10MA-2018-06-23_ocr.pdf: 5 leyes (skip=1pp)
    SEC25-11VA-2018-06-23_ocr.pdf: 4 leyes (skip=1pp)
    EXT-DEC66-2018-12-31_ocr.pdf: 1 leyes (skip=1pp)
  Merge: 6996 filas previas (otros años) + 500 nuevas

  Meta: segment.csv (7496 filas)

  ── Resumen ──
  Total: 500
  Predial exacta: 86
  Predial fallback: 12
  Ya existían: 402
  PDFs con índice: 149
  PDFs con desajuste OCR/index: 46
  Errores: 0
  ✓ segment completado en 62.0s

============================================================
  ✓ Pipeline completado para 1 estado(s) en 16151.2s
============================================================
