
############################################################
  ESTADO: OAXACA
  Ejercicios: 2010–2025
  OCR: sí
  Pasos: ocr, segment
############################################################

────────────────────────────────────────
  Paso: ocr
────────────────────────────────────────
═══ Oaxaca: OCR ═══
  2481 PDFs para procesar con OCR.
    [1496/2481] OCR: SEC12-10MA-2021-03-20.pdf
    [1497/2481] OCR: SEC12-11RA-2021-03-20.pdf
    [1498/2481] OCR: SEC12-12DA-2021-03-20.pdf
    [1499/2481] OCR: SEC12-13RA-2021-03-20.pdf
    [1500/2481] OCR: SEC12-14TA-2021-03-20.pdf
    [1501/2481] OCR: SEC12-15TA-2021-03-20.pdf
    [1502/2481] OCR: SEC12-16TA-2021-03-20.pdf
    [1503/2481] OCR: SEC12-17MA-2021-03-20.pdf
    [1504/2481] OCR: SEC12-18VA-2021-03-20.pdf
    [1505/2481] OCR: SEC12-23RA-2021-03-20.pdf
    [1506/2481] OCR: SEC13-10MA-2021-03-27.pdf
    [1507/2481] OCR: EXT-DEC2110-2021-04-07.pdf
    [1508/2481] OCR: SEC14-07MA-2021-04-03.pdf
    [1509/2481] OCR: SEC14-08VA-2021-04-03.pdf
    [1510/2481] OCR: SEC14-09NA-2021-04-03.pdf
    [1511/2481] OCR: SEC14-10MA-2021-04-03.pdf
    [1512/2481] OCR: SEC14-11RA-2021-04-03.pdf
    [1513/2481] OCR: SEC14-12DA-2021-04-03.pdf
    [1514/2481] OCR: SEC14-13RA-2021-04-03.pdf
    [1515/2481] OCR: SEC14-14TA-2021-04-03.pdf
    [1516/2481] OCR: SEC14-15TA-2021-04-03.pdf
    [1517/2481] OCR: SEC14-16TA-2021-04-03.pdf
    [1518/2481] OCR: SEC14-17MA-2021-04-03.pdf
    [1519/2481] OCR: SEC14-18VA-2021-04-03.pdf
    [1520/2481] OCR: SEC14-19NA-2021-04-03.pdf
    [1521/2481] OCR: SEC14-20MA-2021-04-03.pdf
    [1522/2481] OCR: SEC14-21RA-2021-04-03.pdf
    [1523/2481] OCR: SEC14-22DA-2021-04-03.pdf
    [1524/2481] OCR: SEC14-23RA-2021-04-03.pdf
    [1525/2481] OCR: SEC14-24TA-2021-04-03.pdf
    [1526/2481] OCR: SEC14-25TA-2021-04-03.pdf
    [1527/2481] OCR: SEC14-26TA-2021-04-03.pdf
    [1528/2481] OCR: SEC14-27MA-2021-04-03.pdf
    [1529/2481] OCR: SEC14-28VA-2021-04-03.pdf
    [1530/2481] OCR: SEC14-29NA-2021-04-03.pdf
    [1531/2481] OCR: SEC16-02DA-2021-04-17.pdf
    [1532/2481] OCR: SEC16-03RA-2021-04-17.pdf
    [1533/2481] OCR: SEC16-04TA-2021-04-17.pdf
    [1534/2481] OCR: SEC16-05TA-2021-04-17.pdf
    [1535/2481] OCR: SEC16-06TA-2021-04-17.pdf
    [1536/2481] OCR: SEC16-07MA-2021-04-17.pdf
    [1537/2481] OCR: SEC16-08VA-2021-04-17.pdf
    [1538/2481] OCR: SEC16-09NA-2021-04-17.pdf
    [1539/2481] OCR: SEC16-10MA-2021-04-17.pdf
    [1540/2481] OCR: SEC16-11RA-2021-04-17.pdf
    [1541/2481] OCR: SEC16-12DA-2021-04-17.pdf
    [1542/2481] OCR: SEC16-13RA-2021-04-17.pdf
    [1543/2481] OCR: SEC16-14TA-2021-04-17.pdf
    [1544/2481] OCR: SEC16-18VA-2021-04-17.pdf
    [1545/2481] OCR: SEC16-19NA-2021-04-17.pdf
    [1546/2481] OCR: SEC16-20MA-2021-04-17.pdf
    [1547/2481] OCR: SEC16-21RA-2021-04-17.pdf
    [1548/2481] OCR: SEC16-22VA-2021-04-17.pdf
    [1549/2481] OCR: SEC16-23RA-2021-04-17.pdf
    [1550/2481] OCR: SEC16-24VA-2021-04-17.pdf
    [1551/2481] OCR: SEC16-25TA-2021-04-17.pdf
    [1552/2481] OCR: SEC16-26TA-2021-04-17.pdf
    [1553/2481] OCR: SEC18-06TA-2021-05-01.pdf
    [1554/2481] OCR: SEC18-07MA-2021-05-01.pdf
    [1555/2481] OCR: SEC18-08VA-2021-05-01.pdf
    [1556/2481] OCR: SEC18-09NA-2021-05-01.pdf
    [1557/2481] OCR: SEC18-10MA-2021-05-01.pdf
    [1558/2481] OCR: SEC18-11RA-2021-05-01.pdf
    [1559/2481] OCR: SEC18-12DA-2021-05-01.pdf
    [1560/2481] OCR: SEC18-13RA-2021-05-01.pdf
    [1561/2481] OCR: SEC18-14TA-2021-05-01.pdf
    [1562/2481] OCR: SEC18-15TA-2021-05-01.pdf
    [1563/2481] OCR: SEC18-16TA-2021-05-01.pdf
    [1564/2481] OCR: SEC18-17MA-2021-05-01.pdf
    [1565/2481] OCR: SEC18-18VA-2021-05-01.pdf
    [1566/2481] OCR: SEC18-19NA-2021-05-01.pdf
    [1567/2481] OCR: SEC18-20MA-2021-05-01.pdf
    [1568/2481] OCR: SEC18-21RA-2021-05-01.pdf
    [1569/2481] OCR: SEC18-22DA-2021-05-01.pdf
    [1570/2481] OCR: SEC18-23RA-2021-05-01.pdf
    [1571/2481] OCR: SEC18-24TA-2021-05-01.pdf
    [1572/2481] OCR: SEC18-25TA-2021-05-01.pdf
    [1573/2481] OCR: SEC18-26TA-2021-05-01.pdf
    [1574/2481] OCR: SEC18-27MA-2021-05-01.pdf
    [1575/2481] OCR: SEC19-07MA-2021-05-08.pdf
    [1576/2481] OCR: SEC19-08VA-2021-05-08.pdf
    [1577/2481] OCR: SEC19-09NA-2021-05-08.pdf
    [1578/2481] OCR: SEC19-10MA-2021-05-08.pdf
    [1579/2481] OCR: SEC19-11VA-2021-05-08.pdf
    [1580/2481] OCR: SEC19-12VA-2021-05-08.pdf
    [1581/2481] OCR: SEC19-13RA-2021-05-08.pdf
    [1582/2481] OCR: SEC19-14TA-2021-05-08.pdf
    [1583/2481] OCR: SEC19-15TA-2021-05-08.pdf
    [1584/2481] OCR: SEC19-16TA-2021-05-08.pdf
    [1585/2481] OCR: SEC19-17MA-2021-05-08.pdf
    [1586/2481] OCR: SEC19-18VA-2021-05-08.pdf
    [1587/2481] OCR: SEC21-10MA-2021-05-22.pdf
    [1588/2481] OCR: SEC21-11RA-2021-05-22.pdf
    [1589/2481] OCR: SEC21-12DA-2021-05-22.pdf
    [1590/2481] OCR: SEC21-13RA-2021-05-22.pdf
    [1591/2481] OCR: SEC21-14TA-2021-05-22.pdf
    [1592/2481] OCR: SEC21-15TA-2021-05-22.pdf
    [1593/2481] OCR: SEC21-16TA-2021-05-22.pdf
    [1594/2481] OCR: SEC21-17MA-2021-05-22.pdf
    [1595/2481] OCR: SEC21-18VA-2021-05-22.pdf
    [1596/2481] OCR: SEC21-19NA-2021-05-22.pdf
    [1597/2481] OCR: SEC21-20MA-2021-05-22.pdf
    [1598/2481] OCR: SEC21-21RA-2021-05-22.pdf
    [1599/2481] OCR: SEC21-22DA-2021-05-22.pdf
    [1600/2481] OCR: SEC21-23RA-2021-05-22.pdf
    [1601/2481] OCR: SEC21-24TA-2021-05-22.pdf
    [1602/2481] OCR: SEC21-25TA-2021-05-22.pdf
    [1603/2481] OCR: SEC22-08VA-2021-05-29.pdf
    [1604/2481] OCR: SEC22-09NA-2021-05-29.pdf
    [1605/2481] OCR: SEC22-10MA-2021-05-29.pdf
    [1606/2481] OCR: SEC22-11VA-2021-05-29.pdf
    [1607/2481] OCR: SEC22-12VA-2021-05-29.pdf
    [1608/2481] OCR: SEC22-13VA-2021-05-29.pdf
    [1609/2481] OCR: SEC22-15TA-2021-05-29.pdf
    [1610/2481] OCR: SEC22-16TA-2021-05-29.pdf
    [1611/2481] OCR: SEC22-17MA-2021-05-29.pdf
    [1612/2481] OCR: SEC22-18VA-2021-05-29.pdf
    [1613/2481] OCR: SEC24-02DA-2021-06-12.pdf
    [1614/2481] OCR: SEC24-03RA-2021-06-12.pdf
    [1615/2481] OCR: SEC24-04TA-2021-06-12.pdf
    [1616/2481] OCR: SEC51-16VA-2021-12-18.pdf
    [1617/2481] OCR: SEC02-12VA-2022-01-08.pdf
    [1618/2481] OCR: SEC04-05TA-2022-01-22.pdf
    [1619/2481] OCR: SEC04-06TA-2022-01-22.pdf
    [1620/2481] OCR: SEC04-07MA-2022-01-22.pdf
    [1621/2481] OCR: SEC04-08VA-2022-01-22.pdf
    [1622/2481] OCR: SEC04-09NA-2022-01-22.pdf
    [1623/2481] OCR: SEC04-10MA-2022-01-22.pdf
    [1624/2481] OCR: SEC04-11RA-2022-01-22.pdf
    [1625/2481] OCR: SEC04-12DA-2022-01-22.pdf
    [1626/2481] OCR: SEC04-13RA-2022-01-22.pdf
    [1627/2481] OCR: SEC04-14TA-2022-01-22.pdf
    [1628/2481] OCR: SEC04-15TA-2022-01-22.pdf
    [1629/2481] OCR: SEC04-16TA-2022-01-22.pdf
    [1630/2481] OCR: SEC04-17MA-2022-01-22.pdf
    [1631/2481] OCR: SEC04-18VA-2022-01-22.pdf
    [1632/2481] OCR: SEC04-19NA-2022-01-22.pdf
    [1633/2481] OCR: SEC05-06TA-2022-01-29.pdf
    [1634/2481] OCR: SEC05-07MA-2022-01-29.pdf
    [1635/2481] OCR: SEC05-08VA-2022-01-29.pdf
    [1636/2481] OCR: SEC05-09NA-2022-01-29.pdf
    [1637/2481] OCR: SEC05-10MA-2022-01-29.pdf
    [1638/2481] OCR: SEC05-11RA-2022-01-29.pdf
    [1639/2481] OCR: SEC05-12DA-2022-01-29.pdf
    [1640/2481] OCR: SEC05-13RA-2022-01-29.pdf
    [1641/2481] OCR: SEC05-14VA-2022-01-29.pdf
    [1642/2481] OCR: SEC05-15TA-2022-01-29.pdf
    [1643/2481] OCR: SEC05-16TA-2022-01-29.pdf
    [1644/2481] OCR: SEC05-17MA-2022-01-29.pdf
    [1645/2481] OCR: SEC05-18VA-2022-01-29.pdf
    [1646/2481] OCR: SEC06-16TA-2022-02-05.pdf
    [1647/2481] OCR: SEC06-17MA-2022-02-05.pdf
    [1648/2481] OCR: SEC06-18VA-2022-02-05.pdf
    [1649/2481] OCR: SEC06-19VA-2022-02-05.pdf
    [1650/2481] OCR: SEC06-20VA-2022-02-05.pdf
    [1651/2481] OCR: SEC06-21VA-2022-02-05.pdf
    [1652/2481] OCR: SEC06-23RA-2022-02-05.pdf
    [1653/2481] OCR: SEC06-24TA-2022-02-05.pdf
    [1654/2481] OCR: SEC06-25TA-2022-02-05.pdf
    [1655/2481] OCR: SEC06-26TA-2022-02-05.pdf
    [1656/2481] OCR: SEC06-27MA-2022-02-05.pdf
    [1657/2481] OCR: SEC06-28VA-2022-02-05.pdf
    [1658/2481] OCR: SEC07-08VA-2022-02-12.pdf
    [1659/2481] OCR: SEC07-09NA-2022-02-12.pdf
    [1660/2481] OCR: SEC07-10MA-2022-02-12.pdf
    [1661/2481] OCR: SEC07-11VA-2022-02-12.pdf
    [1662/2481] OCR: SEC07-12DA-2022-02-12.pdf
    [1663/2481] OCR: SEC07-13VA-2022-02-12.pdf
    [1664/2481] OCR: SEC07-14TA-2022-02-12.pdf
    [1665/2481] OCR: SEC07-15VA-2022-02-12.pdf
    [1666/2481] OCR: SEC07-16TA-2022-02-12.pdf
    [1667/2481] OCR: SEC07-17MA-2022-02-12.pdf
    [1668/2481] OCR: SEC07-18VA-2022-02-12.pdf
    [1669/2481] OCR: SEC07-19NA-2022-02-12.pdf
    [1670/2481] OCR: SEC07-20MA-2022-02-12.pdf
    [1671/2481] OCR: SEC07-21RA-2022-02-12.pdf
    [1672/2481] OCR: SEC07-22DA-2022-02-12.pdf
    [1673/2481] OCR: SEC07-23RA-2022-02-12.pdf
    [1674/2481] OCR: SEC07-24TA-2022-02-12.pdf
    [1675/2481] OCR: SEC07-25TA-2022-02-12.pdf
    [1676/2481] OCR: SEC07-29-2022-02-12.pdf
    [1677/2481] OCR: SEC08-08VA-2022-02-19.pdf
    [1678/2481] OCR: SEC08-09NA-2022-02-19.pdf
    [1679/2481] OCR: SEC08-10MA-2022-02-19.pdf
    [1680/2481] OCR: SEC08-11RA-2022-02-19.pdf
    [1681/2481] OCR: SEC08-12DA-2022-02-19.pdf
    [1682/2481] OCR: SEC08-13RA-2022-02-19.pdf
    [1683/2481] OCR: SEC08-14TA-2022-02-19.pdf
    [1684/2481] OCR: SEC08-15TA-2022-02-19.pdf
    [1685/2481] OCR: SEC08-16TA-2022-02-19.pdf
    [1686/2481] OCR: SEC08-17MA-2022-02-19.pdf
    [1687/2481] OCR: SEC08-18VA-2022-02-19.pdf
    [1688/2481] OCR: SEC08-20VA-2022-02-19.pdf
    [1689/2481] OCR: SEC08-21VA-2022-02-19.pdf
    [1690/2481] OCR: SEC08-22VA-2022-02-19.pdf
    [1691/2481] OCR: SEC08-23RA-2022-02-19.pdf
    [1692/2481] OCR: SEC08-24VA-2022-02-19.pdf
    [1693/2481] OCR: SEC08-26TA-2022-02-19.pdf
    [1694/2481] OCR: SEC09-08VA-2022-02-26.pdf
    [1695/2481] OCR: SEC09-09NA-2022-02-26.pdf
    [1696/2481] OCR: SEC09-10MA-2022-02-26.pdf
    [1697/2481] OCR: SEC09-11RA-2022-02-26.pdf
    [1698/2481] OCR: SEC09-13RA-2022-02-26.pdf
    [1699/2481] OCR: SEC09-14TA-2022-02-26.pdf
    [1700/2481] OCR: SEC09-15TA-2022-02-26.pdf
    [1701/2481] OCR: SEC09-16TA-2022-02-26.pdf
    [1702/2481] OCR: SEC09-17VA-2022-02-26.pdf
    [1703/2481] OCR: SEC09-18VA-2022-02-26.pdf
    [1704/2481] OCR: SEC09-19VA-2022-02-26.pdf
    [1705/2481] OCR: SEC09-20VA-2022-02-26.pdf
    [1706/2481] OCR: SEC10-09NA-2022-03-05.pdf
    [1707/2481] OCR: SEC10-10MA-2022-03-05.pdf
    [1708/2481] OCR: SEC10-11RA-2022-03-05.pdf
    [1709/2481] OCR: SEC10-12DA-2022-03-05.pdf
    [1710/2481] OCR: SEC10-13RA-2022-03-05.pdf
    [1711/2481] OCR: SEC10-14TA-2022-03-05.pdf
    [1712/2481] OCR: SEC10-15TA-2022-03-05.pdf
    [1713/2481] OCR: SEC10-16TA-2022-03-05.pdf
    [1714/2481] OCR: SEC10-17MA-2022-03-05.pdf
    [1715/2481] OCR: SEC10-18VA-2022-03-05.pdf
    [1716/2481] OCR: SEC10-19NA-2022-03-05.pdf
    [1717/2481] OCR: SEC10-20MA-2022-03-05.pdf
    [1718/2481] OCR: SEC10-21VA-2022-03-05.pdf
    [1719/2481] OCR: SEC10-22VA-2022-03-05.pdf
    [1720/2481] OCR: SEC10-23VA-2022-03-05.pdf
    [1721/2481] OCR: SEC10-24TA-2022-03-05.pdf
    [1722/2481] OCR: SEC10-25TA-2022-03-05.pdf
    [1723/2481] OCR: SEC11-06TA-2022-03-12.pdf
    [1724/2481] OCR: SEC11-07MA-2022-03-12.pdf
    [1725/2481] OCR: SEC11-08VA-2022-03-12.pdf
    [1726/2481] OCR: SEC11-09NA-2022-03-12.pdf
    [1727/2481] OCR: SEC11-10MA-2022-03-12.pdf
    [1728/2481] OCR: SEC11-11RA-2022-03-12.pdf
    [1729/2481] OCR: SEC11-12DA-2022-03-12.pdf
    [1730/2481] OCR: SEC11-13RA-2022-03-12.pdf
    [1731/2481] OCR: SEC11-14TA-2022-03-12.pdf
    [1732/2481] OCR: SEC11-15TA-2022-03-12.pdf
    [1733/2481] OCR: SEC11-16TA-2022-03-12.pdf
    [1734/2481] OCR: SEC11-17VA-2022-03-12.pdf
    [1735/2481] OCR: SEC11-18VA-2022-03-12.pdf
    [1736/2481] OCR: SEC11-19VA-2022-03-12.pdf
    [1737/2481] OCR: SEC11-20VA-2022-03-12.pdf
    [1738/2481] OCR: SEC11-21VA-2022-03-12.pdf
    [1739/2481] OCR: SEC11-22VA-2022-03-12.pdf
    [1740/2481] OCR: SEC11-23RA-2022-03-12.pdf
    [1741/2481] OCR: SEC12-06TA-2022-03-19.pdf
    [1742/2481] OCR: SEC12-07MA-2022-03-19.pdf
    [1743/2481] OCR: SEC12-08VA-2022-03-19.pdf
    [1744/2481] OCR: SEC12-09NA-2022-03-19.pdf
    [1745/2481] OCR: SEC12-10MA-2022-03-19.pdf
    [1746/2481] OCR: SEC12-11RA-2022-03-19.pdf
    [1747/2481] OCR: SEC12-12DA-2022-03-19.pdf
    [1748/2481] OCR: SEC12-13RA-2022-03-19.pdf
    [1749/2481] OCR: SEC12-14TA-2022-03-19.pdf
    [1750/2481] OCR: SEC12-15TA-2022-03-19.pdf
    [1751/2481] OCR: SEC12-16TA-2022-03-19.pdf
    [1752/2481] OCR: SEC12-17MA-2022-03-19.pdf
    [1753/2481] OCR: SEC12-18VA-2022-03-19.pdf
    [1754/2481] OCR: SEC12-20VA-2022-03-19.pdf
    [1755/2481] OCR: SEC12-21VA-2022-03-19.pdf
    [1756/2481] OCR: SEC12-22VA-2022-03-19.pdf
    [1757/2481] OCR: SEC12-23VA-2022-03-19.pdf
    [1758/2481] OCR: SEC12-24VA-2022-03-19.pdf
    [1759/2481] OCR: SEC12-25VA-2022-03-19.pdf
    [1760/2481] OCR: SEC12-26TA-2022-03-19.pdf
    [1761/2481] OCR: SEC12-27MA-2022-03-19.pdf
    [1762/2481] OCR: SEC12-28VA-2022-03-19.pdf
    [1763/2481] OCR: SEC15-05TA-2022-04-09.pdf
    [1764/2481] OCR: SEC15-06TA-2022-04-09.pdf
    [1765/2481] OCR: SEC15-07MA-2022-04-09.pdf
    [1766/2481] OCR: SEC15-08VA-2022-04-09.pdf
    [1767/2481] OCR: SEC15-09NA-2022-04-09.pdf
    [1768/2481] OCR: SEC15-10MA-2022-04-09.pdf
    [1769/2481] OCR: SEC15-11RA-2022-04-09.pdf
    [1770/2481] OCR: SEC15-12DA-2022-04-09.pdf
    [1771/2481] OCR: SEC15-17VA-2022-04-09.pdf
    [1772/2481] OCR: SEC15-18VA-2022-04-09.pdf
    [1773/2481] OCR: SEC15-19VA-2022-04-09.pdf
    [1774/2481] OCR: SEC15-20VA-2022-04-09.pdf
    [1775/2481] OCR: SEC15-21VA-2022-04-09.pdf
    [1776/2481] OCR: SEC15-22VA-2022-04-09.pdf
    [1777/2481] OCR: SEC15-23VA-2022-04-09.pdf
    [1778/2481] OCR: SEC16-07MA-2022-04-16.pdf
    [1779/2481] OCR: SEC16-08VA-2022-04-16.pdf
    [1780/2481] OCR: SEC16-09NA-2022-04-16.pdf
    [1781/2481] OCR: SEC16-10MA-2022-04-16.pdf
    [1782/2481] OCR: SEC16-11RA-2022-04-16.pdf
    [1783/2481] OCR: SEC16-12DA-2022-04-16.pdf
    [1784/2481] OCR: SEC16-13RA-2022-04-16.pdf
    [1785/2481] OCR: SEC16-14TA-2022-04-16.pdf
    [1786/2481] OCR: SEC16-15TA-2022-04-16.pdf
    [1787/2481] OCR: SEC16-16TA-2022-04-16.pdf
    [1788/2481] OCR: SEC17-07MA-2022-04-23.pdf
    [1789/2481] OCR: SEC34-02DA-2022-08-20.pdf
    [1790/2481] OCR: SEC34-03RA-2022-08-20.pdf
    [1791/2481] OCR: EXT-DEC751-2022-12-15.pdf
    [1792/2481] OCR: EXT-DEC856-2023-02-21.pdf
    [1793/2481] OCR: SEC06-05TA-2023-02-11.pdf
    [1794/2481] OCR: SEC06-06TA-2023-02-11.pdf
    [1795/2481] OCR: SEC06-07MA-2023-02-11.pdf
    [1796/2481] OCR: SEC06-09NA-2023-02-11.pdf
    [1797/2481] OCR: SEC06-10MA-2023-02-11.pdf
    [1798/2481] OCR: SEC07-04TA-2023-02-18.pdf
    [1799/2481] OCR: SEC07-05TA-2023-02-18.pdf
    [1800/2481] OCR: SEC07-07MA-2023-02-18.pdf
    [1801/2481] OCR: SEC07-08VA-2023-02-18.pdf
    [1802/2481] OCR: SEC08-07MA-2023-02-25.pdf
    [1803/2481] OCR: SEC08-08VA-2023-02-25.pdf
    [1804/2481] OCR: SEC08-09NA-2023-02-25.pdf
    [1805/2481] OCR: SEC08-10MA-2023-02-25.pdf
    [1806/2481] OCR: SEC08-11RA-2023-02-25.pdf
    [1807/2481] OCR: SEC08-12DA-2023-02-25.pdf
    [1808/2481] OCR: SEC08-13VA-2023-02-25.pdf
    [1809/2481] OCR: SEC08-14TA-2023-02-25.pdf
    [1810/2481] OCR: SEC08-15TA-2023-02-25.pdf
    [1811/2481] OCR: SEC08-16TA-2023-02-25.pdf
    [1812/2481] OCR: SEC08-17MA-2023-02-25.pdf
    [1813/2481] OCR: SEC08-18VA-2023-02-25.pdf
    [1814/2481] OCR: SEC08-19NA-2023-02-25.pdf
    [1815/2481] OCR: SEC09-08VA-2023-03-04.pdf
    [1816/2481] OCR: SEC09-09NA-2023-03-04.pdf
    [1817/2481] OCR: SEC09-10MA-2023-03-04.pdf
    [1818/2481] OCR: SEC09-11RA-2023-03-04.pdf
    [1819/2481] OCR: SEC09-12DA-2023-03-04.pdf
    [1820/2481] OCR: SEC09-13RA-2023-03-04.pdf
    [1821/2481] OCR: SEC09-14TA-2023-03-04.pdf
    [1822/2481] OCR: SEC09-15TA-2023-03-04.pdf
    [1823/2481] OCR: SEC09-16TA-2023-03-04.pdf
    [1824/2481] OCR: SEC09-17VA-2023-03-04.pdf
    [1825/2481] OCR: SEC10-04TA-2023-03-11.pdf
    [1826/2481] OCR: SEC10-05TA-2023-03-11.pdf