[reocr] casos P-02: 37

[guanajuato] 37 casos
  [skip] san_diego_de_la_union/2024: no en segment.csv
  pdf_raw únicos a re-OCR: 26
  muni-años a re-segmentar: 36

  ── re-OCR 26 PDFs únicos ──
  [1/26] 2017_11502_Periódico_Número_225_Sexta_Parte_ocr.pdf
    ocrmypdf 2017_11502_Periódico_Número_225_Sexta_Parte_ocr.pdf → data\guanajuato\pdf_ocr_full\2017_11502_Periódico_Número_225_Sexta_Parte_ocr.pdf
      OK (127.3s)
  [2/26] 2022_15505_Periódico_Numero_260_Tercera_Parte_ocr.pdf
    ocrmypdf 2022_15505_Periódico_Numero_260_Tercera_Parte_ocr.pdf → data\guanajuato\pdf_ocr_full\2022_15505_Periódico_Numero_260_Tercera_Parte_ocr.pdf
      OK (132.6s)
  [3/26] 2022_15530_Periodico_Numero_260_Décima_Primera_Parte_ocr.pdf
    ocrmypdf 2022_15530_Periodico_Numero_260_Décima_Primera_Parte_ocr.pdf → data\guanajuato\pdf_ocr_full\2022_15530_Periodico_Numero_260_Décima_Primera_Parte_ocr.pdf
      OK (164.1s)
  [4/26] 2023_16356_Periodico_Numero_261_Primera_Parte_ocr.pdf
    ocrmypdf 2023_16356_Periodico_Numero_261_Primera_Parte_ocr.pdf → data\guanajuato\pdf_ocr_full\2023_16356_Periodico_Numero_261_Primera_Parte_ocr.pdf
      OK (104.7s)
  [5/26] 2023_16360_Periodico_Numero_261_Sexta_Parte_ocr.pdf
    ocrmypdf 2023_16360_Periodico_Numero_261_Sexta_Parte_ocr.pdf → data\guanajuato\pdf_ocr_full\2023_16360_Periodico_Numero_261_Sexta_Parte_ocr.pdf
      OK (86.9s)
  [6/26] 2023_16362_Periodico_Numero_261_Septima_Parte_ocr.pdf
    ocrmypdf 2023_16362_Periodico_Numero_261_Septima_Parte_ocr.pdf → data\guanajuato\pdf_ocr_full\2023_16362_Periodico_Numero_261_Septima_Parte_ocr.pdf
      OK (117.7s)
  [7/26] 2023_16363_Periodico_Numero_261_Octava_Parte_ocr.pdf
    ocrmypdf 2023_16363_Periodico_Numero_261_Octava_Parte_ocr.pdf → data\guanajuato\pdf_ocr_full\2023_16363_Periodico_Numero_261_Octava_Parte_ocr.pdf
      OK (63.1s)
  [8/26] 2023_16419_Periodico_Numero_261_Decima_Sexta_Parte_ocr.pdf
    ocrmypdf 2023_16419_Periodico_Numero_261_Decima_Sexta_Parte_ocr.pdf → data\guanajuato\pdf_ocr_full\2023_16419_Periodico_Numero_261_Decima_Sexta_Parte_ocr.pdf
      OK (85.0s)
  [9/26] 2024_17194_Periódico_Número_261_Segunda_Parte_ocr.pdf
    ocrmypdf 2024_17194_Periódico_Número_261_Segunda_Parte_ocr.pdf → data\guanajuato\pdf_ocr_full\2024_17194_Periódico_Número_261_Segunda_Parte_ocr.pdf
      OK (101.2s)
  [10/26] 2024_17195_Periódico_Número_261_Tercera_Parte_ocr.pdf
    ocrmypdf 2024_17195_Periódico_Número_261_Tercera_Parte_ocr.pdf → data\guanajuato\pdf_ocr_full\2024_17195_Periódico_Número_261_Tercera_Parte_ocr.pdf
      OK (122.7s)
  [11/26] 2024_17196_Periódico_Número_261_Novena_Parte_ocr.pdf
    ocrmypdf 2024_17196_Periódico_Número_261_Novena_Parte_ocr.pdf → data\guanajuato\pdf_ocr_full\2024_17196_Periódico_Número_261_Novena_Parte_ocr.pdf
      OK (98.7s)
  [12/26] 2024_17197_Periódico_Número_261_Décima_Parte_ocr.pdf
    ocrmypdf 2024_17197_Periódico_Número_261_Décima_Parte_ocr.pdf → data\guanajuato\pdf_ocr_full\2024_17197_Periódico_Número_261_Décima_Parte_ocr.pdf
      OK (116.3s)
  [13/26] 2024_17202_Periódico_Número_261_Décima_Octava_Parte_ocr.pdf
    ocrmypdf 2024_17202_Periódico_Número_261_Décima_Octava_Parte_ocr.pdf → data\guanajuato\pdf_ocr_full\2024_17202_Periódico_Número_261_Décima_Octava_Parte_ocr.pdf
      OK (162.3s)
  [14/26] 2024_17215_Periódico_Número_261_Vigésima_Cuarta_Parte_ocr.pdf
    ocrmypdf 2024_17215_Periódico_Número_261_Vigésima_Cuarta_Parte_ocr.pdf → data\guanajuato\pdf_ocr_full\2024_17215_Periódico_Número_261_Vigésima_Cuarta_Parte_ocr.pdf
      OK (134.6s)
  [15/26] 2024_17242_Periódico_Número_261_Décima_Novena_Parte_ocr.pdf
    ocrmypdf 2024_17242_Periódico_Número_261_Décima_Novena_Parte_ocr.pdf → data\guanajuato\pdf_ocr_full\2024_17242_Periódico_Número_261_Décima_Novena_Parte_ocr.pdf
      OK (80.8s)
  [16/26] 2020_13869_Periodico_Numero_261_Vigesima_Parte.pdf
    ocrmypdf 2020_13869_Periodico_Numero_261_Vigesima_Parte.pdf → data\guanajuato\pdf_ocr_full\2020_13869_Periodico_Numero_261_Vigesima_Parte_ocr.pdf
      FAIL: 2
      stderr: DigitalSignatureError: Input PDF has a digital signature. OCR would alter the document,
invalidating the signature.


      FALLÓ — quedará sin re-segment
  [17/26] 2020_13872_Periodico_Numero_261_Decima_Novena_Parte.pdf
    ocrmypdf 2020_13872_Periodico_Numero_261_Decima_Novena_Parte.pdf → data\guanajuato\pdf_ocr_full\2020_13872_Periodico_Numero_261_Decima_Novena_Parte_ocr.pdf
      FAIL: 2
      stderr: DigitalSignatureError: Input PDF has a digital signature. OCR would alter the document,
invalidating the signature.


      FALLÓ — quedará sin re-segment
  [18/26] 2020_13910_Periodico_Numero_260_Segunda_Parte.pdf
    ocrmypdf 2020_13910_Periodico_Numero_260_Segunda_Parte.pdf → data\guanajuato\pdf_ocr_full\2020_13910_Periodico_Numero_260_Segunda_Parte_ocr.pdf
      FAIL: 2
      stderr: DigitalSignatureError: Input PDF has a digital signature. OCR would alter the document,
invalidating the signature.


      FALLÓ — quedará sin re-segment
  [19/26] 2025_17973_Periódico_Número_260_Décima_Quinta_Parte.pdf
    ocrmypdf 2025_17973_Periódico_Número_260_Décima_Quinta_Parte.pdf → data\guanajuato\pdf_ocr_full\2025_17973_Periódico_Número_260_Décima_Quinta_Parte_ocr.pdf
      OK (149.2s)
  [20/26] 2025_17974_Periódico_Número_260_Décima_Sexta_Parte.pdf
    ocrmypdf 2025_17974_Periódico_Número_260_Décima_Sexta_Parte.pdf → data\guanajuato\pdf_ocr_full\2025_17974_Periódico_Número_260_Décima_Sexta_Parte_ocr.pdf
      OK (122.9s)
  [21/26] 2025_17981_Periódico_Número_260_Octava_Parte.pdf
    ocrmypdf 2025_17981_Periódico_Número_260_Octava_Parte.pdf → data\guanajuato\pdf_ocr_full\2025_17981_Periódico_Número_260_Octava_Parte_ocr.pdf
      OK (147.4s)
  [22/26] 2025_17982_Periódico_Número_260_Novena_Parte.pdf
    ocrmypdf 2025_17982_Periódico_Número_260_Novena_Parte.pdf → data\guanajuato\pdf_ocr_full\2025_17982_Periódico_Número_260_Novena_Parte_ocr.pdf
      OK (137.3s)
  [23/26] 2025_17983_Periódico_Número_260_Décima_Parte.pdf
    ocrmypdf 2025_17983_Periódico_Número_260_Décima_Parte.pdf → data\guanajuato\pdf_ocr_full\2025_17983_Periódico_Número_260_Décima_Parte_ocr.pdf
      OK (115.4s)
  [24/26] 2025_17984_Periódico_Número_260_Décima_Primera_Parte.pdf
    ocrmypdf 2025_17984_Periódico_Número_260_Décima_Primera_Parte.pdf → data\guanajuato\pdf_ocr_full\2025_17984_Periódico_Número_260_Décima_Primera_Parte_ocr.pdf
      OK (136.9s)
  [25/26] 2025_17986_Periódico_Número_260_Décima_Octava_Parte.pdf
    ocrmypdf 2025_17986_Periódico_Número_260_Décima_Octava_Parte.pdf → data\guanajuato\pdf_ocr_full\2025_17986_Periódico_Número_260_Décima_Octava_Parte_ocr.pdf
      OK (162.5s)
  [26/26] 2025_18008_Periódico_Número_260_Vigésima_Cuarta_Parte.pdf
    ocrmypdf 2025_18008_Periódico_Número_260_Vigésima_Cuarta_Parte.pdf → data\guanajuato\pdf_ocr_full\2025_18008_Periódico_Número_260_Vigésima_Cuarta_Parte_ocr.pdf
Traceback (most recent call last):
  File "<frozen runpy>", line 198, in _run_module_as_main
  File "<frozen runpy>", line 88, in _run_code
  File "C:\Users\gibra\OneDrive\Documents\Thesis\predial-mx\scripts\reocr_and_resegment.py", line 310, in <module>
    raise SystemExit(main())
                     ^^^^^^
  File "C:\Users\gibra\OneDrive\Documents\Thesis\predial-mx\scripts\reocr_and_resegment.py", line 291, in main
    ok, msg = _resegment_one(estado, anio, slug, ocr_path, seg_row)
              ^^^^^^^^^^^^^^^^^^^^^^^^^^^^^^^^^^^^^^^^^^^^^^^^^^^^^
  File "C:\Users\gibra\OneDrive\Documents\Thesis\predial-mx\scripts\reocr_and_resegment.py", line 143, in _resegment_one
    from src.estados.guanajuato.segment import find_predial_in_window
ImportError: cannot import name 'find_predial_in_window' from 'src.estados.guanajuato.segment' (C:\Users\gibra\OneDrive\Documents\Thesis\predial-mx\src\estados\guanajuato\segment.py). Did you mean: 'find_predial_section'?
      OK (126.6s)

  ── re-segmentar 36 muni-años ──
