[reocr] casos P-02: 37

[guanajuato] 37 casos
  [skip] san_diego_de_la_union/2024: no en segment.csv
  pdf_raw únicos a re-OCR: 26
  muni-años a re-segmentar: 36

  ── re-OCR 26 PDFs únicos ──
  [1/26] 2017_11502_Periódico_Número_225_Sexta_Parte_ocr.pdf → ya existe, skip
  [2/26] 2022_15505_Periódico_Numero_260_Tercera_Parte_ocr.pdf → ya existe, skip
  [3/26] 2022_15530_Periodico_Numero_260_Décima_Primera_Parte_ocr.pdf → ya existe, skip
  [4/26] 2023_16356_Periodico_Numero_261_Primera_Parte_ocr.pdf → ya existe, skip
  [5/26] 2023_16360_Periodico_Numero_261_Sexta_Parte_ocr.pdf → ya existe, skip
  [6/26] 2023_16362_Periodico_Numero_261_Septima_Parte_ocr.pdf → ya existe, skip
  [7/26] 2023_16363_Periodico_Numero_261_Octava_Parte_ocr.pdf → ya existe, skip
  [8/26] 2023_16419_Periodico_Numero_261_Decima_Sexta_Parte_ocr.pdf → ya existe, skip
  [9/26] 2024_17194_Periódico_Número_261_Segunda_Parte_ocr.pdf → ya existe, skip
  [10/26] 2024_17195_Periódico_Número_261_Tercera_Parte_ocr.pdf → ya existe, skip
  [11/26] 2024_17196_Periódico_Número_261_Novena_Parte_ocr.pdf → ya existe, skip
  [12/26] 2024_17197_Periódico_Número_261_Décima_Parte_ocr.pdf → ya existe, skip
  [13/26] 2024_17202_Periódico_Número_261_Décima_Octava_Parte_ocr.pdf → ya existe, skip
  [14/26] 2024_17215_Periódico_Número_261_Vigésima_Cuarta_Parte_ocr.pdf → ya existe, skip
  [15/26] 2024_17242_Periódico_Número_261_Décima_Novena_Parte_ocr.pdf → ya existe, skip
  [16/26] 2020_13869_Periodico_Numero_261_Vigesima_Parte.pdf
    ocrmypdf 2020_13869_Periodico_Numero_261_Vigesima_Parte.pdf → data\guanajuato\pdf_ocr_full\2020_13869_Periodico_Numero_261_Vigesima_Parte_ocr.pdf
      retry con --invalidate-digital-signatures...
      OK (84.4s) (sig invalidated)
  [17/26] 2020_13872_Periodico_Numero_261_Decima_Novena_Parte.pdf
    ocrmypdf 2020_13872_Periodico_Numero_261_Decima_Novena_Parte.pdf → data\guanajuato\pdf_ocr_full\2020_13872_Periodico_Numero_261_Decima_Novena_Parte_ocr.pdf
      retry con --invalidate-digital-signatures...
      OK (117.6s) (sig invalidated)
  [18/26] 2020_13910_Periodico_Numero_260_Segunda_Parte.pdf
    ocrmypdf 2020_13910_Periodico_Numero_260_Segunda_Parte.pdf → data\guanajuato\pdf_ocr_full\2020_13910_Periodico_Numero_260_Segunda_Parte_ocr.pdf
      retry con --invalidate-digital-signatures...
      OK (8.5s) (sig invalidated)
  [19/26] 2025_17973_Periódico_Número_260_Décima_Quinta_Parte.pdf → ya existe, skip
  [20/26] 2025_17974_Periódico_Número_260_Décima_Sexta_Parte.pdf → ya existe, skip
  [21/26] 2025_17981_Periódico_Número_260_Octava_Parte.pdf → ya existe, skip
  [22/26] 2025_17982_Periódico_Número_260_Novena_Parte.pdf → ya existe, skip
  [23/26] 2025_17983_Periódico_Número_260_Décima_Parte.pdf → ya existe, skip
  [24/26] 2025_17984_Periódico_Número_260_Décima_Primera_Parte.pdf → ya existe, skip
  [25/26] 2025_17986_Periódico_Número_260_Décima_Octava_Parte.pdf → ya existe, skip
  [26/26] 2025_18008_Periódico_Número_260_Vigésima_Cuarta_Parte.pdf → ya existe, skip

  ── re-segmentar 36 muni-años ──
  [OK] yuriria/2018: resegmentado pg 2-2 (354 chars, method=fallback_18pp)
  [OK] uriangato/2020: resegmentado pg 44-57 (8872 chars, method=seccion_predial)
  [OK] san_francisco_del_rincon/2021: resegmentado pg 5-8 (6430 chars, method=fallback_18pp)
  [OK] victoria/2021: resegmentado pg 29-36 (7061 chars, method=seccion_predial)
  [OK] comonfort/2023: resegmentado pg 35-45 (5294 chars, method=seccion_predial)
  [OK] jerecuaro/2023: resegmentado pg 93-102 (4588 chars, method=seccion_predial)
  [OK] acambaro/2024: resegmentado pg 36-83 (22621 chars, method=seccion_predial)
  [OK] celaya/2024: resegmentado pg 101-125 (15000 chars, method=seccion_predial)
  [OK] jaral_del_progreso/2024: resegmentado pg 17-24 (5079 chars, method=seccion_predial)
  [OK] purisima_del_rincon/2024: resegmentado pg 32-42 (4536 chars, method=seccion_predial)
  [OK] salamanca/2024: resegmentado pg 175-184 (4901 chars, method=seccion_predial)
  [OK] salvatierra/2024: resegmentado pg 22-30 (5893 chars, method=seccion_predial)
  [OK] abasolo/2025: resegmentado pg 25-36 (6158 chars, method=seccion_predial)
  [OK] acambaro/2025: resegmentado pg 109-126 (6940 chars, method=fallback_18pp)
  [OK] apaseo_el_alto/2025: resegmentado pg 18-25 (6476 chars, method=seccion_predial)
  [OK] apaseo_el_grande/2025: resegmentado pg 124-180 (61918 chars, method=seccion_predial)
  [OK] comonfort/2025: resegmentado pg 24-33 (5749 chars, method=seccion_predial)
  [OK] cortazar/2025: resegmentado pg 22-78 (22839 chars, method=seccion_predial)
  [OK] cueramaro/2025: resegmentado pg 104-113 (5339 chars, method=seccion_predial)
  [OK] dolores_hidalgo_cuna_de_la_independencia_nacional/2025: resegmentado pg 229-236 (6704 chars, method=seccion_predial)
  [OK] salamanca/2025: resegmentado pg 111-121 (8072 chars, method=seccion_predial)
  [OK] san_diego_de_la_union/2025: resegmentado pg 41-48 (3619 chars, method=seccion_predial)
  [OK] san_felipe/2025: resegmentado pg 129-137 (4843 chars, method=seccion_predial)
  [OK] santiago_maravatio/2025: resegmentado pg 230-239 (8469 chars, method=seccion_predial)
  [OK] tierra_blanca/2025: resegmentado pg 108-111 (3213 chars, method=fallback_18pp)
  [OK] valle_de_santiago/2025: resegmentado pg 210-217 (6939 chars, method=fallback_18pp)
  [OK] cortazar/2026: resegmentado pg 160-169 (5108 chars, method=seccion_predial)
  [OK] dolores_hidalgo_cuna_de_la_independencia_nacional/2026: resegmentado pg 165-172 (8554 chars, method=seccion_predial)
  [OK] guanajuato/2026: resegmentado pg 29-49 (17955 chars, method=seccion_predial)
  [OK] irapuato/2026: resegmentado pg 44-54 (15000 chars, method=seccion_predial)
  [OK] moroleon/2026: resegmentado pg 46-62 (18186 chars, method=seccion_predial)
  [OK] purisima_del_rincon/2026: resegmentado pg 35-64 (17789 chars, method=seccion_predial)
  [OK] salvatierra/2026: resegmentado pg 19-27 (9125 chars, method=seccion_predial)
  [OK] san_luis_de_la_paz/2026: resegmentado pg 21-31 (10821 chars, method=seccion_predial)
  [OK] santa_catarina/2026: resegmentado pg 127-137 (7741 chars, method=seccion_predial)
  [OK] santa_cruz_de_juventino_rosas/2026: resegmentado pg 198-208 (9483 chars, method=seccion_predial)

============================================================
[reocr] PDFs re-OCRd: 3
[reocr] muni-años re-segmentados: 36
[reocr] muni-años fallidos: 0
============================================================

Siguiente paso: scripts/reprocess_municipios.py --from-bitacora --patron P-02
