
############################################################
  ESTADO: SANLUISPOTOSI
  Ejercicios: 2010–2025
  OCR: sí
  Pasos: segment
############################################################

────────────────────────────────────────
  Paso: segment
────────────────────────────────────────
═══ San Luis Potosí: Segmentación predial ═══

  ── Resumen segmentación ──
  Total:    575
  Exacta:   572
  Fallback: 3
  Errores:  0
  Desde OCR: 77
  Bitácora: data\sanluispotosi\meta\segment.csv
  ✓ segment completado en 105.4s

============================================================
  ✓ Pipeline completado para 1 estado(s) en 105.4s
============================================================
