
############################################################
  ESTADO: SANLUISPOTOSI
  Ejercicios: 2010–2025
  OCR: no
  Pasos: download, master, segment
############################################################

────────────────────────────────────────
  Paso: download
────────────────────────────────────────
═══ San Luis Potosí: Descarga de PDFs del PO ═══
    Ejercicios: 2010-2025
  [2010] búsqueda 2009-11-01..2010-02-28: 16 leyes municipales
    [ERROR] id=3388 vanegas: error:HTTPError
    [ERROR] id=3389 villa_de_ramos: error:HTTPError
    [ERROR] id=3399 venado: error:HTTPError
    [ERROR] id=3446 ahualulco_del_sonido_13: error:HTTPError
    [ERROR] id=3447 cedral: error:HTTPError
    [ERROR] id=3448 san_luis_potosi: error:HTTPError
    [ERROR] id=3449 tampacan: error:HTTPError
    [ERROR] id=3450 tancanhuitz: error:HTTPError
    [ERROR] id=3451 tanquian_de_escobedo: error:HTTPError
    [ERROR] id=3452 villa_de_arriaga: error:HTTPError
    [ERROR] id=3453 villa_de_la_paz: error:HTTPError
    [ERROR] id=3454 villa_de_reyes: error:HTTPError
    [ERROR] id=3455 villa_hidalgo: error:HTTPError
    [ERROR] id=3456 villa_juarez: error:HTTPError
    [ERROR] id=3457 xilitla: error:HTTPError
    [ERROR] id=3458 zaragoza: error:HTTPError
  [2011] búsqueda 2010-11-01..2011-02-28: 58 leyes municipales
    [ERROR] id=3879 ahualulco_del_sonido_13: error:HTTPError
    [ERROR] id=3880 alaquines: error:HTTPError
    [ERROR] id=3881 aquismon: error:HTTPError
    [ERROR] id=3882 armadillo_de_los_infante: error:HTTPError
    [ERROR] id=3883 axtla_de_terrazas: error:HTTPError
    [ERROR] id=3884 cardenas: error:HTTPError
    [ERROR] id=3885 catorce: error:HTTPError
    [ERROR] id=3886 cedral: error:HTTPError
    [ERROR] id=3887 cerritos: error:HTTPError
    [ERROR] id=3888 cerro_de_san_pedro: error:HTTPError
    [ERROR] id=3889 charcas: error:HTTPError
    [ERROR] id=3890 ciudad_del_maiz: error:HTTPError
    [ERROR] id=3891 ciudad_fernandez: error:HTTPError
    [ERROR] id=3892 ciudad_valles: error:HTTPError
    [ERROR] id=3893 coxcatlan: error:HTTPError
    [ERROR] id=3894 ebano: error:HTTPError
    [ERROR] id=3895 el_naranjo: error:HTTPError
    [ERROR] id=3896 guadalcazar: error:HTTPError
    [ERROR] id=3897 huehuetlan: error:HTTPError
    [ERROR] id=3898 lagunillas: error:HTTPError
    [ERROR] id=3899 matehuala: error:HTTPError
    [ERROR] id=3900 matlapa: error:HTTPError
    [ERROR] id=3901 mexquitic_de_carmona: error:HTTPError
    [ERROR] id=3902 moctezuma: error:HTTPError
    [ERROR] id=3903 rayon: error:HTTPError
    [ERROR] id=3904 rioverde: error:HTTPError
    [ERROR] id=3905 salinas: error:HTTPError
    [ERROR] id=3906 san_antonio: error:HTTPError
    [ERROR] id=3907 san_ciro_de_acosta: error:HTTPError
    [ERROR] id=3908 san_luis_potosi: error:HTTPError
    [ERROR] id=3909 san_martin_chalchicuautla: error:HTTPError
    [ERROR] id=3910 san_nicolas_tolentino: error:HTTPError
    [ERROR] id=3911 san_vicente_tancuayalab: error:HTTPError
    [ERROR] id=3912 santa_catarina: error:HTTPError
    [ERROR] id=3913 santa_maria_del_rio: error:HTTPError
    [ERROR] id=3914 santo_domingo: error:HTTPError
    [ERROR] id=3915 soledad_de_graciano_sanchez: error:HTTPError
    [ERROR] id=3916 tamasopo: error:HTTPError
    [ERROR] id=3917 tamazunchale: error:HTTPError
    [ERROR] id=3918 tampacan: error:HTTPError
    [ERROR] id=3919 tampamolon_corona: error:HTTPError
    [ERROR] id=3920 tamuin: error:HTTPError
    [ERROR] id=3921 tancanhuitz: error:HTTPError
    [ERROR] id=3922 tanlajas: error:HTTPError
    [ERROR] id=3923 tanquian_de_escobedo: error:HTTPError
    [ERROR] id=3924 tierra_nueva: error:HTTPError
    [ERROR] id=3925 vanegas: error:HTTPError
    [ERROR] id=3926 venado: error:HTTPError
    [ERROR] id=3927 villa_de_arista: error:HTTPError
    [ERROR] id=3928 villa_de_arriaga: error:HTTPError
    [ERROR] id=3929 villa_de_guadalupe: error:HTTPError
    [ERROR] id=3930 venado: error:HTTPError
    [ERROR] id=3931 villa_de_ramos: error:HTTPError
    [ERROR] id=3932 villa_de_reyes: error:HTTPError
    [ERROR] id=3933 villa_hidalgo: error:HTTPError
    [ERROR] id=3934 villa_juarez: error:HTTPError
    [ERROR] id=3935 xilitla: error:HTTPError
    [ERROR] id=3936 zaragoza: error:HTTPError
  [2012] búsqueda 2011-11-01..2012-02-28: 51 leyes municipales
    Descargado: SLP_RAW_2012_ahualulco_del_sonido_13.pdf
    Descargado: SLP_RAW_2012_alaquines.pdf
    Descargado: SLP_RAW_2012_aquismon.pdf
    Descargado: SLP_RAW_2012_armadillo_de_los_infante.pdf
    Descargado: SLP_RAW_2012_axtla_de_terrazas.pdf
    Descargado: SLP_RAW_2012_cardenas.pdf
    Descargado: SLP_RAW_2012_catorce.pdf
    Descargado: SLP_RAW_2012_cedral.pdf
    Descargado: SLP_RAW_2012_cerritos.pdf
    Descargado: SLP_RAW_2012_cerro_de_san_pedro.pdf
    Descargado: SLP_RAW_2012_charcas.pdf
    Descargado: SLP_RAW_2012_ciudad_del_maiz.pdf
    Descargado: SLP_RAW_2012_ciudad_fernandez.pdf
    Descargado: SLP_RAW_2012_coxcatlan.pdf
    Descargado: SLP_RAW_2012_ebano.pdf
    Descargado: SLP_RAW_2012_el_naranjo.pdf
    Descargado: SLP_RAW_2012_guadalcazar.pdf
    Descargado: SLP_RAW_2012_huehuetlan.pdf
    Descargado: SLP_RAW_2012_lagunillas.pdf
    Descargado: SLP_RAW_2012_matlapa.pdf
    Descargado: SLP_RAW_2012_mexquitic_de_carmona.pdf
    Descargado: SLP_RAW_2012_moctezuma.pdf
    Descargado: SLP_RAW_2012_rayon.pdf
    Descargado: SLP_RAW_2012_salinas.pdf
    Descargado: SLP_RAW_2012_san_antonio.pdf
    Descargado: SLP_RAW_2012_san_ciro_de_acosta.pdf
    Descargado: SLP_RAW_2012_san_martin_chalchicuautla.pdf
    Descargado: SLP_RAW_2012_san_nicolas_tolentino.pdf
    Descargado: SLP_RAW_2012_san_vicente_tancuayalab.pdf
    Descargado: SLP_RAW_2012_santa_catarina.pdf
    [ERROR] id=4298 santa_maria_del_rio: error:HTTPError
    Descargado: SLP_RAW_2012_santo_domingo.pdf
    Descargado: SLP_RAW_2012_tamasopo.pdf
    Descargado: SLP_RAW_2012_tampacan.pdf
    Descargado: SLP_RAW_2012_tampamolon_corona.pdf
    Descargado: SLP_RAW_2012_tancanhuitz.pdf
    Descargado: SLP_RAW_2012_tanlajas.pdf
    Descargado: SLP_RAW_2012_tanquian_de_escobedo.pdf
    Descargado: SLP_RAW_2012_tierra_nueva.pdf
    Descargado: SLP_RAW_2012_vanegas.pdf
    Descargado: SLP_RAW_2012_venado.pdf
    Descargado: SLP_RAW_2012_villa_de_arista.pdf
    Descargado: SLP_RAW_2012_villa_de_arriaga.pdf
    Descargado: SLP_RAW_2012_villa_de_guadalupe.pdf
    Descargado: SLP_RAW_2012_villa_de_la_paz.pdf
    Descargado: SLP_RAW_2012_villa_de_ramos.pdf
    Descargado: SLP_RAW_2012_villa_de_reyes.pdf
    Descargado: SLP_RAW_2012_villa_hidalgo.pdf
    Descargado: SLP_RAW_2012_villa_juarez.pdf
    Descargado: SLP_RAW_2012_xilitla.pdf
    Descargado: SLP_RAW_2012_zaragoza.pdf
  [2013] búsqueda 2012-11-01..2013-02-28: 39 leyes municipales
    Descargado: SLP_RAW_2013_armadillo_de_los_infante.pdf
    Descargado: SLP_RAW_2013_cedral.pdf
    Descargado: SLP_RAW_2013_cerritos.pdf
    Descargado: SLP_RAW_2013_cerro_de_san_pedro.pdf
    Descargado: SLP_RAW_2013_charcas.pdf
    Descargado: SLP_RAW_2013_ciudad_del_maiz.pdf
    Descargado: SLP_RAW_2013_ciudad_valles.pdf
    Descargado: SLP_RAW_2013_lagunillas.pdf
    Descargado: SLP_RAW_2013_matehuala.pdf
    Descargado: SLP_RAW_2013_moctezuma.pdf
    Descargado: SLP_RAW_2013_rioverde.pdf
    Descargado: SLP_RAW_2013_salinas.pdf
    Descargado: SLP_RAW_2013_san_antonio.pdf
    Descargado: SLP_RAW_2013_san_luis_potosi.pdf
    Descargado: SLP_RAW_2013_san_martin_chalchicuautla.pdf
    Descargado: SLP_RAW_2013_san_nicolas_tolentino.pdf
    Descargado: SLP_RAW_2013_santa_catarina.pdf
    [ERROR] id=4797 santa_maria_del_rio: error:HTTPError
    Descargado: SLP_RAW_2013_santo_domingo.pdf
    Descargado: SLP_RAW_2013_soledad_de_graciano_sanchez.pdf
    Descargado: SLP_RAW_2013_tamasopo.pdf
    Descargado: SLP_RAW_2013_tamazunchale.pdf
    Descargado: SLP_RAW_2013_tampacan.pdf
    Descargado: SLP_RAW_2013_tampamolon_corona.pdf
    Descargado: SLP_RAW_2013_tamuin.pdf
    Descargado: SLP_RAW_2013_tanlajas.pdf
    Descargado: SLP_RAW_2013_tanquian_de_escobedo.pdf
    Descargado: SLP_RAW_2013_tierra_nueva.pdf
    Descargado: SLP_RAW_2013_vanegas.pdf
    Descargado: SLP_RAW_2013_venado.pdf
    Descargado: SLP_RAW_2013_villa_de_arista.pdf
    Descargado: SLP_RAW_2013_villa_de_arriaga.pdf
    Descargado: SLP_RAW_2013_villa_de_guadalupe.pdf
    Descargado: SLP_RAW_2013_villa_de_la_paz.pdf
    Descargado: SLP_RAW_2013_villa_de_ramos.pdf
    Descargado: SLP_RAW_2013_villa_de_reyes.pdf
    Descargado: SLP_RAW_2013_villa_juarez.pdf
    Descargado: SLP_RAW_2013_xilitla.pdf
    Descargado: SLP_RAW_2013_zaragoza.pdf
  [2014] búsqueda 2013-11-01..2014-02-28: 40 leyes municipales
    Descargado: SLP_RAW_2014_alaquines.pdf
    [ERROR] id=5227 aquismon: error:HTTPError
    Descargado: SLP_RAW_2014_armadillo_de_los_infante.pdf
    Descargado: SLP_RAW_2014_axtla_de_terrazas.pdf
    [ERROR] id=5230 cardenas: error:HTTPError
    Descargado: SLP_RAW_2014_catorce.pdf
    Descargado: SLP_RAW_2014_cedral.pdf
    Descargado: SLP_RAW_2014_cerritos.pdf
    Descargado: SLP_RAW_2014_cerro_de_san_pedro.pdf
    Descargado: SLP_RAW_2014_charcas.pdf
    Descargado: SLP_RAW_2014_ciudad_del_maiz.pdf
    [ERROR] id=5237 ciudad_fernandez: error:HTTPError
    Descargado: SLP_RAW_2014_coxcatlan.pdf
    [ERROR] id=5239 ebano: error:HTTPError
    Descargado: SLP_RAW_2014_el_naranjo.pdf
    [ERROR] id=5241 guadalcazar: error:HTTPError
    [ERROR] id=5242 huehuetlan: error:HTTPError
    Descargado: SLP_RAW_2014_lagunillas.pdf
    Descargado: SLP_RAW_2014_matlapa.pdf
    Descargado: SLP_RAW_2014_mexquitic_de_carmona.pdf
    Descargado: SLP_RAW_2014_moctezuma.pdf
    [ERROR] id=5247 rayon: error:HTTPError
    [ERROR] id=5248 rioverde: error:HTTPError
    Descargado: SLP_RAW_2014_san_antonio.pdf
    [ERROR] id=5250 san_luis_potosi: error:HTTPError
    [ERROR] id=5251 san_martin_chalchicuautla: error:HTTPError
    [ERROR] id=5252 san_nicolas_tolentino: error:HTTPError
    Descargado: SLP_RAW_2014_san_vicente_tancuayalab.pdf
    Descargado: SLP_RAW_2014_santa_catarina.pdf
    Descargado: SLP_RAW_2014_santo_domingo.pdf
    [ERROR] id=5256 soledad_de_graciano_sanchez: error:HTTPError
    Descargado: SLP_RAW_2014_tamasopo.pdf
    Descargado: SLP_RAW_2014_tamazunchale.pdf
    [ERROR] id=5259 tampacan: error:HTTPError
    [ERROR] id=5260 tampamolon_corona: error:HTTPError
    [ERROR] id=5261 tamuin: error:HTTPError
    Descargado: SLP_RAW_2014_tanlajas.pdf
    [ERROR] id=5263 tanquian_de_escobedo: error:HTTPError
    Descargado: SLP_RAW_2014_tierra_nueva.pdf
    Descargado: SLP_RAW_2014_venado.pdf
  [2015] búsqueda 2014-11-01..2015-02-28: 49 leyes municipales
    [ERROR] id=5774 soledad_de_graciano_sanchez: error:HTTPError
    Descargado: SLP_RAW_2015_ahualulco_del_sonido_13.pdf
    Descargado: SLP_RAW_2015_alaquines.pdf
    Descargado: SLP_RAW_2015_armadillo_de_los_infante.pdf
    Descargado: SLP_RAW_2015_axtla_de_terrazas.pdf
    [ERROR] id=5802 cardenas: error:HTTPError
    Descargado: SLP_RAW_2015_catorce.pdf
    Descargado: SLP_RAW_2015_cedral.pdf
    Descargado: SLP_RAW_2015_cerritos.pdf
    Descargado: SLP_RAW_2015_charcas.pdf
    Descargado: SLP_RAW_2015_ciudad_del_maiz.pdf
    [ERROR] id=5808 ciudad_fernandez: error:HTTPError
    Descargado: SLP_RAW_2015_ciudad_valles.pdf
    [ERROR] id=5810 coxcatlan: error:HTTPError
    Descargado: SLP_RAW_2015_el_naranjo.pdf
    [ERROR] id=5812 guadalcazar: error:HTTPError
    [ERROR] id=5813 huehuetlan: error:HTTPError
    Descargado: SLP_RAW_2015_matehuala.pdf
    Descargado: SLP_RAW_2015_matlapa.pdf
    Descargado: SLP_RAW_2015_moctezuma.pdf
    [ERROR] id=5817 rayon: error:HTTPError
    Descargado: SLP_RAW_2015_rioverde.pdf
    Descargado: SLP_RAW_2015_salinas.pdf
    Descargado: SLP_RAW_2015_san_antonio.pdf
    Descargado: SLP_RAW_2015_san_ciro_de_acosta.pdf
    [ERROR] id=5822 san_luis_potosi: error:HTTPError
    [ERROR] id=5823 san_martin_chalchicuautla: error:HTTPError
    Descargado: SLP_RAW_2015_san_nicolas_tolentino.pdf
    [ERROR] id=5825 santa_maria_del_rio: error:HTTPError
    Descargado: SLP_RAW_2015_santo_domingo.pdf
    Descargado: SLP_RAW_2015_tamasopo.pdf
    Descargado: SLP_RAW_2015_tamazunchale.pdf
    [ERROR] id=5829 tampacan: error:HTTPError
    [ERROR] id=5830 tampamolon_corona: error:HTTPError
    [ERROR] id=5831 tamuin: error:HTTPError
    Descargado: SLP_RAW_2015_tancanhuitz.pdf
    [ERROR] id=5833 tanlajas: error:HTTPError
    [ERROR] id=5834 tanquian_de_escobedo: error:HTTPError
    Descargado: SLP_RAW_2015_tierra_nueva.pdf
    Descargado: SLP_RAW_2015_vanegas.pdf
    Descargado: SLP_RAW_2015_venado.pdf
    Descargado: SLP_RAW_2015_villa_de_arista.pdf
    Descargado: SLP_RAW_2015_villa_de_arriaga.pdf
    Descargado: SLP_RAW_2015_villa_de_guadalupe.pdf
    Descargado: SLP_RAW_2015_villa_de_ramos.pdf
    Descargado: SLP_RAW_2015_villa_de_la_paz.pdf
    Descargado: SLP_RAW_2015_villa_de_reyes.pdf
    Descargado: SLP_RAW_2015_xilitla.pdf
    Descargado: SLP_RAW_2015_zaragoza.pdf
  [2016] búsqueda 2015-11-01..2016-02-28: 5 leyes municipales
    Descargado: SLP_RAW_2016_villa_de_ramos.pdf
    Descargado: SLP_RAW_2016_villa_juarez.pdf
    Descargado: SLP_RAW_2016_xilitla.pdf
    Descargado: SLP_RAW_2016_soledad_de_graciano_sanchez.pdf
    Descargado: SLP_RAW_2016_san_luis_potosi.pdf
  [2017] búsqueda 2016-11-01..2017-02-28: 58 leyes municipales
    Descargado: SLP_RAW_2017_ahualulco_del_sonido_13.pdf
    Descargado: SLP_RAW_2017_alaquines.pdf
    [ERROR] id=6600 aquismon: error:HTTPError
    Descargado: SLP_RAW_2017_armadillo_de_los_infante.pdf
    Descargado: SLP_RAW_2017_axtla_de_terrazas.pdf
    [ERROR] id=6603 cardenas: error:HTTPError
    Descargado: SLP_RAW_2017_catorce.pdf
    Descargado: SLP_RAW_2017_cedral.pdf
    Descargado: SLP_RAW_2017_cerritos.pdf
    Descargado: SLP_RAW_2017_cerro_de_san_pedro.pdf
    Descargado: SLP_RAW_2017_charcas.pdf
    [ERROR] id=6609 ciudad_del_maiz: error:HTTPError
    Descargado: SLP_RAW_2017_ciudad_valles.pdf
    [ERROR] id=6611 ciudad_fernandez: error:HTTPError
    [ERROR] id=6612 coxcatlan: error:HTTPError
    [ERROR] id=6613 ebano: error:HTTPError
    Descargado: SLP_RAW_2017_el_naranjo.pdf
    [ERROR] id=6615 guadalcazar: error:HTTPError
    Descargado: SLP_RAW_2017_huehuetlan.pdf
    Descargado: SLP_RAW_2017_lagunillas.pdf
    Descargado: SLP_RAW_2017_matehuala.pdf
    Descargado: SLP_RAW_2017_matlapa.pdf
    Descargado: SLP_RAW_2017_mexquitic_de_carmona.pdf
    Descargado: SLP_RAW_2017_moctezuma.pdf
    [ERROR] id=6622 rayon: error:HTTPError
    Descargado: SLP_RAW_2017_rioverde.pdf
    Descargado: SLP_RAW_2017_salinas.pdf
    Descargado: SLP_RAW_2017_san_antonio.pdf
    Descargado: SLP_RAW_2017_san_luis_potosi.pdf
    [ERROR] id=6627 san_martin_chalchicuautla: error:HTTPError
    Descargado: SLP_RAW_2017_san_ciro_de_acosta.pdf
    Descargado: SLP_RAW_2017_san_vicente_tancuayalab.pdf
    Descargado: SLP_RAW_2017_santa_catarina.pdf
    [ERROR] id=6631 santa_maria_del_rio: error:HTTPError
    Descargado: SLP_RAW_2017_santo_domingo.pdf
    [ERROR] id=6633 soledad_de_graciano_sanchez: error:HTTPError
    Descargado: SLP_RAW_2017_tamasopo.pdf
    Descargado: SLP_RAW_2017_tamazunchale.pdf
    [ERROR] id=6636 tampacan: error:HTTPError
    [ERROR] id=6637 tampamolon_corona: error:HTTPError
    [ERROR] id=6638 tamuin: error:HTTPError
    Descargado: SLP_RAW_2017_tancanhuitz.pdf
    [ERROR] id=6640 tanlajas: error:HTTPError
    [ERROR] id=6641 tanquian_de_escobedo: error:HTTPError
    Descargado: SLP_RAW_2017_tierra_nueva.pdf
    Descargado: SLP_RAW_2017_vanegas.pdf
    Descargado: SLP_RAW_2017_venado.pdf
    Descargado: SLP_RAW_2017_villa_de_arista.pdf
    Descargado: SLP_RAW_2017_villa_de_arriaga.pdf
    Descargado: SLP_RAW_2017_villa_de_guadalupe.pdf
    Descargado: SLP_RAW_2017_villa_de_la_paz.pdf
    Descargado: SLP_RAW_2017_villa_de_ramos.pdf
    Descargado: SLP_RAW_2017_villa_de_reyes.pdf
    Descargado: SLP_RAW_2017_villa_hidalgo.pdf
    [ERROR] id=6652 villa_juarez: error:HTTPError
    Descargado: SLP_RAW_2017_xilitla.pdf
    Descargado: SLP_RAW_2017_zaragoza.pdf
  [2018] búsqueda 2017-11-01..2018-02-28: 59 leyes municipales
    [ERROR] id=7241 aquismon: error:HTTPError
    [ERROR] id=7244 cardenas: error:HTTPError
    [ERROR] id=7252 ciudad_fernandez: error:HTTPError
    [ERROR] id=7254 ebano: error:HTTPError
    [ERROR] id=7262 rayon: error:HTTPError
    [ERROR] id=7267 san_martin_chalchicuautla: error:HTTPError
    [ERROR] id=7269 san_nicolas_tolentino: error:HTTPError
    [ERROR] id=7272 santa_maria_del_rio: error:HTTPError
    [ERROR] id=7277 tampacan: error:HTTPError
    [ERROR] id=7278 tampamolon_corona: error:HTTPError
    [ERROR] id=7279 tamuin: error:HTTPError
    [ERROR] id=7280 tanlajas: error:HTTPError
    [ERROR] id=7281 tanquian_de_escobedo: error:HTTPError
    [ERROR] id=7292 villa_juarez: error:HTTPError
    [ERROR] id=7299 huehuetlan: error:HTTPError
  [2019] búsqueda 2018-11-01..2019-02-28: 56 leyes municipales
    Descargado: SLP_RAW_2019_ahualulco_del_sonido_13.pdf
    Descargado: SLP_RAW_2019_alaquines.pdf
    Descargado: SLP_RAW_2019_aquismon.pdf
    Descargado: SLP_RAW_2019_armadillo_de_los_infante.pdf
    [ERROR] id=7589 cardenas: error:HTTPError
    Descargado: SLP_RAW_2019_catorce.pdf
    Descargado: SLP_RAW_2019_cedral.pdf
    Descargado: SLP_RAW_2019_cerritos.pdf
    Descargado: SLP_RAW_2019_cerro_de_san_pedro.pdf
    Descargado: SLP_RAW_2019_charcas.pdf
    Descargado: SLP_RAW_2019_ciudad_del_maiz.pdf
    [ERROR] id=7596 ciudad_fernandez: error:HTTPError
    Descargado: SLP_RAW_2019_ciudad_valles.pdf
    [ERROR] id=7598 coxcatlan: error:HTTPError
    Descargado: SLP_RAW_2019_ebano.pdf
    Descargado: SLP_RAW_2019_el_naranjo.pdf
    Descargado: SLP_RAW_2019_guadalcazar.pdf
    Descargado: SLP_RAW_2019_huehuetlan.pdf
    Descargado: SLP_RAW_2019_lagunillas.pdf
    Descargado: SLP_RAW_2019_matehuala.pdf
    Descargado: SLP_RAW_2019_matlapa.pdf
    Descargado: SLP_RAW_2019_moctezuma.pdf
    Descargado: SLP_RAW_2019_rayon.pdf
    Descargado: SLP_RAW_2019_rioverde.pdf
    Descargado: SLP_RAW_2019_salinas.pdf
    Descargado: SLP_RAW_2019_san_antonio.pdf
    Descargado: SLP_RAW_2019_san_luis_potosi.pdf
    Descargado: SLP_RAW_2019_san_martin_chalchicuautla.pdf
    Descargado: SLP_RAW_2019_san_ciro_de_acosta.pdf
    [ERROR] id=7614 san_nicolas_tolentino: error:HTTPError
    Descargado: SLP_RAW_2019_san_vicente_tancuayalab.pdf
    Descargado: SLP_RAW_2019_santa_catarina.pdf
    Descargado: SLP_RAW_2019_santa_maria_del_rio.pdf
    Descargado: SLP_RAW_2019_santo_domingo.pdf
    Descargado: SLP_RAW_2019_soledad_de_graciano_sanchez.pdf
    Descargado: SLP_RAW_2019_tamasopo.pdf
    Descargado: SLP_RAW_2019_tamazunchale.pdf
    Descargado: SLP_RAW_2019_tampacan.pdf
    Descargado: SLP_RAW_2019_tampamolon_corona.pdf
    Descargado: SLP_RAW_2019_tamuin.pdf
    Descargado: SLP_RAW_2019_tancanhuitz.pdf
    Descargado: SLP_RAW_2019_tanlajas.pdf
    Descargado: SLP_RAW_2019_tanquian_de_escobedo.pdf
    Descargado: SLP_RAW_2019_tierra_nueva.pdf
    Descargado: SLP_RAW_2019_vanegas.pdf
    Descargado: SLP_RAW_2019_venado.pdf
    Descargado: SLP_RAW_2019_villa_de_arista.pdf
    Descargado: SLP_RAW_2019_villa_de_arriaga.pdf
    Descargado: SLP_RAW_2019_villa_de_guadalupe.pdf
    Descargado: SLP_RAW_2019_villa_de_la_paz.pdf
    Descargado: SLP_RAW_2019_villa_de_ramos.pdf
    Descargado: SLP_RAW_2019_villa_de_reyes.pdf
    Descargado: SLP_RAW_2019_villa_hidalgo.pdf
    Descargado: SLP_RAW_2019_villa_juarez.pdf
    Descargado: SLP_RAW_2019_xilitla.pdf
    Descargado: SLP_RAW_2019_zaragoza.pdf
  [2020] búsqueda 2019-11-01..2020-02-28: 60 leyes municipales
    Descargado: SLP_RAW_2020_ahualulco_del_sonido_13.pdf
    Descargado: SLP_RAW_2020_alaquines.pdf
    Descargado: SLP_RAW_2020_tamazunchale.pdf
    Descargado: SLP_RAW_2020_vanegas.pdf
    Descargado: SLP_RAW_2020_villa_de_arista.pdf
    Descargado: SLP_RAW_2020_villa_de_arriaga.pdf
    Descargado: SLP_RAW_2020_villa_de_guadalupe.pdf
    Descargado: SLP_RAW_2020_zaragoza.pdf
    Descargado: SLP_RAW_2020_aquismon.pdf
    Descargado: SLP_RAW_2020_armadillo_de_los_infante.pdf
    Descargado: SLP_RAW_2020_axtla_de_terrazas.pdf
    Descargado: SLP_RAW_2020_cardenas.pdf
    Descargado: SLP_RAW_2020_catorce.pdf
    Descargado: SLP_RAW_2020_cedral.pdf
    Descargado: SLP_RAW_2020_cerritos.pdf
    Descargado: SLP_RAW_2020_cerro_de_san_pedro.pdf
    Descargado: SLP_RAW_2020_charcas.pdf
    Descargado: SLP_RAW_2020_ciudad_del_maiz.pdf
    Descargado: SLP_RAW_2020_ciudad_valles.pdf
    Descargado: SLP_RAW_2020_ciudad_fernandez.pdf
    Descargado: SLP_RAW_2020_coxcatlan.pdf
    Descargado: SLP_RAW_2020_ebano.pdf
    Descargado: SLP_RAW_2020_el_naranjo.pdf
    Descargado: SLP_RAW_2020_guadalcazar.pdf
    Descargado: SLP_RAW_2020_huehuetlan.pdf
    Descargado: SLP_RAW_2020_lagunillas.pdf
    Descargado: SLP_RAW_2020_matehuala.pdf
    Descargado: SLP_RAW_2020_matlapa.pdf
    Descargado: SLP_RAW_2020_mexquitic_de_carmona.pdf
    Descargado: SLP_RAW_2020_moctezuma.pdf
    Descargado: SLP_RAW_2020_rayon.pdf
    Descargado: SLP_RAW_2020_rioverde.pdf
    Descargado: SLP_RAW_2020_salinas.pdf
    Descargado: SLP_RAW_2020_san_antonio.pdf
    Descargado: SLP_RAW_2020_san_luis_potosi.pdf
    Descargado: SLP_RAW_2020_san_martin_chalchicuautla.pdf
    Descargado: SLP_RAW_2020_san_ciro_de_acosta.pdf
    Descargado: SLP_RAW_2020_san_nicolas_tolentino.pdf
    Descargado: SLP_RAW_2020_san_vicente_tancuayalab.pdf
    Descargado: SLP_RAW_2020_santa_catarina.pdf
    Descargado: SLP_RAW_2020_santa_maria_del_rio.pdf
    Descargado: SLP_RAW_2020_santo_domingo.pdf
    Descargado: SLP_RAW_2020_soledad_de_graciano_sanchez.pdf
    Descargado: SLP_RAW_2020_tamasopo.pdf
    Descargado: SLP_RAW_2020_tampacan.pdf
    Descargado: SLP_RAW_2020_tampamolon_corona.pdf
    Descargado: SLP_RAW_2020_tamuin.pdf
    Descargado: SLP_RAW_2020_tancanhuitz.pdf
    Descargado: SLP_RAW_2020_tanlajas.pdf
    Descargado: SLP_RAW_2020_tanquian_de_escobedo.pdf
    Descargado: SLP_RAW_2020_tierra_nueva.pdf
    Descargado: SLP_RAW_2020_venado.pdf
    Descargado: SLP_RAW_2020_villa_de_la_paz.pdf
    Descargado: SLP_RAW_2020_villa_de_ramos.pdf
    Descargado: SLP_RAW_2020_villa_de_reyes.pdf
    Descargado: SLP_RAW_2020_villa_hidalgo.pdf
    Descargado: SLP_RAW_2020_villa_juarez.pdf
    Descargado: SLP_RAW_2020_xilitla.pdf
  [2021] búsqueda 2020-11-01..2021-02-28: sin resultados municipales
  [2022] búsqueda 2021-11-01..2022-02-28: 58 leyes municipales
    Descargado: SLP_RAW_2022_rayon.pdf
    Descargado: SLP_RAW_2022_san_martin_chalchicuautla.pdf
    Descargado: SLP_RAW_2022_ahualulco_del_sonido_13.pdf
    Descargado: SLP_RAW_2022_alaquines.pdf
    Descargado: SLP_RAW_2022_aquismon.pdf
    Descargado: SLP_RAW_2022_armadillo_de_los_infante.pdf
    Descargado: SLP_RAW_2022_axtla_de_terrazas.pdf
    Descargado: SLP_RAW_2022_cardenas.pdf
    Descargado: SLP_RAW_2022_catorce.pdf
    Descargado: SLP_RAW_2022_cedral.pdf
    Descargado: SLP_RAW_2022_cerritos.pdf
    Descargado: SLP_RAW_2022_charcas.pdf
    Descargado: SLP_RAW_2022_ciudad_del_maiz.pdf
    Descargado: SLP_RAW_2022_ciudad_fernandez.pdf
    Descargado: SLP_RAW_2022_ciudad_valles.pdf
    Descargado: SLP_RAW_2022_coxcatlan.pdf
    Descargado: SLP_RAW_2022_ebano.pdf
    Descargado: SLP_RAW_2022_el_naranjo.pdf
    Descargado: SLP_RAW_2022_guadalcazar.pdf
    Descargado: SLP_RAW_2022_huehuetlan.pdf
    Descargado: SLP_RAW_2022_lagunillas.pdf
    Descargado: SLP_RAW_2022_matehuala.pdf
    Descargado: SLP_RAW_2022_matlapa.pdf
    Descargado: SLP_RAW_2022_mexquitic_de_carmona.pdf
    Descargado: SLP_RAW_2022_moctezuma.pdf
    Descargado: SLP_RAW_2022_rioverde.pdf
    Descargado: SLP_RAW_2022_salinas.pdf
    Descargado: SLP_RAW_2022_san_antonio.pdf
    Descargado: SLP_RAW_2022_san_ciro_de_acosta.pdf
    Descargado: SLP_RAW_2022_san_luis_potosi.pdf
    Descargado: SLP_RAW_2022_san_nicolas_tolentino.pdf
    Descargado: SLP_RAW_2022_san_vicente_tancuayalab.pdf
    Descargado: SLP_RAW_2022_santa_catarina.pdf
    Descargado: SLP_RAW_2022_santa_maria_del_rio.pdf
    Descargado: SLP_RAW_2022_santo_domingo.pdf
    Descargado: SLP_RAW_2022_soledad_de_graciano_sanchez.pdf
    Descargado: SLP_RAW_2022_tamasopo.pdf
    Descargado: SLP_RAW_2022_tamazunchale.pdf
    Descargado: SLP_RAW_2022_tampacan.pdf
    Descargado: SLP_RAW_2022_tampamolon_corona.pdf
    Descargado: SLP_RAW_2022_tamuin.pdf
    Descargado: SLP_RAW_2022_tancanhuitz.pdf
    Descargado: SLP_RAW_2022_tanlajas.pdf
    Descargado: SLP_RAW_2022_tanquian_de_escobedo.pdf
    Descargado: SLP_RAW_2022_tierra_nueva.pdf
    Descargado: SLP_RAW_2022_vanegas.pdf
    Descargado: SLP_RAW_2022_venado.pdf
    Descargado: SLP_RAW_2022_villa_de_arista.pdf
    Descargado: SLP_RAW_2022_villa_de_arriaga.pdf
    Descargado: SLP_RAW_2022_villa_de_guadalupe.pdf
    Descargado: SLP_RAW_2022_villa_de_la_paz.pdf
    Descargado: SLP_RAW_2022_villa_de_ramos.pdf
    Descargado: SLP_RAW_2022_villa_de_reyes.pdf
    Descargado: SLP_RAW_2022_villa_hidalgo.pdf
    Descargado: SLP_RAW_2022_villa_juarez.pdf
    Descargado: SLP_RAW_2022_xilitla.pdf
    Descargado: SLP_RAW_2022_zaragoza.pdf
  [2023] búsqueda 2022-11-01..2023-02-28: 60 leyes municipales
    Descargado: SLP_RAW_2023_ahualulco_del_sonido_13.pdf
    Descargado: SLP_RAW_2023_alaquines.pdf
    Descargado: SLP_RAW_2023_aquismon.pdf
    Descargado: SLP_RAW_2023_armadillo_de_los_infante.pdf
    Descargado: SLP_RAW_2023_axtla_de_terrazas.pdf
    Descargado: SLP_RAW_2023_cardenas.pdf
    Descargado: SLP_RAW_2023_catorce.pdf
    Descargado: SLP_RAW_2023_cedral.pdf
    Descargado: SLP_RAW_2023_cerritos.pdf
    Descargado: SLP_RAW_2023_cerro_de_san_pedro.pdf
    Descargado: SLP_RAW_2023_charcas.pdf
    Descargado: SLP_RAW_2023_ciudad_del_maiz.pdf
    Descargado: SLP_RAW_2023_ciudad_fernandez.pdf
    Descargado: SLP_RAW_2023_ciudad_valles.pdf
    Descargado: SLP_RAW_2023_coxcatlan.pdf
    Descargado: SLP_RAW_2023_ebano.pdf
    Descargado: SLP_RAW_2023_el_naranjo.pdf
    Descargado: SLP_RAW_2023_guadalcazar.pdf
    Descargado: SLP_RAW_2023_huehuetlan.pdf
    Descargado: SLP_RAW_2023_lagunillas.pdf
    Descargado: SLP_RAW_2023_matehuala.pdf
    Descargado: SLP_RAW_2023_matlapa.pdf
    Descargado: SLP_RAW_2023_mexquitic_de_carmona.pdf
    Descargado: SLP_RAW_2023_moctezuma.pdf
    Descargado: SLP_RAW_2023_rayon.pdf
    Descargado: SLP_RAW_2023_rioverde.pdf
    Descargado: SLP_RAW_2023_salinas.pdf
    Descargado: SLP_RAW_2023_san_antonio.pdf
    Descargado: SLP_RAW_2023_san_ciro_de_acosta.pdf
    Descargado: SLP_RAW_2023_san_luis_potosi.pdf
    Descargado: SLP_RAW_2023_san_martin_chalchicuautla.pdf
    Descargado: SLP_RAW_2023_san_nicolas_tolentino.pdf
    Descargado: SLP_RAW_2023_san_vicente_tancuayalab.pdf
    Descargado: SLP_RAW_2023_santa_catarina.pdf
    Descargado: SLP_RAW_2023_santa_maria_del_rio.pdf
    Descargado: SLP_RAW_2023_santo_domingo.pdf
    Descargado: SLP_RAW_2023_soledad_de_graciano_sanchez.pdf
    Descargado: SLP_RAW_2023_tamasopo.pdf
    Descargado: SLP_RAW_2023_tamazunchale.pdf
    Descargado: SLP_RAW_2023_tampacan.pdf
    Descargado: SLP_RAW_2023_tampamolon_corona.pdf
    Descargado: SLP_RAW_2023_tamuin.pdf
    Descargado: SLP_RAW_2023_tancanhuitz.pdf
    Descargado: SLP_RAW_2023_tanlajas.pdf
    Descargado: SLP_RAW_2023_tanquian_de_escobedo.pdf
    Descargado: SLP_RAW_2023_tierra_nueva.pdf
    Descargado: SLP_RAW_2023_vanegas.pdf
    Descargado: SLP_RAW_2023_venado.pdf
    Descargado: SLP_RAW_2023_villa_de_arista.pdf
    Descargado: SLP_RAW_2023_villa_de_arriaga.pdf
    Descargado: SLP_RAW_2023_villa_de_guadalupe.pdf
    Descargado: SLP_RAW_2023_villa_de_la_paz.pdf
    Descargado: SLP_RAW_2023_villa_de_ramos.pdf
    Descargado: SLP_RAW_2023_villa_de_reyes.pdf
    Descargado: SLP_RAW_2023_villa_hidalgo.pdf
    Descargado: SLP_RAW_2023_villa_juarez.pdf
    Descargado: SLP_RAW_2023_xilitla.pdf
    Descargado: SLP_RAW_2023_zaragoza.pdf
  [2024] búsqueda 2023-11-01..2024-02-28: 58 leyes municipales
  [2025] búsqueda 2024-11-01..2025-02-28: 58 leyes municipales
    Descargado: SLP_RAW_2025_ahualulco_del_sonido_13.pdf
    Descargado: SLP_RAW_2025_alaquines.pdf
    Descargado: SLP_RAW_2025_aquismon.pdf
    Descargado: SLP_RAW_2025_axtla_de_terrazas.pdf
    Descargado: SLP_RAW_2025_cardenas.pdf
    Descargado: SLP_RAW_2025_catorce.pdf
    Descargado: SLP_RAW_2025_cerritos.pdf
    Descargado: SLP_RAW_2025_cerro_de_san_pedro.pdf
    Descargado: SLP_RAW_2025_ciudad_del_maiz.pdf
    Descargado: SLP_RAW_2025_ciudad_fernandez.pdf
    Descargado: SLP_RAW_2025_ciudad_valles.pdf
    Descargado: SLP_RAW_2025_coxcatlan.pdf
    Descargado: SLP_RAW_2025_ebano.pdf
    Descargado: SLP_RAW_2025_el_naranjo.pdf
    Descargado: SLP_RAW_2025_lagunillas.pdf
    Descargado: SLP_RAW_2025_moctezuma.pdf
    Descargado: SLP_RAW_2025_salinas.pdf
    Descargado: SLP_RAW_2025_san_antonio.pdf
    Descargado: SLP_RAW_2025_san_luis_potosi.pdf
    Descargado: SLP_RAW_2025_san_nicolas_tolentino.pdf
    Descargado: SLP_RAW_2025_cedral.pdf
    Descargado: SLP_RAW_2025_santa_catarina.pdf
    Descargado: SLP_RAW_2025_charcas.pdf
    Descargado: SLP_RAW_2025_santa_maria_del_rio.pdf
    Descargado: SLP_RAW_2025_huehuetlan.pdf
    Descargado: SLP_RAW_2025_matlapa.pdf
    Descargado: SLP_RAW_2025_rioverde.pdf
    Descargado: SLP_RAW_2025_san_ciro_de_acosta.pdf
    Descargado: SLP_RAW_2025_san_martin_chalchicuautla.pdf
    Descargado: SLP_RAW_2025_san_vicente_tancuayalab.pdf
    Descargado: SLP_RAW_2025_tamasopo.pdf
    Descargado: SLP_RAW_2025_santo_domingo.pdf
    Descargado: SLP_RAW_2025_tampacan.pdf
    Descargado: SLP_RAW_2025_tampamolon_corona.pdf
    Descargado: SLP_RAW_2025_tamuin.pdf
    Descargado: SLP_RAW_2025_tamazunchale.pdf
    Descargado: SLP_RAW_2025_tancanhuitz.pdf
    Descargado: SLP_RAW_2025_tanlajas.pdf
    Descargado: SLP_RAW_2025_tanquian_de_escobedo.pdf
    Descargado: SLP_RAW_2025_tierra_nueva.pdf
    Descargado: SLP_RAW_2025_vanegas.pdf
    Descargado: SLP_RAW_2025_venado.pdf
    Descargado: SLP_RAW_2025_villa_de_arriaga.pdf
    Descargado: SLP_RAW_2025_villa_juarez.pdf
    Descargado: SLP_RAW_2025_villa_de_arista.pdf
    Descargado: SLP_RAW_2025_villa_de_guadalupe.pdf
    Descargado: SLP_RAW_2025_villa_de_la_paz.pdf
    Descargado: SLP_RAW_2025_villa_de_pozos.pdf
    Descargado: SLP_RAW_2025_villa_de_ramos.pdf
    Descargado: SLP_RAW_2025_villa_de_reyes.pdf
    Descargado: SLP_RAW_2025_villa_hidalgo.pdf
    Descargado: SLP_RAW_2025_zaragoza.pdf
    Descargado: SLP_RAW_2025_xilitla.pdf
    Descargado: SLP_RAW_2025_rayon.pdf
    Descargado: SLP_RAW_2025_guadalcazar.pdf
    Descargado: SLP_RAW_2025_matehuala.pdf
    Descargado: SLP_RAW_2025_mexquitic_de_carmona.pdf
    Descargado: SLP_RAW_2025_soledad_de_graciano_sanchez.pdf

  ── Resumen descarga ──
  2010: 16 leyes
  2011: 58 leyes
  2012: 51 leyes
  2013: 39 leyes
  2014: 40 leyes
  2015: 49 leyes
  2016: 5 leyes
  2017: 58 leyes
  2018: 59 leyes
  2019: 56 leyes
  2020: 60 leyes
  2021: 0 leyes
  2022: 58 leyes
  2023: 60 leyes
  2024: 58 leyes
  2025: 58 leyes
  Filas en índice: 725 (ok/cached=582, skip=0, err=143)
  Índice: data\sanluispotosi\meta\ley_ingresos_index.csv
  ✓ download completado en 2291.5s

────────────────────────────────────────
  Paso: master
────────────────────────────────────────
  Master: data\sanluispotosi\meta\predial_master.csv (575 PDFs inventariados)
  ✓ master completado en 0.8s

────────────────────────────────────────
  Paso: segment
────────────────────────────────────────
═══ San Luis Potosí: Segmentación predial ═══

  ── Resumen segmentación ──
  Total:    575
  Exacta:   495
  Fallback: 80
  Errores:  0
  Bitácora: data\sanluispotosi\meta\segment.csv
  ✓ segment completado en 92.5s

============================================================
  ✓ Pipeline completado para 1 estado(s) en 2384.8s
============================================================
