
############################################################
  ESTADO: SONORA
  Ejercicios: 2010–2025
  OCR: sí
  Pasos: ocr
  OCR: --no-clean-watermark (legacy)
############################################################

────────────────────────────────────────
  Paso: ocr
────────────────────────────────────────
═══ Sonora: OCR ═══
    Modo: adaptativo (threshold 300 chars/pág)
    Total PDFs candidatos: 275
    [190/275] 2021CCVII51I.pdf | ok=4 err=0 | eta=1.0min

  ── Resumen OCR ──
  Nativos (saltados):  205
  OCR procesados:      5
  Ya OCR'd (saltados): 65
  Errores:             0
  Log: data\sonora\meta\ocr_log.csv
  ✓ ocr completado en 178.9s

============================================================
  ✓ Pipeline completado para 1 estado(s) en 178.9s
============================================================
