
############################################################
  ESTADO: SONORA
  Ejercicios: 2010–2025
  OCR: sí
  Pasos: master, segment
############################################################

────────────────────────────────────────
  Paso: master
────────────────────────────────────────
═══ Sonora: Inventario de leyes por PDF ═══
  PDFs procesados: 1221 | Leyes localizadas: 775
  Master: data\sonora\meta\predial_master.csv
  ✓ master completado en 290.5s

────────────────────────────────────────
  Paso: segment
────────────────────────────────────────
═══ Sonora: Segmentación predial ═══
    [WARN] 2020CCVI51III_ocr.pdf/cajeme: PDF slice failed (cannot save with zero pages)
    [WARN] EE311220232.pdf/aconchi: PDF slice failed (cannot save with zero pages)

  ── Resumen segmentación ──
  Total leyes:   775
  Exacta:        655
  Fallback:      120
  Errores:       0
  Desde OCR:     83
  Bitácora: data\sonora\meta\segment.csv
  ✓ segment completado en 369.7s

============================================================
  ✓ Pipeline completado para 1 estado(s) en 660.2s
============================================================
