
############################################################
  ESTADO: SONORA
  Ejercicios: 2010–2025
  OCR: sí
  Pasos: ocr
  OCR: --no-clean-watermark (legacy)
############################################################

────────────────────────────────────────
  Paso: ocr
────────────────────────────────────────
═══ Sonora: OCR ═══
    Modo: adaptativo (threshold 300 chars/pág)
    Total PDFs candidatos: 238

  ── Resumen OCR ──
  Nativos (saltados):  181
  OCR procesados:      3
  Ya OCR'd (saltados): 54
  Errores:             0
  Log: data\sonora\meta\ocr_log.csv
  ✓ ocr completado en 159.7s

============================================================
  ✓ Pipeline completado para 1 estado(s) en 159.7s
============================================================
