
############################################################
  ESTADO: SONORA
  Ejercicios: 2010–2025
  OCR: sí
  Pasos: download
############################################################

────────────────────────────────────────
  Paso: download
────────────────────────────────────────
═══ Sonora: Descarga de PDFs del Boletín Oficial ═══
    Ejercicios: 2010-2025

  ── anio_pub=2009 (ejercicio fiscal esperado=2010) ──
    Descargado: 2009CLXXXIV45.pdf (blind, descubrir en segment)
    Descargado: 2009CLXXXIV45I.pdf (blind, descubrir en segment)
    Descargado: 2009CLXXXIV46.pdf (blind, descubrir en segment)
    Descargado: 2009CLXXXIV46II.pdf (blind, descubrir en segment)
    Descargado: 2009CLXXXIV46III.pdf (blind, descubrir en segment)
    Descargado: 2009CLXXXIV47.pdf (blind, descubrir en segment)
    Descargado: 2009CLXXXIV47I.pdf (blind, descubrir en segment)
    Descargado: 2009CLXXXIV47II.pdf (blind, descubrir en segment)
    Descargado: 2009CLXXXIV47III.pdf (blind, descubrir en segment)
    Descargado: 2009CLXXXIV47IV.pdf (blind, descubrir en segment)
    Descargado: 2009CLXXXIV47V.pdf (blind, descubrir en segment)
    Descargado: 2009CLXXXIV47VI.pdf (blind, descubrir en segment)
    Descargado: 2009CLXXXIV47VII.pdf (blind, descubrir en segment)
    Descargado: 2009CLXXXIV47VIII.pdf (blind, descubrir en segment)
    Descargado: 2009CLXXXIV47IX.pdf (blind, descubrir en segment)
    Descargado: 2009CLXXXIV47X.pdf (blind, descubrir en segment)
    Descargado: 2009CLXXXIV47XI.pdf (blind, descubrir en segment)
    Descargado: 2009CLXXXIV47XIII.pdf (blind, descubrir en segment)
    Descargado: 2009CLXXXIV47XIV.pdf (blind, descubrir en segment)
    Descargado: 2009CLXXXIV48.pdf (blind, descubrir en segment)
    Descargado: 2009CLXXXIV48I.pdf (blind, descubrir en segment)
    Descargado: 2009CLXXXIV49.pdf (blind, descubrir en segment)
    Descargado: 2009CLXXXIV49I.pdf (blind, descubrir en segment)
    Descargado: 2009CLXXXIV49II.pdf (blind, descubrir en segment)
    Descargado: 2009CLXXXIV50.pdf (blind, descubrir en segment)
    Descargado: 2009CLXXXIV50I.pdf (blind, descubrir en segment)
    Descargado: 2009CLXXXIV50II.pdf (blind, descubrir en segment)
    Descargado: 2009CLXXXIV50III.pdf (blind, descubrir en segment)
    Descargado: 2009CLXXXIV51.pdf (blind, descubrir en segment)
    Descargado: 2009CLXXXIV52.pdf (blind, descubrir en segment)
    Descargado: 2009CLXXXIV53.pdf (blind, descubrir en segment)
    Descargado: 2009CLXXXIV53I.pdf (blind, descubrir en segment)
    Descargado: 2009CLXXXIV53II.pdf (blind, descubrir en segment)
    Descargado: 2009CLXXXIV53III.pdf (blind, descubrir en segment)
    Descargado: 2009CLXXXIV53IV.pdf (blind, descubrir en segment)
    Descargado: 2009CLXXXIV53VI.pdf (blind, descubrir en segment)
    Descargado: 2009CLXXXIV53VII.pdf (blind, descubrir en segment)
    Descargado: 2009CLXXXIV53VIII.pdf (blind, descubrir en segment)
    Descargado: 2009CLXXXIV53IX.pdf (blind, descubrir en segment)
    Descargado: 2009CLXXXIV53X.pdf (blind, descubrir en segment)
    Descargado: 2009CLXXXIV53XI.pdf (blind, descubrir en segment)
    Descargado: 2009CLXXXIV53XII.pdf (blind, descubrir en segment)
    Descargado: 2009CLXXXIV53XIII.pdf (blind, descubrir en segment)
    Descargado: 2009CLXXXIV53XIV.pdf (blind, descubrir en segment)
    Descargado: 2009CLXXXIV53XV.pdf (blind, descubrir en segment)
    Descargado: 2009CLXXXIV53XVI.pdf (blind, descubrir en segment)
    Descargado: 2009CLXXXIV53XVII.pdf (blind, descubrir en segment)
    Descargado: 2009CLXXXIV53XVIII.pdf (blind, descubrir en segment)
    Descargado: 2009CLXXXIV53XIX.pdf (blind, descubrir en segment)
    Descargado: 2009CLXXXIV53XX.pdf (blind, descubrir en segment)
    Descargado: 2009CLXXXIV53XXI.pdf (blind, descubrir en segment)
    Descargado: 2009CLXXXIV53XXII.pdf (blind, descubrir en segment)
    Descargado: 2009CLXXXIV53XXIII.pdf (blind, descubrir en segment)
    Descargado: 2009CLXXXIV53XXIV.pdf (blind, descubrir en segment)
    Descargado: 2009CLXXXIV53XXV.pdf (blind, descubrir en segment)
    Descargado: 2009CLXXXIV53XXVI.pdf (blind, descubrir en segment)
    Descargado: 2009CLXXXIV53XXVII.pdf (blind, descubrir en segment)
    Descargado: 2009CLXXXIV53XXVIII.pdf (blind, descubrir en segment)
    Descargado: 2009CLXXXIV53XXIX.pdf (blind, descubrir en segment)
    Descargado: 2009CLXXXIV53XXX.pdf (blind, descubrir en segment)
    Descargado: 2009CLXXXIV53XXXI.pdf (blind, descubrir en segment)
    Descargado: 2009CLXXXIV53XXXII.pdf (blind, descubrir en segment)
    Descargado: 2009CLXXXIV53XXXIII.pdf (blind, descubrir en segment)
    Descargado: 2009CLXXXIV53XXXIV.pdf (blind, descubrir en segment)
    64 PDFs candidatos → 0 con leyes en HTML, 64 blind

  ── anio_pub=2010 (ejercicio fiscal esperado=2011) ──
    Descargado: 2010CLXXXVI45.pdf (blind, descubrir en segment)
    Descargado: 2010CLXXXVI45I.pdf (blind, descubrir en segment)
    Descargado: 2010CLXXXVI45II.pdf (blind, descubrir en segment)
    Descargado: 2010CLXXXVI45III.pdf (blind, descubrir en segment)
    Descargado: 2010CLXXXVI45IV.pdf (blind, descubrir en segment)
    Descargado: 2010CLXXXVI45V.pdf (blind, descubrir en segment)
    Descargado: 2010CLXXXVI46.pdf (blind, descubrir en segment)
    [ERROR] 2010CLXXXVI46I.pdf: error:HTTPError
    Descargado: 2010CLXXXVI46II.pdf (blind, descubrir en segment)
    Descargado: 2010CLXXXVI46III.pdf (blind, descubrir en segment)
    Descargado: 2010CLXXXVI46IV.pdf (blind, descubrir en segment)
    Descargado: 2010CLXXXVI47.pdf (blind, descubrir en segment)
    Descargado: 2010CLXXXVI47I.pdf (blind, descubrir en segment)
    Descargado: 2010CLXXXVI47II.pdf (blind, descubrir en segment)
    Descargado: 2010CLXXXVI47III.pdf (blind, descubrir en segment)
    Descargado: 2010CLXXXVI47IV.pdf (blind, descubrir en segment)
    Descargado: 2010CLXXXVI47V.pdf (blind, descubrir en segment)
    Descargado: 2010CLXXXVI47VI.pdf (blind, descubrir en segment)
    Descargado: 2010CLXXXVI47VII.pdf (blind, descubrir en segment)
    Descargado: 2010CLXXXVI47VIII.pdf (blind, descubrir en segment)
    Descargado: 2010CLXXXVI47IX.pdf (blind, descubrir en segment)
    Descargado: 2010CLXXXVI47X.pdf (blind, descubrir en segment)
    Descargado: 2010CLXXXVI47XI.pdf (blind, descubrir en segment)
    Descargado: 2010CLXXXVI47XII.pdf (blind, descubrir en segment)
    Descargado: 2010CLXXXVI47XIII.pdf (blind, descubrir en segment)
    Descargado: 2010CLXXXVI47XIV.pdf (blind, descubrir en segment)
    Descargado: 2010CLXXXVI47XV.pdf (blind, descubrir en segment)
    Descargado: 2010CLXXXVI47XVI.pdf (blind, descubrir en segment)
    Descargado: 2010CLXXXVI47XVII.pdf (blind, descubrir en segment)
    [ERROR] 2010CLXXXVI47XVIII.pdf: error:HTTPError
    Descargado: 2010CLXXXVI48.pdf (blind, descubrir en segment)
    Descargado: 2010CLXXXVI48I.pdf (blind, descubrir en segment)
    [ERROR] 2010CLXXXVI48II.pdf: error:HTTPError
    Descargado: EE814DICIEMBRE2010.pdf (blind, descubrir en segment)
    Descargado: 2010CLXXXVI49.pdf (blind, descubrir en segment)
    Descargado: 2010CLXXXVI49I.pdf (blind, descubrir en segment)
    Descargado: 2010CLXXXVI49II.pdf (blind, descubrir en segment)
    Descargado: 2010CLXXXVI49III.pdf (blind, descubrir en segment)
    Descargado: 2010CLXXXVI49IV.pdf (blind, descubrir en segment)
    Descargado: 2010CLXXXVI49V.pdf (blind, descubrir en segment)
    Descargado: 2010CLXXXVI50.pdf (blind, descubrir en segment)
    Descargado: 2010CLXXXVI50I.pdf (blind, descubrir en segment)
    Descargado: 2010CLXXXVI50II.pdf (blind, descubrir en segment)
    Descargado: 2010CLXXXVI50III.pdf (blind, descubrir en segment)
    Descargado: 2010CLXXXVI50IV.pdf (blind, descubrir en segment)
    [ERROR] 2010CLXXXVI50V.pdf: error:HTTPError
    Descargado: 2010CLXXXVI51.pdf (blind, descubrir en segment)
    Descargado: 2010CLXXXVI52.pdf (blind, descubrir en segment)
    Descargado: 2010CLXXXVI52I.pdf (blind, descubrir en segment)
    Descargado: 2010CLXXXVI52II.pdf (blind, descubrir en segment)
    Descargado: 2010CLXXXVI52III.pdf (blind, descubrir en segment)
    Descargado: 2010CLXXXVI52IV.pdf (blind, descubrir en segment)
    Descargado: 2010CLXXXVI52V.pdf (blind, descubrir en segment)
    Descargado: 2010CLXXXVI53.pdf (blind, descubrir en segment)
    Descargado: 2010CLXXXVI53I.pdf (blind, descubrir en segment)
    Descargado: 2010CLXXXVI53II.pdf (blind, descubrir en segment)
    Descargado: 2010CLXXXVI53III.pdf (blind, descubrir en segment)
    Descargado: 2010CLXXXVI53IV.pdf (blind, descubrir en segment)
    Descargado: 2010CLXXXVI53V.pdf (blind, descubrir en segment)
    Descargado: 2010CLXXXVI53VI.pdf (blind, descubrir en segment)
    Descargado: 2010CLXXXVI53VII.pdf (blind, descubrir en segment)
    Descargado: 2010CLXXXVI53VIII.pdf (blind, descubrir en segment)
    Descargado: 2010CLXXXVI53IX.pdf (blind, descubrir en segment)
    Descargado: 2010CLXXXVI53X.pdf (blind, descubrir en segment)
    Descargado: 2010CLXXXVI53XI.pdf (blind, descubrir en segment)
    Descargado: 2010CLXXXVI53XII.pdf (blind, descubrir en segment)
    Descargado: 2010CLXXXVI53XIII.pdf (blind, descubrir en segment)
    Descargado: 2010CLXXXVI53XIV.pdf (blind, descubrir en segment)
    Descargado: 2010CLXXXVI53XV.pdf (blind, descubrir en segment)
    Descargado: 2010CLXXXVI53XVI.pdf (blind, descubrir en segment)
    Descargado: 2010CLXXXVI53XVII.pdf (blind, descubrir en segment)
    Descargado: 2010CLXXXVI53XVIII.pdf (blind, descubrir en segment)
    Descargado: 2010CLXXXVI53XIX.pdf (blind, descubrir en segment)
    Descargado: 2010CLXXXVI53XX.pdf (blind, descubrir en segment)
    Descargado: 2010CLXXXVI53XXI.pdf (blind, descubrir en segment)
    Descargado: 2010CLXXXVI53XXII.pdf (blind, descubrir en segment)
    Descargado: 2010CLXXXVI53XXIII.pdf (blind, descubrir en segment)
    Descargado: 2010CLXXXVI53XXV.pdf (blind, descubrir en segment)
    Descargado: EE931DICIEMBRE2010.pdf (blind, descubrir en segment)
    Descargado: EE1031DICIEMBRE2010.pdf (blind, descubrir en segment)
    Descargado: EE1131DICIEMBRE2010.pdf (blind, descubrir en segment)
    Descargado: EE1231DICIEMBRE2010.pdf (blind, descubrir en segment)
    82 PDFs candidatos → 0 con leyes en HTML, 82 blind

  ── anio_pub=2011 (ejercicio fiscal esperado=2012) ──
    Descargado: 2011CLXXXVIII44.pdf (blind, descubrir en segment)
    Descargado: 2011CLXXXVIII44I.pdf (blind, descubrir en segment)
    Descargado: 2011CLXXXVIII44II.pdf (blind, descubrir en segment)
    Descargado: 2011CLXXXVIII44III.pdf (blind, descubrir en segment)
    Descargado: 2011CLXXXVIII44IV.pdf (blind, descubrir en segment)
    Descargado: 2011CLXXXVIII44V.pdf (blind, descubrir en segment)
    Descargado: 2011CLXXXVIII44VI.pdf (blind, descubrir en segment)
    Descargado: 2011CLXXXVIII44VII.pdf (blind, descubrir en segment)
    Descargado: 2011CLXXXVIII44VIII.pdf (blind, descubrir en segment)
    Descargado: 2011CLXXXVIII44IX.pdf (blind, descubrir en segment)
    Descargado: 2011CLXXXVIII44X.pdf (blind, descubrir en segment)
    Descargado: 2011CLXXXVIII44XI.pdf (blind, descubrir en segment)
    Descargado: 2011CLXXXVIII44XII.pdf (blind, descubrir en segment)
    Descargado: 2011CLXXXVIII44XIII.pdf (blind, descubrir en segment)
    Descargado: 2011CLXXXVIII44XIV.pdf (blind, descubrir en segment)
    Descargado: 2011CLXXXVIII44XV.pdf (blind, descubrir en segment)
    Descargado: 2011CLXXXVIII45.pdf (blind, descubrir en segment)
    Descargado: 2011CLXXXVIII45I.pdf (blind, descubrir en segment)
    Descargado: 2011CLXXXVIII45II.pdf (blind, descubrir en segment)
    Descargado: 2011CLXXXVIII46.pdf (blind, descubrir en segment)
    Descargado: 2011CLXXXVIII46I.pdf (blind, descubrir en segment)
    Descargado: 2011CLXXXVIII46II.pdf (blind, descubrir en segment)
    Descargado: 2011CLXXXVIII46III.pdf (blind, descubrir en segment)
    Descargado: 2011CLXXXVIII46IV.pdf (blind, descubrir en segment)
    Descargado: 2011CLXXXVIII46V.pdf (blind, descubrir en segment)
    Descargado: 2011CLXXXVIII46VI.pdf (blind, descubrir en segment)
    Descargado: 2011CLXXXVIII46VII.pdf (blind, descubrir en segment)
    Descargado: 2011CLXXXVIII46VIII.pdf (blind, descubrir en segment)
    Descargado: 2011CLXXXVIII47.pdf (blind, descubrir en segment)
    Descargado: 2011CLXXXVIII47I.pdf (blind, descubrir en segment)
    Descargado: EE1114DICIEMBRE2011.pdf (blind, descubrir en segment)
    Descargado: 2011CLXXXVIII48.pdf (blind, descubrir en segment)
    Descargado: 2011CLXXXVIII48I.pdf (blind, descubrir en segment)
    Descargado: 2011CLXXXVIII48II.pdf (blind, descubrir en segment)
    Descargado: 2011CLXXXVIII48III.pdf (blind, descubrir en segment)
    Descargado: 2011CLXXXVIII48IV.pdf (blind, descubrir en segment)
    Descargado: 2011CLXXXVIII48V.pdf (blind, descubrir en segment)
    Descargado: 2011CLXXXVIII49.pdf (blind, descubrir en segment)
    Descargado: 2011CLXXXVIII49I.pdf (blind, descubrir en segment)
    Descargado: 2011CLXXXVIII49II.pdf (blind, descubrir en segment)
    Descargado: 2011CLXXXVIII49III.pdf (blind, descubrir en segment)
    Descargado: 2011CLXXXVIII49IV.pdf (blind, descubrir en segment)
    Descargado: 2011CLXXXVIII49V.pdf (blind, descubrir en segment)
    Descargado: 2011CLXXXVIII50.pdf (blind, descubrir en segment)
    Descargado: 2011CLXXXVIII50I.pdf (blind, descubrir en segment)
    [ERROR] 2011CLXXXVIII51.pdf: error:HTTPError
    Descargado: 2011CLXXXVIII51I.pdf (blind, descubrir en segment)
    Descargado: 2011CLXXXVIII51II.pdf (blind, descubrir en segment)
    Descargado: 2011CLXXXVIII51III.pdf (blind, descubrir en segment)
    Descargado: 2011CLXXXVIII51IV.pdf (blind, descubrir en segment)
    Descargado: 2011CLXXXVIII51V.pdf (blind, descubrir en segment)
    Descargado: 2011CLXXXVIII51VI.pdf (blind, descubrir en segment)
    Descargado: 2011CLXXXVIII51VII.pdf (blind, descubrir en segment)
    Descargado: 2011CLXXXVIII52.pdf (blind, descubrir en segment)
    Descargado: 2011CLXXXVIII52I.pdf (blind, descubrir en segment)
    Descargado: 2011CLXXXVIII52II.pdf (blind, descubrir en segment)
    Descargado: 2011CLXXXVIII52III.pdf (blind, descubrir en segment)
    Descargado: EE1230DICIEMBRE2011.pdf (blind, descubrir en segment)
    Descargado: EE1330DICIEMBRE2011.pdf (blind, descubrir en segment)
    Descargado: EE1430DICIEMBRE2011.pdf (blind, descubrir en segment)
    Descargado: EE1530DICIEMBRE2011.pdf (blind, descubrir en segment)
    Descargado: EE1630DICIEMBRE2011.pdf (blind, descubrir en segment)
    Descargado: EE1730DICIEMBRE2011.pdf (blind, descubrir en segment)
    63 PDFs candidatos → 0 con leyes en HTML, 63 blind

  ── anio_pub=2012 (ejercicio fiscal esperado=2013) ──
    Descargado: 2012CXC45.pdf (blind, descubrir en segment)
    Descargado: 2012CXC45I.pdf (blind, descubrir en segment)
    Descargado: 2012CXC45II.pdf (blind, descubrir en segment)
    Descargado: 2012CXC45III.pdf (blind, descubrir en segment)
    Descargado: 2012CXC45IV.pdf (blind, descubrir en segment)
    Descargado: 2012CXC45V.pdf (blind, descubrir en segment)
    Descargado: 2012CXC46.pdf (blind, descubrir en segment)
    Descargado: 2012CXC46I.pdf (blind, descubrir en segment)
    Descargado: 2012CXC46II.pdf (blind, descubrir en segment)
    Descargado: 2012CXC46III.pdf (blind, descubrir en segment)
    Descargado: 2012CXC46IV.pdf (blind, descubrir en segment)
    [ERROR] EE128DICIEMBRE2012.pdf: error:HTTPError
    Descargado: 2012CXC47.pdf (blind, descubrir en segment)
    Descargado: 2012CXC47I.pdf (blind, descubrir en segment)
    Descargado: 2012CXC47II.pdf (blind, descubrir en segment)
    Descargado: 2012CXC47III.pdf (blind, descubrir en segment)
    Descargado: 2012CXC47IV.pdf (blind, descubrir en segment)
    Descargado: 2012CXC48.pdf (blind, descubrir en segment)
    Descargado: 2012CXC48I.pdf (blind, descubrir en segment)
    [ERROR] EE1314DICIEMBRE2012.pdf: error:HTTPError
    Descargado: 2012CXC49.pdf (blind, descubrir en segment)
    Descargado: 2012CXC49I.pdf (blind, descubrir en segment)
    Descargado: 2012CXC49II.pdf (blind, descubrir en segment)
    Descargado: 2012CXC50.pdf (blind, descubrir en segment)
    Descargado: 2012CXC50I.pdf (blind, descubrir en segment)
    Descargado: 2012CXC50II.pdf (blind, descubrir en segment)
    Descargado: 2012CXC50III.pdf (blind, descubrir en segment)
    Descargado: 2012CXC50IV.pdf (blind, descubrir en segment)
    Descargado: 2012CXC50V.pdf (blind, descubrir en segment)
    Descargado: 2012CXC50VI.pdf (blind, descubrir en segment)
    Descargado: 2012CXC50VII.pdf (blind, descubrir en segment)
    Descargado: 2012CXC51.pdf (blind, descubrir en segment)
    Descargado: 2012CXC52.pdf (blind, descubrir en segment)
    Descargado: 2012CXC52I.pdf (blind, descubrir en segment)
    Descargado: 2012CXC53.pdf (blind, descubrir en segment)
    Descargado: 2012CXC53I.pdf (blind, descubrir en segment)
    Descargado: 2012CXC53II.pdf (blind, descubrir en segment)
    Descargado: 2012CXC53III.pdf (blind, descubrir en segment)
    Descargado: 2012CXC53IV.pdf (blind, descubrir en segment)
    Descargado: 2012CXC53V.pdf (blind, descubrir en segment)
    Descargado: 2012CXC53VI.pdf (blind, descubrir en segment)
    Descargado: 2012CXC53VII.pdf (blind, descubrir en segment)
    Descargado: 2012CXC53VIII.pdf (blind, descubrir en segment)
    Descargado: 2012CXC53IX.pdf (blind, descubrir en segment)
    Descargado: 2012CXC53X.pdf (blind, descubrir en segment)
    Descargado: 2012CXC53XI.pdf (blind, descubrir en segment)
    Descargado: 2012CXC53XII.pdf (blind, descubrir en segment)
    Descargado: 2012CXC53XIII.pdf (blind, descubrir en segment)
    Descargado: 2012CXC53XIV.pdf (blind, descubrir en segment)
    Descargado: 2012CXC53XV.pdf (blind, descubrir en segment)
    Descargado: 2012CXC53XVI.pdf (blind, descubrir en segment)
    Descargado: 2012CXC53XVII.pdf (blind, descubrir en segment)
    Descargado: 2012CXC53XVIII.pdf (blind, descubrir en segment)
    Descargado: 2012CXC53XIX.pdf (blind, descubrir en segment)
    Descargado: 2012CXC53XX.pdf (blind, descubrir en segment)
    Descargado: 2012CXC53XXI.pdf (blind, descubrir en segment)
    Descargado: 2012CXC53XXII.pdf (blind, descubrir en segment)
    Descargado: 2012CXC53XXIII.pdf (blind, descubrir en segment)
    Descargado: 2012CXC53XXIV.pdf (blind, descubrir en segment)
    [ERROR] 2012CXC53XXV.pdf: error:HTTPError
    [ERROR] 2012CXC53XXVI.pdf: error:HTTPError
    [ERROR] 2012CXC53XXVII.pdf: error:HTTPError
    [ERROR] 2012CXC53XXVIII.pdf: error:HTTPError
    Descargado: 2012CXC53XXIX.pdf (blind, descubrir en segment)
    [ERROR] 2012CXC53XXX.pdf: error:HTTPError
    [ERROR] 2012CXC53XXXI.pdf: error:HTTPError
    66 PDFs candidatos → 0 con leyes en HTML, 66 blind

  ── anio_pub=2013 (ejercicio fiscal esperado=2014) ──
    Descargado: 2013CXCII45.pdf (blind, descubrir en segment)
    Descargado: 2013CXCII45I.pdf (blind, descubrir en segment)
    Descargado: 2013CXCII45II.pdf (blind, descubrir en segment)
    Descargado: 2013CXCII46.pdf (blind, descubrir en segment)
    Descargado: 2013CXCII46I.pdf (blind, descubrir en segment)
    Descargado: 2013CXCII46II.pdf (blind, descubrir en segment)
    [ERROR] 2013CXCII46III.pdf: error:HTTPError
    Descargado: 2013CXCII47.pdf (blind, descubrir en segment)
    Descargado: 2013CXCII47I.pdf (blind, descubrir en segment)
    Descargado: 2013CXCII47II.pdf (blind, descubrir en segment)
    Descargado: 2013CXCII47III.pdf (blind, descubrir en segment)
    Descargado: 2013CXCII48.pdf (blind, descubrir en segment)
    Descargado: 2013CXCII48I.pdf (blind, descubrir en segment)
    Descargado: 2013CXCII48II.pdf (blind, descubrir en segment)
    Descargado: 2013CXCII48III.pdf (blind, descubrir en segment)
    Descargado: 2013CXCII48IV.pdf (blind, descubrir en segment)
    Descargado: 2013CXCII48V.pdf (blind, descubrir en segment)
    Descargado: 2013CXCII48VI.pdf (blind, descubrir en segment)
    [ERROR] 2013CXCII48VII.pdf: error:HTTPError
    Descargado: 2013CXCII48VIII.pdf (blind, descubrir en segment)
    [ERROR] 2013CXCII48IX.pdf: error:HTTPError
    [ERROR] 2013CXCII48X.pdf: error:HTTPError
    [ERROR] 2013CXCII48XI.pdf: error:HTTPError
    [ERROR] 2013CXCII48XII.pdf: error:HTTPError
    [ERROR] 2013CXCII48XIII.pdf: error:HTTPError
    [ERROR] 2013CXCII4XIV.pdf: error:HTTPError
    [ERROR] 2013CXCII48XV.pdf: error:HTTPError
    [ERROR] 2013CXCII48XVI.pdf: error:HTTPError
    [ERROR] 2013CXCII48XVII.pdf: error:HTTPError
    [ERROR] 2013CXCII48XVIII.pdf: error:HTTPError
    Descargado: 2013CXCII49.pdf (blind, descubrir en segment)
    Descargado: 2013CXCII49I.pdf (blind, descubrir en segment)
    Descargado: 2013CXCII49II.pdf (blind, descubrir en segment)
    Descargado: 2013CXCII49III.pdf (blind, descubrir en segment)
    Descargado: 2013CXCII49IV.pdf (blind, descubrir en segment)
    Descargado: 2013CXCII49V.pdf (blind, descubrir en segment)
    [ERROR] 2013CXCII49VI.pdf: error:HTTPError
    Descargado: 2013CXCII50.pdf (blind, descubrir en segment)
    Descargado: 2013CXCII50I.pdf (blind, descubrir en segment)
    Descargado: 2013CXCII50II.pdf (blind, descubrir en segment)
    Descargado: 2013CXCII50III.pdf (blind, descubrir en segment)
    Descargado: 2013CXCII50IV.pdf (blind, descubrir en segment)
    Descargado: 2013CXCII50V.pdf (blind, descubrir en segment)
    Descargado: 2013CXCII50VI.pdf (blind, descubrir en segment)
    Descargado: 2013CXCII50VII.pdf (blind, descubrir en segment)
    Descargado: 2013CXCII50VIII.pdf (blind, descubrir en segment)
    Descargado: 2013CXCII50IX.pdf (blind, descubrir en segment)
    Descargado: 2013CXCII50X.pdf (blind, descubrir en segment)
    Descargado: 2013CXCII50XI.pdf (blind, descubrir en segment)
    Descargado: 2013CXCII50XII.pdf (blind, descubrir en segment)
    Descargado: 2013CXCII50XIII.pdf (blind, descubrir en segment)
    Descargado: 2013CXCII50XV.pdf (blind, descubrir en segment)
    Descargado: 2013CXCII50XVI.pdf (blind, descubrir en segment)
    Descargado: 2013CXCII50XVII.pdf (blind, descubrir en segment)
    Descargado: 2013CXCII50XVIII.pdf (blind, descubrir en segment)
    Descargado: 2013CXCII50XIX.pdf (blind, descubrir en segment)
    Descargado: 2013CXCII50XX.pdf (blind, descubrir en segment)
    Descargado: 2013CXCII50XXI.pdf (blind, descubrir en segment)
    Descargado: 2013CXCII50XXII.pdf (blind, descubrir en segment)
    Descargado: 2013CXCII50XXIII.pdf (blind, descubrir en segment)
    Descargado: 2013CXCII50XXIV.pdf (blind, descubrir en segment)
    Descargado: 2013CXCII50XXV.pdf (blind, descubrir en segment)
    Descargado: 2013CXCII50XXVI.pdf (blind, descubrir en segment)
    Descargado: 2013CXCII50XXVIII.pdf (blind, descubrir en segment)
    Descargado: 2013CXCII51.pdf (blind, descubrir en segment)
    Descargado: 2013CXCII51I.pdf (blind, descubrir en segment)
    Descargado: 2013CXCII51II.pdf (blind, descubrir en segment)
    Descargado: 2013CXCII51III.pdf (blind, descubrir en segment)
    Descargado: 2013CXCII51IV.pdf (blind, descubrir en segment)
    Descargado: 2013CXCII51V.pdf (blind, descubrir en segment)
    Descargado: 2013CXCII52.pdf (blind, descubrir en segment)
    Descargado: 2013CXCII52I.pdf (blind, descubrir en segment)
    Descargado: 2013CXCII52II.pdf (blind, descubrir en segment)
    Descargado: 2013CXCII52III.pdf (blind, descubrir en segment)
    Descargado: 2013CXCII52IV.pdf (blind, descubrir en segment)
    Descargado: 2013CXCII53.pdf (blind, descubrir en segment)
    Descargado: 2013CXCII53I.pdf (blind, descubrir en segment)
    Descargado: 2013CXCII53II.pdf (blind, descubrir en segment)
    Descargado: 2013CXCII53III.pdf (blind, descubrir en segment)
    Descargado: 2013CXCII53IV.pdf (blind, descubrir en segment)
    Descargado: 2013CXCII53V.pdf (blind, descubrir en segment)
    Descargado: EE331DICIEMBRE2013.pdf (blind, descubrir en segment)
    Descargado: EE431DICIEMBRE2013.pdf (blind, descubrir en segment)
    83 PDFs candidatos → 0 con leyes en HTML, 83 blind

  ── anio_pub=2014 (ejercicio fiscal esperado=2015) ──
    Descargado: 2014CXCIV44.pdf (blind, descubrir en segment)
    Descargado: 2014CXCIV44I.pdf (blind, descubrir en segment)
    Descargado: 2014CXCIV44II.pdf (blind, descubrir en segment)
    Descargado: 2014CXCIV45.pdf (blind, descubrir en segment)
    Descargado: 2014CXCIV45I.pdf (blind, descubrir en segment)
    Descargado: 2014CXCIV45II.pdf (blind, descubrir en segment)
    Descargado: 2014CXCIV45III.pdf (blind, descubrir en segment)
    Descargado: 2014CXCIV45IV.pdf (blind, descubrir en segment)
    Descargado: 2014CXCIV46.pdf (blind, descubrir en segment)
    Descargado: 2014CXCIV46I.pdf (blind, descubrir en segment)
    Descargado: 2014CXCIV46II.pdf (blind, descubrir en segment)
    [ERROR] 2014CXCIV46III.pdf: error:HTTPError
    [ERROR] EE129DICIEMBRE2014.pdf: error:HTTPError
    Descargado: 2014CXCIV47.pdf (blind, descubrir en segment)
    Descargado: 2014CXCIV47I.pdf (blind, descubrir en segment)
    Descargado: 2014CXCIV47II.pdf (blind, descubrir en segment)
    Descargado: 2014CXCIV47III.pdf (blind, descubrir en segment)
    Descargado: 2014CXCIV48.pdf (blind, descubrir en segment)
    Descargado: 2014CXCIV48I.pdf (blind, descubrir en segment)
    Descargado: 2014CXCIV48II.pdf (blind, descubrir en segment)
    Descargado: 2014CXCIV49.pdf (blind, descubrir en segment)
    [ERROR] 2014CXCIV49I.pdf: error:HTTPError
    Descargado: 2014CXCIV49II.pdf (blind, descubrir en segment)
    Descargado: 2014CXCIV49III.pdf (blind, descubrir en segment)
    [ERROR] 2014CXCIV49IV.pdf: error:HTTPError
    [ERROR] 2014CXCIV49V.pdf: error:HTTPError
    Descargado: 2014CXCIV50.pdf (blind, descubrir en segment)
    [ERROR] 2014CXCIV50I.pdf: error:HTTPError
    Descargado: 2014CXCIV50II.pdf (blind, descubrir en segment)
    Descargado: 2014CXCIV50III.pdf (blind, descubrir en segment)
    Descargado: 2014CXCIV50IV.pdf (blind, descubrir en segment)
    Descargado: 2014CXCIV50V.pdf (blind, descubrir en segment)
    Descargado: 2014CXCIV50VI.pdf (blind, descubrir en segment)
    Descargado: 2014CXCIV50VII.pdf (blind, descubrir en segment)
    Descargado: 2014CXCIV50VIII.pdf (blind, descubrir en segment)
    Descargado: 2014CXCIV50IX.pdf (blind, descubrir en segment)
    Descargado: 2014CXCIV50X.pdf (blind, descubrir en segment)
    Descargado: 2014CXCIV50XI.pdf (blind, descubrir en segment)
    Descargado: 2014CXCIV50XII.pdf (blind, descubrir en segment)
    Descargado: 2014CXCIV50XIII.pdf (blind, descubrir en segment)
    Descargado: 2014CXCIV50XIV.pdf (blind, descubrir en segment)
    Descargado: 2014CXCIV50XV.pdf (blind, descubrir en segment)
    Descargado: 2014CXCIV50XVI.pdf (blind, descubrir en segment)
    Descargado: 2014CXCIV51.pdf (blind, descubrir en segment)
    Descargado: 2014CXCIV51I.pdf (blind, descubrir en segment)
    Descargado: 2014CXCIV51II.pdf (blind, descubrir en segment)
    [ERROR] 2014CXCIV51III.pdf: error:HTTPError
    Descargado: 2014CXCIV51IV.pdf (blind, descubrir en segment)
    Descargado: 2014CXCIV51V.pdf (blind, descubrir en segment)
    [ERROR] 2014CXCIV51VI.pdf: error:HTTPError
    Descargado: 2014CXCIV52.pdf (blind, descubrir en segment)
    Descargado: 2014CXCIV52I.pdf (blind, descubrir en segment)
    Descargado: 2014CXCIV52II.pdf (blind, descubrir en segment)
    Descargado: 2014CXCIV52III.pdf (blind, descubrir en segment)
    Descargado: 2014CXCIV52IV.pdf (blind, descubrir en segment)
    Descargado: 2014CXCIV52V.pdf (blind, descubrir en segment)
    Descargado: 2014CXCIV52VI.pdf (blind, descubrir en segment)
    Descargado: 2014CXCIV52VII.pdf (blind, descubrir en segment)
    Descargado: 2014CXCIV52VIII.pdf (blind, descubrir en segment)
    Descargado: 2014CXCIV52IX.pdf (blind, descubrir en segment)
    Descargado: 2014CXCIV52X.pdf (blind, descubrir en segment)
    Descargado: 2014CXCIV52XI.pdf (blind, descubrir en segment)
    Descargado: 2014CXCIV52XII.pdf (blind, descubrir en segment)
    Descargado: 2014CXCIV52XIII.pdf (blind, descubrir en segment)
    Descargado: 2014CXCIV52XIV.pdf (blind, descubrir en segment)
    Descargado: 2014CXCIV52XV.pdf (blind, descubrir en segment)
    Descargado: 2014CXCIV52XVI.pdf (blind, descubrir en segment)
    Descargado: 2014CXCIV52XVII.pdf (blind, descubrir en segment)
    Descargado: 2014CXCIV52XVIII.pdf (blind, descubrir en segment)
    Descargado: 2014CXCIV52XIX.pdf (blind, descubrir en segment)
    Descargado: 2014CXCIV52XX.pdf (blind, descubrir en segment)
    Descargado: 2014CXCIV52XXI.pdf (blind, descubrir en segment)
    Descargado: EE1330DICIEMBRE2014.pdf (blind, descubrir en segment)
    Descargado: EE1431DICIEMBRE2014.pdf (blind, descubrir en segment)
    Descargado: EE1531DICIEMBRE2014.pdf (blind, descubrir en segment)
    [ERROR] EE1631DICIEMBRE2014.pdf: error:HTTPError
    Descargado: EE1731DICIEMBRE2014.pdf (blind, descubrir en segment)
    Descargado: EE1831DICIEMBRE2014.pdf (blind, descubrir en segment)
    Descargado: EE1931DICIEMBRE2014.pdf (blind, descubrir en segment)
    Descargado: EE2031DICIEMBRE2014.pdf (blind, descubrir en segment)
    Descargado: EE2131DICIEMBRE2014.pdf (blind, descubrir en segment)
    Descargado: EE2231DICIEMBRE2014.pdf (blind, descubrir en segment)
    Descargado: EE2331DICIEMBRE2014.pdf (blind, descubrir en segment)
    Descargado: EE2431DICIEMBRE2014.pdf (blind, descubrir en segment)
    Descargado: EE2531DICIEMBRE2014.pdf (blind, descubrir en segment)
    Descargado: EE2631DICIEMBRE2014.pdf (blind, descubrir en segment)
    Descargado: EE2731DICIEMBRE2014.pdf (blind, descubrir en segment)
    Descargado: EE2831DICIEMBRE2014.pdf (blind, descubrir en segment)
    Descargado: EE2931DICIEMBRE2014.pdf (blind, descubrir en segment)
    Descargado: EE3031DICIEMBRE2014.pdf (blind, descubrir en segment)
    90 PDFs candidatos → 0 con leyes en HTML, 90 blind

  ── anio_pub=2015 (ejercicio fiscal esperado=2016) ──
    Descargado: 2015CXCVI45.pdf (blind, descubrir en segment)
    Descargado: 2015CXCVI45I.pdf (blind, descubrir en segment)
    Descargado: 2015CXCVI45II.pdf (blind, descubrir en segment)
    Descargado: 2015CXCVI46.pdf (blind, descubrir en segment)
    Descargado: 2015CXCVI46I.pdf (blind, descubrir en segment)
    Descargado: 2015CXCVI47.pdf (blind, descubrir en segment)
    Descargado: 2015CXCVI47I.pdf (blind, descubrir en segment)
    Descargado: 2015CXCVI47II.pdf (blind, descubrir en segment)
    Descargado: EE11DIC2015.pdf (blind, descubrir en segment)
    Descargado: EE12DIC2015.pdf (blind, descubrir en segment)
    Descargado: 2015CXCVI48.pdf (blind, descubrir en segment)
    Descargado: 2015CXCVI48I.pdf (blind, descubrir en segment)
    Descargado: 2015CXCVI48II.pdf (blind, descubrir en segment)
    Descargado: 2015CXCVI48III.pdf (blind, descubrir en segment)
    Descargado: 2015CXCVI48IV.pdf (blind, descubrir en segment)
    Descargado: 2015CXCVI48V.pdf (blind, descubrir en segment)
    Descargado: 2015CXCVI48VI.pdf (blind, descubrir en segment)
    Descargado: 2015CXCVI48VII.pdf (blind, descubrir en segment)
    Descargado: 2015CXCVI48VIII.pdf (blind, descubrir en segment)
    Descargado: EE15DIC2015.pdf (blind, descubrir en segment)
    Descargado: 2015CXCVI49.pdf (blind, descubrir en segment)
    Descargado: 2015CXCVI49I.pdf (blind, descubrir en segment)
    Descargado: 2015CXCVI49II.pdf (blind, descubrir en segment)
    Descargado: 2015CXCVI49III.pdf (blind, descubrir en segment)
    Descargado: 2015CXCVI49IV.pdf (blind, descubrir en segment)
    Descargado: 2015CXCVI50.pdf (blind, descubrir en segment)
    Descargado: 2015CXCVI50I.pdf (blind, descubrir en segment)
    Descargado: 2015CXCVI50II.pdf (blind, descubrir en segment)
    Descargado: 2015CXCVI50III.pdf (blind, descubrir en segment)
    Descargado: 2015CXCVI50IV.pdf (blind, descubrir en segment)
    Descargado: 2015CXCVI51.pdf (blind, descubrir en segment)
    Descargado: 2015CXCVI51I.pdf (blind, descubrir en segment)
    Descargado: 2015CXCVI51II.pdf (blind, descubrir en segment)
    Descargado: 2015CXCVI51III.pdf (blind, descubrir en segment)
    Descargado: 2015CXCVI51IV.pdf (1 leyes en HTML)
    Descargado: 2015CXCVI51V.pdf (blind, descubrir en segment)
    Descargado: 2015CXCVI51VI.pdf (blind, descubrir en segment)
    Descargado: 2015CXCVI51VII.pdf (blind, descubrir en segment)
    Descargado: 2015CXCVI51VIII.pdf (blind, descubrir en segment)
    Descargado: 2015CXCVI51IX.pdf (blind, descubrir en segment)
    Descargado: 2015CXCVI51X.pdf (blind, descubrir en segment)
    Descargado: 2015CXCVI51XI.pdf (blind, descubrir en segment)
    Descargado: 2015CXCVI51XII.pdf (blind, descubrir en segment)
    Descargado: 2015CXCVI51XIII.pdf (blind, descubrir en segment)
    Descargado: 2015CXCVI51XIV.pdf (blind, descubrir en segment)
    Descargado: 2015CXCVI51XV.pdf (blind, descubrir en segment)
    Descargado: 2015CXCVI51XVI.pdf (blind, descubrir en segment)
    Descargado: 2015CXCVI51XVII.pdf (blind, descubrir en segment)
    Descargado: 2015CXCVI51XVIII.pdf (blind, descubrir en segment)
    Descargado: 2015CXCVI51XIX.pdf (blind, descubrir en segment)
    Descargado: 2015CXCVI51XX.pdf (blind, descubrir en segment)
    Descargado: 2015CXCVI52.pdf (blind, descubrir en segment)
    Descargado: 2015CXCVI52I.pdf (blind, descubrir en segment)
    Descargado: 2015CXCVI52II.pdf (blind, descubrir en segment)
    Descargado: 2015CXCVI53.pdf (blind, descubrir en segment)
    Descargado: 2015CXCVI53I.pdf (blind, descubrir en segment)
    Descargado: 2015CXCVI53II.pdf (blind, descubrir en segment)
    Descargado: 2015CXCVI53III.pdf (blind, descubrir en segment)
    Descargado: 2015CXCVI53IV.pdf (blind, descubrir en segment)
    Descargado: 2015CXCVI53V.pdf (blind, descubrir en segment)
    Descargado: 2015CXCVI53VI.pdf (blind, descubrir en segment)
    Descargado: 2015CXCVI53VII.pdf (blind, descubrir en segment)
    Descargado: 2015CXCVI53VIII.pdf (blind, descubrir en segment)
    Descargado: 2015CXCVI53IX.pdf (blind, descubrir en segment)
    Descargado: 2015CXCVI53X.pdf (blind, descubrir en segment)
    Descargado: 2015CXCVI53XI.pdf (blind, descubrir en segment)
    Descargado: 2015CXCVI53XII.pdf (blind, descubrir en segment)
    Descargado: 2015CXCVI53XIII.pdf (blind, descubrir en segment)
    Descargado: 2015CXCVI53XIV.pdf (blind, descubrir en segment)
    Descargado: 2015CXCVI53XV.pdf (blind, descubrir en segment)
    Descargado: 2015CXCVI53XVI.pdf (blind, descubrir en segment)
    Descargado: 2015CXCVI53XVII.pdf (blind, descubrir en segment)
    Descargado: 2015CXCVI53XVIII.pdf (blind, descubrir en segment)
    Descargado: 2015CXCVI53XIX.pdf (blind, descubrir en segment)
    Descargado: 2015CXCVI53XX.pdf (blind, descubrir en segment)
    75 PDFs candidatos → 1 con leyes en HTML, 74 blind

  ── anio_pub=2016 (ejercicio fiscal esperado=2017) ──
    Descargado: 2016CXCVIII44.pdf (blind, descubrir en segment)
    Descargado: 2016CXCVIII44I.pdf (blind, descubrir en segment)
    Descargado: 2016CXCVIII44II.pdf (blind, descubrir en segment)
    Descargado: 2016CXCVIII44III.pdf (blind, descubrir en segment)
    Descargado: 2016CXCVIII45.pdf (blind, descubrir en segment)
    Descargado: 2016CXCVIII45I.pdf (blind, descubrir en segment)
    Descargado: 2016CXCVIII45II.pdf (blind, descubrir en segment)
    Descargado: 2016CXCVIII45III.pdf (blind, descubrir en segment)
    Descargado: 2016CXCVIII46.pdf (blind, descubrir en segment)
    Descargado: 2016CXCVIII46I.pdf (blind, descubrir en segment)
    Descargado: 2016CXCVIII46II.pdf (blind, descubrir en segment)
    Descargado: 2016CXCVIII46III.pdf (blind, descubrir en segment)
    Descargado: 2016CXCVIII46IV.pdf (blind, descubrir en segment)
    Descargado: 2016CXCVIII47.pdf (blind, descubrir en segment)
    Descargado: 2016CXCVIII47I.pdf (blind, descubrir en segment)
    Descargado: 2016CXCVIII47II.pdf (blind, descubrir en segment)
    Descargado: 2016CXCVIII47III.pdf (blind, descubrir en segment)
    Descargado: 2016CXCVIII48.pdf (blind, descubrir en segment)
    Descargado: 2016CXCVIII48I.pdf (blind, descubrir en segment)
    [ERROR] 2016CXCVIII48II.pdf: error:HTTPError
    Descargado: 2016CXCVIII49.pdf (blind, descubrir en segment)
    Descargado: 2016CXCVIII49I.pdf (blind, descubrir en segment)
    Descargado: 2016CXCVIII49II.pdf (blind, descubrir en segment)
    Descargado: 2016CXCVIII49III.pdf (blind, descubrir en segment)
    Descargado: 2016CXCVIII49IV.pdf (blind, descubrir en segment)
    Descargado: EE20DICIEMBRE2016.pdf (blind, descubrir en segment)
    Descargado: 2016CXCVIII50.pdf (blind, descubrir en segment)
    Descargado: 2016CXCVIII50I.pdf (blind, descubrir en segment)
    Descargado: 2016CXCVIII50II.pdf (blind, descubrir en segment)
    Descargado: 2016CXCVIII51.pdf (blind, descubrir en segment)
    Descargado: 2016CXCVIII51I.pdf (blind, descubrir en segment)
    Descargado: 2016CXCVIII51II.pdf (blind, descubrir en segment)
    Descargado: 2016CXCVIII51III.pdf (blind, descubrir en segment)
    Descargado: 2016CXCVIII51IV.pdf (blind, descubrir en segment)
    Descargado: 2016CXCVIII51V.pdf (blind, descubrir en segment)
    Descargado: 2016CXCVIII51VI.pdf (blind, descubrir en segment)
    Descargado: 2016CXCVIII51VII.pdf (blind, descubrir en segment)
    Descargado: 2016CXCVIII51VIII.pdf (blind, descubrir en segment)
    Descargado: 2016CXCVIII51IX.pdf (blind, descubrir en segment)
    Descargado: 2016CXCVIII51X.pdf (blind, descubrir en segment)
    Descargado: 2016CXCVIII51XI.pdf (blind, descubrir en segment)
    Descargado: 2016CXCVIII51XII.pdf (blind, descubrir en segment)
    Descargado: 2016CXCVIII51XIII.pdf (blind, descubrir en segment)
    Descargado: 2016CXCVIII51XIV.pdf (blind, descubrir en segment)
    Descargado: 2016CXCVIII51XV.pdf (blind, descubrir en segment)
    Descargado: 2016CXCVIII51XVI.pdf (blind, descubrir en segment)
    Descargado: 2016CXCVIII51XVII.pdf (blind, descubrir en segment)
    Descargado: 2016CXCVIII51XVIII.pdf (blind, descubrir en segment)
    Descargado: 2016CXCVIII51XIX.pdf (blind, descubrir en segment)
    Descargado: 2016CXCVIII51XX.pdf (blind, descubrir en segment)
    Descargado: 2016CXCVIII51XXI.pdf (blind, descubrir en segment)
    Descargado: 2016CXCVIII51XXII.pdf (blind, descubrir en segment)
    Descargado: 2016CXCVIII51XXIII.pdf (blind, descubrir en segment)
    Descargado: 2016CXCVIII52.pdf (blind, descubrir en segment)
    Descargado: 2016CXCVIII52I.pdf (blind, descubrir en segment)
    Descargado: 2016CXCVIII52II.pdf (blind, descubrir en segment)
    Descargado: 2016CXCVIII52III.pdf (blind, descubrir en segment)
    Descargado: EE131DICIEMBRE2016.pdf (blind, descubrir en segment)
    Descargado: EE231DICIEMBRE2016.pdf (blind, descubrir en segment)
    Descargado: EE331DICIEMBRE2016.pdf (blind, descubrir en segment)
    Descargado: EE431DICIEMBRE2016.pdf (blind, descubrir en segment)
    Descargado: EE531DICIEMBRE2016.pdf (blind, descubrir en segment)
    Descargado: EE631DICIEMBRE2016.pdf (blind, descubrir en segment)
    Descargado: EE731DICIEMBRE2016.pdf (blind, descubrir en segment)
    Descargado: EE831DICIEMBRE2016.pdf (blind, descubrir en segment)
    Descargado: EE931DICIEMBRE2016.pdf (blind, descubrir en segment)
    Descargado: EE1031DICIEMBRE2016.pdf (blind, descubrir en segment)
    Descargado: EE1131DICIEMBRE2016.pdf (blind, descubrir en segment)
    Descargado: EE1231DICIEMBRE2016.pdf (blind, descubrir en segment)
    Descargado: EE1331DICIEMBRE2016.pdf (blind, descubrir en segment)
    Descargado: EE13B31DICIEMBRE2016.pdf (blind, descubrir en segment)
    Descargado: EE1431DICIEMBRE2016.pdf (blind, descubrir en segment)
    Descargado: EE1531DICIEMBRE2016.pdf (blind, descubrir en segment)
    Descargado: EE1631DICIEMBRE2016.pdf (blind, descubrir en segment)
    74 PDFs candidatos → 0 con leyes en HTML, 74 blind

  ── anio_pub=2017 (ejercicio fiscal esperado=2018) ──
    Descargado: 2017CC45.pdf (blind, descubrir en segment)
    Descargado: 2017CC45I.pdf (blind, descubrir en segment)
    Descargado: 2017CC46.pdf (blind, descubrir en segment)
    Descargado: 2017CC46I.pdf (blind, descubrir en segment)
    Descargado: 2017CC46II.pdf (blind, descubrir en segment)
    Descargado: 2017CC47.pdf (blind, descubrir en segment)
    Descargado: 2017CC47I.pdf (blind, descubrir en segment)
    Descargado: 2017CC47II.pdf (blind, descubrir en segment)
    Descargado: 2017CC48.pdf (blind, descubrir en segment)
    Descargado: 2017CC48I.pdf (blind, descubrir en segment)
    Descargado: 2017CC48II.pdf (blind, descubrir en segment)
    Descargado: 2017CC48III.pdf (blind, descubrir en segment)
    Descargado: 2017CC48IV.pdf (blind, descubrir en segment)
    Descargado: 2017CC48V.pdf (blind, descubrir en segment)
    Descargado: 2017CC48VI.pdf (blind, descubrir en segment)
    Descargado: 2017CC48VII.pdf (blind, descubrir en segment)
    Descargado: 2017CC48VIII.pdf (blind, descubrir en segment)
    Descargado: 2017CC48IX.pdf (blind, descubrir en segment)
    Descargado: 2017CC48X.pdf (blind, descubrir en segment)
    Descargado: 2017CC48XI.pdf (blind, descubrir en segment)
    Descargado: 2017CC48XII.pdf (blind, descubrir en segment)
    Descargado: 2017CC48XIII.pdf (blind, descubrir en segment)
    Descargado: 2017CC48XIV.pdf (blind, descubrir en segment)
    Descargado: 2017CC48XV.pdf (blind, descubrir en segment)
    Descargado: 2017CC48XVI.pdf (blind, descubrir en segment)
    Descargado: 2017CC49.pdf (blind, descubrir en segment)
    Descargado: 2017CC49I.pdf (blind, descubrir en segment)
    Descargado: 2017CC49II.pdf (blind, descubrir en segment)
    Descargado: 2017CC50.pdf (blind, descubrir en segment)
    Descargado: 2017CC50I.pdf (blind, descubrir en segment)
    Descargado: 2017CC50II.pdf (1 leyes en HTML)
    Descargado: 2017CC50III.pdf (blind, descubrir en segment)
    Descargado: 2017CC50IV.pdf (blind, descubrir en segment)
    Descargado: 2017CC50V.pdf (blind, descubrir en segment)
    Descargado: 2017CC51.pdf (blind, descubrir en segment)
    Descargado: 2017CC51I.pdf (blind, descubrir en segment)
    Descargado: 2017CC51II.pdf (blind, descubrir en segment)
    Descargado: 2017CC51III.pdf (1 leyes en HTML)
    Descargado: 2017CC51IV.pdf (blind, descubrir en segment)
    Descargado: 2017CC51V.pdf (blind, descubrir en segment)
    Descargado: EE27DICIEMBRE2017.pdf (blind, descubrir en segment)
    Descargado: 2017CC52.pdf (blind, descubrir en segment)
    Descargado: 2017CC52I.pdf (blind, descubrir en segment)
    Descargado: 2017CC52II.pdf (blind, descubrir en segment)
    Descargado: 2017CC52III.pdf (blind, descubrir en segment)
    Descargado: 2017CC52IV.pdf (blind, descubrir en segment)
    Descargado: 2017CC52V.pdf (blind, descubrir en segment)
    Descargado: 2017CC52VI.pdf (blind, descubrir en segment)
    Descargado: 2017CC52VII.pdf (blind, descubrir en segment)
    Descargado: 2017CC52VIII.pdf (blind, descubrir en segment)
    Descargado: 2017CC52IX.pdf (blind, descubrir en segment)
    Descargado: 2017CC52X.pdf (blind, descubrir en segment)
    Descargado: 2017CC52XI.pdf (blind, descubrir en segment)
    Descargado: 2017CC52XII.pdf (blind, descubrir en segment)
    Descargado: 2017CC52XIII.pdf (blind, descubrir en segment)
    Descargado: 2017CC52XIV.pdf (blind, descubrir en segment)
    Descargado: 2017CC52XV.pdf (blind, descubrir en segment)
    Descargado: 2017CC52XVI.pdf (blind, descubrir en segment)
    Descargado: 2017CC52XVII.pdf (blind, descubrir en segment)
    Descargado: 2017CC52XVIII.pdf (blind, descubrir en segment)
    Descargado: EE131DICIEMBRE2017.pdf (blind, descubrir en segment)
    Descargado: EE231DICIEMBRE2017.pdf (blind, descubrir en segment)
    Descargado: EE331DICIEMBRE2017.pdf (blind, descubrir en segment)
    Descargado: EE431DICIEMBRE2017.pdf (blind, descubrir en segment)
    Descargado: EE531DICIEMBRE2017.pdf (blind, descubrir en segment)
    Descargado: EE631DICIEMBRE2017.pdf (blind, descubrir en segment)
    Descargado: EE731DICIEMBRE2017.pdf (blind, descubrir en segment)
    Descargado: EE831DICIEMBRE2017.pdf (blind, descubrir en segment)
    Descargado: EE931DICIEMBRE2017.pdf (blind, descubrir en segment)
    Descargado: EE1031DICIEMBRE2017.pdf (blind, descubrir en segment)
    Descargado: EE1131DICIEMBRE2017.pdf (blind, descubrir en segment)
    Descargado: EE1231DICIEMBRE2017.pdf (blind, descubrir en segment)
    Descargado: EE1331DICIEMBRE2017.pdf (blind, descubrir en segment)
    Descargado: EE1431DICIEMBRE2017.pdf (blind, descubrir en segment)
    Descargado: EE1531DICIEMBRE2017.pdf (blind, descubrir en segment)
    Descargado: EE1631DICIEMBRE2017.pdf (blind, descubrir en segment)
    Descargado: EE1731DICIEMBRE2017.pdf (blind, descubrir en segment)
    Descargado: EE1831DICIEMBRE2017.pdf (blind, descubrir en segment)
    Descargado: EE1931DICIEMBRE2017.pdf (blind, descubrir en segment)
    Descargado: EE2031DICIEMBRE2017.pdf (blind, descubrir en segment)
    Descargado: EE2131DICIEMBRE2017.pdf (blind, descubrir en segment)
    Descargado: EE2231DICIEMBRE2017.pdf (blind, descubrir en segment)
    Descargado: EE2331DICIEMBRE2017.pdf (blind, descubrir en segment)
    83 PDFs candidatos → 2 con leyes en HTML, 81 blind

  ── anio_pub=2018 (ejercicio fiscal esperado=2019) ──
    Descargado: 2018CCII45.pdf (blind, descubrir en segment)
    Descargado: 2018CCII45I.pdf (blind, descubrir en segment)
    Descargado: 2018CCII45II.pdf (blind, descubrir en segment)
    Descargado: 2018CCII45III.pdf (blind, descubrir en segment)
    Descargado: 2018CCII46.pdf (blind, descubrir en segment)
    Descargado: 2018CCII46I.pdf (blind, descubrir en segment)
    Descargado: 2018CCII46II.pdf (blind, descubrir en segment)
    Descargado: 2018CCII46III.pdf (blind, descubrir en segment)
    Descargado: 2018CCII47.pdf (blind, descubrir en segment)
    Descargado: 2018CCII47I.pdf (blind, descubrir en segment)
    Descargado: 2018CCII48.pdf (blind, descubrir en segment)
    Descargado: 2018CCII48I.pdf (blind, descubrir en segment)
    Descargado: 2018CCII48II.pdf (blind, descubrir en segment)
    Descargado: 2018CCII48III.pdf (blind, descubrir en segment)
    Descargado: 2018CCII49.pdf (blind, descubrir en segment)
    Descargado: 2018CCII49I.pdf (blind, descubrir en segment)
    Descargado: 2018CCII49II.pdf (blind, descubrir en segment)
    Descargado: 2018CCII49III.pdf (blind, descubrir en segment)
    Descargado: EE19122018.pdf (blind, descubrir en segment)
    Descargado: 2018CCII50.pdf (blind, descubrir en segment)
    Descargado: 2018CCII50I.pdf (blind, descubrir en segment)
    Descargado: 2018CCII50II.pdf (blind, descubrir en segment)
    Descargado: 2018CCII50III.pdf (blind, descubrir en segment)
    Descargado: 2018CCII51.pdf (blind, descubrir en segment)
    Descargado: 2018CCII51I.pdf (blind, descubrir en segment)
    Descargado: 2018CCII51II.pdf (blind, descubrir en segment)
    Descargado: 2018CCII51III.pdf (blind, descubrir en segment)
    Descargado: 2018CCII51IV.pdf (blind, descubrir en segment)
    Descargado: 2018CCII51V.pdf (blind, descubrir en segment)
    Descargado: 2018CCII51VI.pdf (blind, descubrir en segment)
    Descargado: 2018CCII51VII.pdf (blind, descubrir en segment)
    Descargado: 2018CCII51VIII.pdf (blind, descubrir en segment)
    Descargado: 2018CCII51IX.pdf (blind, descubrir en segment)
    Descargado: 2018CCII51X.pdf (blind, descubrir en segment)
    Descargado: 2018CCII51XI.pdf (blind, descubrir en segment)
    Descargado: 2018CCII51XII.pdf (blind, descubrir en segment)
    Descargado: 2018CCII51XIII.pdf (blind, descubrir en segment)
    Descargado: 2018CCII51XIV.pdf (blind, descubrir en segment)
    Descargado: 2018CCII51XV.pdf (blind, descubrir en segment)
    Descargado: 2018CCII51XVI.pdf (blind, descubrir en segment)
    Descargado: 2018CCII51XVII.pdf (blind, descubrir en segment)
    Descargado: 2018CCII51XVIII.pdf (blind, descubrir en segment)
    Descargado: 2018CCII51XIX.pdf (blind, descubrir en segment)
    Descargado: 2018CCII51XX.pdf (blind, descubrir en segment)
    Descargado: 2018CCII51XXI.pdf (blind, descubrir en segment)
    Descargado: 2018CCII52.pdf (blind, descubrir en segment)
    Descargado: 2018CCII52I.pdf (blind, descubrir en segment)
    Descargado: 2018CCII52II.pdf (blind, descubrir en segment)
    Descargado: 2018CCII53.pdf (blind, descubrir en segment)
    Descargado: 2018CCII53I.pdf (blind, descubrir en segment)
    Descargado: 2018CCII53II.pdf (blind, descubrir en segment)
    Descargado: 2018CCII53III.pdf (blind, descubrir en segment)
    Descargado: 2018CCII53IV.pdf (blind, descubrir en segment)
    Descargado: 2018CCII53V.pdf (blind, descubrir en segment)
    Descargado: 2018CCII53VI.pdf (blind, descubrir en segment)
    Descargado: 2018CCII53VII.pdf (blind, descubrir en segment)
    Descargado: 2018CCII53VIII.pdf (blind, descubrir en segment)
    Descargado: 2018CCII53IX.pdf (blind, descubrir en segment)
    Descargado: 2018CCII53X.pdf (blind, descubrir en segment)
    Descargado: 2018CCII53XI.pdf (blind, descubrir en segment)
    Descargado: 2018CCII53XII.pdf (blind, descubrir en segment)
    Descargado: 2018CCII53XIII.pdf (blind, descubrir en segment)
    Descargado: 2018CCII53XIV.pdf (blind, descubrir en segment)
    Descargado: 2018CCII53XV.pdf (blind, descubrir en segment)
    Descargado: 2018CCII53XVI.pdf (blind, descubrir en segment)
    Descargado: 2018CCII53XVII.pdf (blind, descubrir en segment)
    Descargado: 2018CCII53XVIII.pdf (blind, descubrir en segment)
    Descargado: 2018CCII53XIX.pdf (blind, descubrir en segment)
    Descargado: 2018CCII53XX.pdf (blind, descubrir en segment)
    Descargado: 2018CCII53XXI.pdf (blind, descubrir en segment)
    Descargado: 2018CCII53XXII.pdf (blind, descubrir en segment)
    Descargado: 2018CCII53XXIII.pdf (blind, descubrir en segment)
    72 PDFs candidatos → 0 con leyes en HTML, 72 blind

  ── anio_pub=2019 (ejercicio fiscal esperado=2020) ──
    Descargado: 2019CCIV45.pdf (blind, descubrir en segment)
    Descargado: 2019CCIV45I.pdf (blind, descubrir en segment)
    Descargado: 2019CCIV45II.pdf (blind, descubrir en segment)
    Descargado: 2019CCIV46.pdf (blind, descubrir en segment)
    Descargado: 2019CCIV46I.pdf (blind, descubrir en segment)
    Descargado: 2019CCIV46II.pdf (blind, descubrir en segment)
    Descargado: 2019CCIV47.pdf (blind, descubrir en segment)
    Descargado: 2019CCIV47I.pdf (blind, descubrir en segment)
    Descargado: 2019CCIV47II.pdf (blind, descubrir en segment)
    Descargado: 2019CCIV47III.pdf (blind, descubrir en segment)
    Descargado: 2019CCIV48.pdf (blind, descubrir en segment)
    Descargado: 2019CCIV48I.pdf (blind, descubrir en segment)
    Descargado: 2019CCIV48II.pdf (blind, descubrir en segment)
    Descargado: 2019CCIV48III.pdf (blind, descubrir en segment)
    Descargado: 2019CCIV48IV.pdf (blind, descubrir en segment)
    Descargado: 2019CCIV49.pdf (blind, descubrir en segment)
    Descargado: 2019CCIV49I.pdf (blind, descubrir en segment)
    Descargado: 2019CCIV49II.pdf (blind, descubrir en segment)
    Descargado: EE17122019.pdf (blind, descubrir en segment)
    Descargado: 2019CCIV50.pdf (blind, descubrir en segment)
    Descargado: 2019CCIV50I.pdf (blind, descubrir en segment)
    Descargado: 2019CCIV50II.pdf (blind, descubrir en segment)
    Descargado: 2019CCIV50III.pdf (blind, descubrir en segment)
    Descargado: 2019CCIV50IV.pdf (blind, descubrir en segment)
    Descargado: 2019CCIV50V.pdf (blind, descubrir en segment)
    Descargado: EE20122019.pdf (blind, descubrir en segment)
    Descargado: EE22122019.pdf (blind, descubrir en segment)
    Descargado: 2019CCIV51.pdf (blind, descubrir en segment)
    Descargado: 2019CCIV51I.pdf (blind, descubrir en segment)
    Descargado: 2019CCIV51II.pdf (blind, descubrir en segment)
    Descargado: 2019CCIV51III.pdf (blind, descubrir en segment)
    Descargado: 2019CCIV51IV.pdf (blind, descubrir en segment)
    Descargado: 2019CCIV52.pdf (blind, descubrir en segment)
    Descargado: 2019CCIV52I.pdf (blind, descubrir en segment)
    Descargado: EE271220191.pdf (blind, descubrir en segment)
    Descargado: EE271220192.pdf (blind, descubrir en segment)
    Descargado: EE271220193.pdf (blind, descubrir en segment)
    Descargado: EE271220194.pdf (2 leyes en HTML)
    Descargado: EE271220195.pdf (2 leyes en HTML)
    Descargado: EE271220196.pdf (2 leyes en HTML)
    Descargado: EE271220197.pdf (2 leyes en HTML)
    Descargado: EE271220198.pdf (4 leyes en HTML)
    Descargado: EE271220199.pdf (4 leyes en HTML)
    Descargado: EE2712201910.pdf (7 leyes en HTML)
    Descargado: EE2712201911.pdf (5 leyes en HTML)
    Descargado: EE2712201912.pdf (3 leyes en HTML)
    Descargado: EE2712201913.pdf (3 leyes en HTML)
    Descargado: EE2712201914.pdf (4 leyes en HTML)
    Descargado: EE2712201915.pdf (6 leyes en HTML)
    Descargado: EE2712201916.pdf (3 leyes en HTML)
    Descargado: EE2712201917.pdf (4 leyes en HTML)
    Descargado: EE2712201918.pdf (1 leyes en HTML)
    Descargado: EE2712201919.pdf (6 leyes en HTML)
    Descargado: EE2712201920.pdf (8 leyes en HTML)
    Descargado: EE2712201921.pdf (3 leyes en HTML)
    Descargado: EE2712201922.pdf (blind, descubrir en segment)
    Descargado: EE2712201923.pdf (blind, descubrir en segment)
    Descargado: 2019CCIV53.pdf (blind, descubrir en segment)
    Descargado: 2019CCIV53I.pdf (blind, descubrir en segment)
    Descargado: 2019CCIV53II.pdf (blind, descubrir en segment)
    Descargado: 2019CCIV53III.pdf (blind, descubrir en segment)
    Descargado: 2019CCIV53IV.pdf (blind, descubrir en segment)
    Descargado: EE3112201914.pdf (blind, descubrir en segment)
    Descargado: EE311220191.pdf (blind, descubrir en segment)
    Descargado: EE311220192.pdf (blind, descubrir en segment)
    Descargado: EE311220193.pdf (blind, descubrir en segment)
    Descargado: EE311220194.pdf (blind, descubrir en segment)
    Descargado: EE311220195.pdf (blind, descubrir en segment)
    Descargado: EE311220196.pdf (blind, descubrir en segment)
    Descargado: EE311220197.pdf (blind, descubrir en segment)
    Descargado: EE311220198.pdf (blind, descubrir en segment)
    Descargado: EE311220199.pdf (blind, descubrir en segment)
    Descargado: EE3112201910.pdf (blind, descubrir en segment)
    Descargado: EE3112201911.pdf (blind, descubrir en segment)
    Descargado: EE3112201912.pdf (blind, descubrir en segment)
    Descargado: EE3112201913.pdf (blind, descubrir en segment)
    Descargado: EE3112201915.pdf (blind, descubrir en segment)
    77 PDFs candidatos → 18 con leyes en HTML, 59 blind

  ── anio_pub=2020 (ejercicio fiscal esperado=2021) ──
    Descargado: EE01122020.pdf (blind, descubrir en segment)
    Descargado: 2020CCVI45.pdf (blind, descubrir en segment)
    Descargado: 2020CCVI45I.pdf (blind, descubrir en segment)
    Descargado: 2020CCVI45II.pdf (blind, descubrir en segment)
    Descargado: 2020CCVI45III.pdf (blind, descubrir en segment)
    Descargado: 2020CCVI45IV.pdf (blind, descubrir en segment)
    Descargado: 2020CCVI45V.pdf (blind, descubrir en segment)
    Descargado: 2020CCVI45VI.pdf (blind, descubrir en segment)
    Descargado: 2020CCVI46.pdf (blind, descubrir en segment)
    Descargado: 2020CCVI46I.pdf (blind, descubrir en segment)
    Descargado: 2020CCVI46II.pdf (blind, descubrir en segment)
    Descargado: 2020CCVI46III.pdf (2 leyes en HTML)
    Descargado: 2020CCVI46IV.pdf (blind, descubrir en segment)
    Descargado: 2020CCVI46V.pdf (blind, descubrir en segment)
    Descargado: 2020CCVI47.pdf (blind, descubrir en segment)
    Descargado: 2020CCVI47I.pdf (blind, descubrir en segment)
    Descargado: 2020CCVI47II.pdf (blind, descubrir en segment)
    Descargado: EE11122020.pdf (blind, descubrir en segment)
    Descargado: 2020CCVI48.pdf (blind, descubrir en segment)
    Descargado: 2020CCVI48I.pdf (blind, descubrir en segment)
    Descargado: 2020CCVI48II.pdf (blind, descubrir en segment)
    Descargado: 2020CCVI49.pdf (blind, descubrir en segment)
    Descargado: 2020CCVI49I.pdf (blind, descubrir en segment)
    Descargado: 2020CCVI49II.pdf (blind, descubrir en segment)
    Descargado: 2020CCVI49III.pdf (blind, descubrir en segment)
    Descargado: 2020CCVI50.pdf (blind, descubrir en segment)
    Descargado: 2020CCVI50I.pdf (blind, descubrir en segment)
    Descargado: 2020CCVI50II.pdf (blind, descubrir en segment)
    Descargado: 2020CCVI50III.pdf (blind, descubrir en segment)
    Descargado: 2020CCVI50IV.pdf (blind, descubrir en segment)
    Descargado: 2020CCVI50V.pdf (blind, descubrir en segment)
    Descargado: 2020CCVI50VI.pdf (blind, descubrir en segment)
    Descargado: 2020CCVI51.pdf (blind, descubrir en segment)
    Descargado: 2020CCVI51I.pdf (blind, descubrir en segment)
    Descargado: 2020CCVI51II.pdf (blind, descubrir en segment)
    Descargado: 2020CCVI51III.pdf (1 leyes en HTML)
    Descargado: 2020CCVI51IV.pdf (blind, descubrir en segment)
    Descargado: 2020CCVI51V.pdf (blind, descubrir en segment)
    Descargado: 2020CCVI51VI.pdf (4 leyes en HTML)
    Descargado: 2020CCVI51VII.pdf (blind, descubrir en segment)
    Descargado: 2020CCVI51VIII.pdf (blind, descubrir en segment)
    Descargado: 2020CCVI51IX.pdf (2 leyes en HTML)
    Descargado: 2020CCVI51X.pdf (1 leyes en HTML)
    Descargado: 2020CCVI51XI.pdf (blind, descubrir en segment)
    Descargado: 2020CCVI51XII.pdf (blind, descubrir en segment)
    Descargado: 2020CCVI51XIII.pdf (5 leyes en HTML)
    Descargado: 2020CCVI51XIV.pdf (5 leyes en HTML)
    Descargado: 2020CCVI51XV.pdf (2 leyes en HTML)
    Descargado: 2020CCVI51XVI.pdf (5 leyes en HTML)
    Descargado: 2020CCVI51XVII.pdf (6 leyes en HTML)
    Descargado: 2020CCVI51XVIII.pdf (4 leyes en HTML)
    Descargado: 2020CCVI51XIX.pdf (9 leyes en HTML)
    Descargado: 2020CCVI51XX.pdf (5 leyes en HTML)
    Descargado: 2020CCVI51XXI.pdf (9 leyes en HTML)
    Descargado: 2020CCVI52.pdf (blind, descubrir en segment)
    Descargado: 2020CCVI52I.pdf (blind, descubrir en segment)
    Descargado: EE30122020.pdf (blind, descubrir en segment)
    Descargado: 2020CCVI53.pdf (blind, descubrir en segment)
    Descargado: 2020CCVI53I.pdf (blind, descubrir en segment)
    Descargado: 2020CCVI53II.pdf (blind, descubrir en segment)
    Descargado: 2020CCVI53III.pdf (blind, descubrir en segment)
    Descargado: 2020CCVI53IV.pdf (blind, descubrir en segment)
    Descargado: 2020CCVI53V.pdf (blind, descubrir en segment)
    Descargado: 2020CCVI53VI.pdf (blind, descubrir en segment)
    Descargado: 2020CCVI53VII.pdf (blind, descubrir en segment)
    Descargado: 2020CCVI53VIII.pdf (blind, descubrir en segment)
    Descargado: 2020CCVI53IX.pdf (blind, descubrir en segment)
    Descargado: 2020CCVI53X.pdf (blind, descubrir en segment)
    Descargado: 2020CCVI53XI.pdf (blind, descubrir en segment)
    Descargado: 2020CCVI53XII.pdf (blind, descubrir en segment)
    Descargado: 2020CCVI53XIII.pdf (blind, descubrir en segment)
    Descargado: 2020CCVI53XIV.pdf (blind, descubrir en segment)
    Descargado: 2020CCVI53XV.pdf (blind, descubrir en segment)
    Descargado: 2020CCVI53XVI.pdf (blind, descubrir en segment)
    Descargado: 2020CCVI53XVII.pdf (blind, descubrir en segment)
    75 PDFs candidatos → 14 con leyes en HTML, 61 blind

  ── anio_pub=2021 (ejercicio fiscal esperado=2022) ──
    Descargado: EE01122021.pdf (blind, descubrir en segment)
    Descargado: 2021CCVIII45.pdf (blind, descubrir en segment)
    Descargado: 2021CCVIII45I.pdf (blind, descubrir en segment)
    Descargado: 2021CCVIII45II.pdf (blind, descubrir en segment)
    Descargado: 2021CCVIII45III.pdf (blind, descubrir en segment)
    Descargado: 2021CCVIII46.pdf (blind, descubrir en segment)
    Descargado: 2021CCVIII46I.pdf (blind, descubrir en segment)
    Descargado: EE08122021.pdf (blind, descubrir en segment)
    Descargado: 2021CCVIII47.pdf (blind, descubrir en segment)
    Descargado: 2021CCVIII47I.pdf (blind, descubrir en segment)
    Descargado: 2021CCVIII47II.pdf (blind, descubrir en segment)
    Descargado: 2021CCVIII47III.pdf (blind, descubrir en segment)
    Descargado: 2021CCVIII47IV.pdf (blind, descubrir en segment)
    Descargado: 2021CCVIII48.pdf (blind, descubrir en segment)
    Descargado: 2021CCVIII48I.pdf (blind, descubrir en segment)
    Descargado: EE14122021.pdf (blind, descubrir en segment)
    Descargado: 2021CCVIII49.pdf (blind, descubrir en segment)
    Descargado: 2021CCVIII49I.pdf (blind, descubrir en segment)
    Descargado: 2021CCVIII49II.pdf (blind, descubrir en segment)
    Descargado: 2021CCVIII50.pdf (blind, descubrir en segment)
    Descargado: 2021CCVIII50I.pdf (blind, descubrir en segment)
    Descargado: 2021CCVIII50II.pdf (blind, descubrir en segment)
    Descargado: 2021CCVIII50III.pdf (blind, descubrir en segment)
    Descargado: 2021CCVIII50IV.pdf (blind, descubrir en segment)
    Descargado: EE21122021.pdf (blind, descubrir en segment)
    Descargado: 2021CCVIII51.pdf (blind, descubrir en segment)
    Descargado: 2021CCVIII51I.pdf (blind, descubrir en segment)
    Descargado: 2021CCVIII51II.pdf (blind, descubrir en segment)
    Descargado: 2021CCVIII51III.pdf (blind, descubrir en segment)
    Descargado: 2021CCVIII51IV.pdf (blind, descubrir en segment)
    Descargado: 2021CCVIII52.pdf (blind, descubrir en segment)
    Descargado: 2021CCVIII52I.pdf (blind, descubrir en segment)
    Descargado: 2021CCVIII52II.pdf (blind, descubrir en segment)
    Descargado: 2021CCVIII52III.pdf (blind, descubrir en segment)
    Descargado: 2021CCVIII53.pdf (blind, descubrir en segment)
    Descargado: 2021CCVIII53I.pdf (blind, descubrir en segment)
    Descargado: 2021CCVIII53II.pdf (blind, descubrir en segment)
    Descargado: 2021CCVIII53III.pdf (blind, descubrir en segment)
    Descargado: 2021CCVIII53IV.pdf (blind, descubrir en segment)
    Descargado: 2021CCVIII53V.pdf (blind, descubrir en segment)
    Descargado: 2021CCVIII53VI.pdf (blind, descubrir en segment)
    Descargado: 2021CCVIII53VII.pdf (blind, descubrir en segment)
    Descargado: 2021CCVIII53VIII.pdf (blind, descubrir en segment)
    Descargado: 2021CCVIII53IX.pdf (blind, descubrir en segment)
    Descargado: 2021CCVIII53X.pdf (blind, descubrir en segment)
    Descargado: 2021CCVIII53XI.pdf (blind, descubrir en segment)
    Descargado: 2021CCVIII53XII.pdf (blind, descubrir en segment)
    Descargado: 2021CCVIII53XIII.pdf (blind, descubrir en segment)
    Descargado: 2021CCVIII53XIV.pdf (blind, descubrir en segment)
    Descargado: 2021CCVIII53XV.pdf (blind, descubrir en segment)
    Descargado: 2021CCVIII53XVI.pdf (blind, descubrir en segment)
    Descargado: 2021CCVIII53XVII.pdf (blind, descubrir en segment)
    Descargado: 2021CCVIII53XVIII.pdf (blind, descubrir en segment)
    Descargado: 2021CCVIII53XIX.pdf (blind, descubrir en segment)
    Descargado: 2021CCVIII53XX.pdf (blind, descubrir en segment)
    Descargado: 2021CCVIII53XXI.pdf (blind, descubrir en segment)
    Descargado: 2021CCVIII53XXII.pdf (blind, descubrir en segment)
    Descargado: 2021CCVIII53XXIII.pdf (blind, descubrir en segment)
    Descargado: 2021CCVIII53XXIV.pdf (blind, descubrir en segment)
    Descargado: 2021CCVIII53XXV.pdf (blind, descubrir en segment)
    Descargado: 2021CCVIII53XXVI.pdf (blind, descubrir en segment)
    Descargado: 2021CCVIII53XXVII.pdf (blind, descubrir en segment)
    Descargado: 2021CCVIII53XXVIII.pdf (blind, descubrir en segment)
    Descargado: 2021CCVIII53XXIX.pdf (blind, descubrir en segment)
    Descargado: 2021CCVIII53XXX.pdf (blind, descubrir en segment)
    Descargado: EE31122021.pdf (blind, descubrir en segment)
    Descargado: EE311220212.pdf (blind, descubrir en segment)
    Descargado: EE311220213.pdf (blind, descubrir en segment)
    Descargado: EE311220214.pdf (blind, descubrir en segment)
    Descargado: EE311220215.pdf (blind, descubrir en segment)
    Descargado: EE311220216.pdf (blind, descubrir en segment)
    Descargado: EE311220217.pdf (blind, descubrir en segment)
    Descargado: EE311220218.pdf (blind, descubrir en segment)
    Descargado: EE311220219.pdf (blind, descubrir en segment)
    Descargado: EE3112202110.pdf (blind, descubrir en segment)
    Descargado: EE3112202111.pdf (blind, descubrir en segment)
    Descargado: EE3112202112.pdf (blind, descubrir en segment)
    Descargado: EE3112202113.pdf (blind, descubrir en segment)
    Descargado: EE3112202114.pdf (blind, descubrir en segment)
    Descargado: EE3112202115.pdf (blind, descubrir en segment)
    Descargado: EE3112202116.pdf (blind, descubrir en segment)
    81 PDFs candidatos → 0 con leyes en HTML, 81 blind

  ── anio_pub=2022 (ejercicio fiscal esperado=2023) ──
    Descargado: 2022CCX44.pdf (blind, descubrir en segment)
    Descargado: 2022CCX44I.pdf (blind, descubrir en segment)
    Descargado: 2022CCX44II.pdf (blind, descubrir en segment)
    Descargado: 2022CCX44III.pdf (blind, descubrir en segment)
    Descargado: 2022CCX44IV.pdf (blind, descubrir en segment)
    Descargado: 2022CCX44V.pdf (blind, descubrir en segment)
    Descargado: EE02122022.pdf (blind, descubrir en segment)
    Descargado: 2022CCX45.pdf (blind, descubrir en segment)
    Descargado: 2022CCX45I.pdf (blind, descubrir en segment)
    Descargado: 2022CCX45II.pdf (blind, descubrir en segment)
    Descargado: 2022CCX45III.pdf (blind, descubrir en segment)
    Descargado: EE07122022.pdf (blind, descubrir en segment)
    Descargado: 2022CCX46.pdf (blind, descubrir en segment)
    Descargado: 2022CCX46I.pdf (blind, descubrir en segment)
    Descargado: 2022CCX46II.pdf (blind, descubrir en segment)
    Descargado: 2022CCX46III.pdf (blind, descubrir en segment)
    Descargado: 2022CCX46IV.pdf (blind, descubrir en segment)
    Descargado: 2022CCX47.pdf (blind, descubrir en segment)
    Descargado: 2022CCX47I.pdf (blind, descubrir en segment)
    Descargado: 2022CCX47II.pdf (blind, descubrir en segment)
    Descargado: EE13122022.pdf (blind, descubrir en segment)
    Descargado: 2022CCX48.pdf (blind, descubrir en segment)
    Descargado: 2022CCX48I.pdf (blind, descubrir en segment)
    Descargado: 2022CCX48II.pdf (blind, descubrir en segment)
    Descargado: 2022CCX49.pdf (blind, descubrir en segment)
    Descargado: 2022CCX49I.pdf (blind, descubrir en segment)
    Descargado: 2022CCX49II.pdf (blind, descubrir en segment)
    Descargado: 2022CCX49III.pdf (blind, descubrir en segment)
    Descargado: 2022CCX50.pdf (blind, descubrir en segment)
    Descargado: 2022CCX50I.pdf (blind, descubrir en segment)
    Descargado: 2022CCX50II.pdf (blind, descubrir en segment)
    Descargado: 2022CCX50III.pdf (blind, descubrir en segment)
    Descargado: 2022CCX51.pdf (blind, descubrir en segment)
    Descargado: 2022CCX51I.pdf (blind, descubrir en segment)
    Descargado: 2022CCX51II.pdf (blind, descubrir en segment)
    Descargado: 2022CCX51III.pdf (blind, descubrir en segment)
    Descargado: 2022CCX51IV.pdf (blind, descubrir en segment)
    Descargado: 2022CCX51V.pdf (blind, descubrir en segment)
    Descargado: 2022CCX52.pdf (blind, descubrir en segment)
    Descargado: 2022CCX52I.pdf (blind, descubrir en segment)
    Descargado: 2022CCX52II.pdf (blind, descubrir en segment)
    Descargado: 2022CCX52III.pdf (blind, descubrir en segment)
    Descargado: 2022CCX52IV.pdf (blind, descubrir en segment)
    Descargado: 2022CCX52V.pdf (blind, descubrir en segment)
    Descargado: 2022CCX52VI.pdf (2 leyes en HTML)
    Descargado: 2022CCX52VII.pdf (blind, descubrir en segment)
    Descargado: 2022CCX52VIII.pdf (3 leyes en HTML)
    Descargado: 2022CCX52IX.pdf (3 leyes en HTML)
    Descargado: 2022CCX52X.pdf (2 leyes en HTML)
    Descargado: 2022CCX52XI.pdf (4 leyes en HTML)
    Descargado: 2022CCX52XII.pdf (4 leyes en HTML)
    Descargado: 2022CCX52XIII.pdf (6 leyes en HTML)
    Descargado: 2022CCX52XIV.pdf (4 leyes en HTML)
    Descargado: 2022CCX52XV.pdf (blind, descubrir en segment)
    Descargado: 2022CCX52XVI.pdf (3 leyes en HTML)
    Descargado: 2022CCX52XVII.pdf (5 leyes en HTML)
    Descargado: 2022CCX52XVIII.pdf (6 leyes en HTML)
    Descargado: 2022CCX52XIX.pdf (blind, descubrir en segment)
    Descargado: 2022CCX52XX.pdf (3 leyes en HTML)
    Descargado: 2022CCX52XXI.pdf (3 leyes en HTML)
    Descargado: 2022CCX52XXII.pdf (4 leyes en HTML)
    Descargado: 2022CCX52XXIII.pdf (4 leyes en HTML)
    Descargado: 2022CCX52XXIV.pdf (4 leyes en HTML)
    63 PDFs candidatos → 16 con leyes en HTML, 47 blind

  ── anio_pub=2023 (ejercicio fiscal esperado=2024) ──
    Descargado: 2023CCXII45.pdf (blind, descubrir en segment)
    Descargado: 2023CCXII45I.pdf (blind, descubrir en segment)
    Descargado: 2023CCXII45II.pdf (blind, descubrir en segment)
    Descargado: EE05122023.pdf (blind, descubrir en segment)
    Descargado: 2023CCXII46.pdf (blind, descubrir en segment)
    Descargado: 2023CCXII46I.pdf (blind, descubrir en segment)
    Descargado: 2023CCXII46II.pdf (blind, descubrir en segment)
    Descargado: 2023CCXII46III.pdf (blind, descubrir en segment)
    Descargado: 2023CCXII47.pdf (blind, descubrir en segment)
    Descargado: 2023CCXII47I.pdf (blind, descubrir en segment)
    Descargado: 2023CCXII47II.pdf (blind, descubrir en segment)
    Descargado: 2023CCXII47III.pdf (blind, descubrir en segment)
    Descargado: EE12122023.pdf (blind, descubrir en segment)
    Descargado: EE121220232.pdf (blind, descubrir en segment)
    Descargado: 2023CCXII48.pdf (blind, descubrir en segment)
    Descargado: 2023CCXII48I.pdf (blind, descubrir en segment)
    Descargado: 2023CCXII48II.pdf (blind, descubrir en segment)
    Descargado: 2023CCXII48III.pdf (blind, descubrir en segment)
    Descargado: 2023CCXII48IV.pdf (blind, descubrir en segment)
    Descargado: 2023CCXII48V.pdf (blind, descubrir en segment)
    Descargado: EE15122023.pdf (blind, descubrir en segment)
    Descargado: 2023CCXII49.pdf (blind, descubrir en segment)
    Descargado: 2023CCXII49I.pdf (blind, descubrir en segment)
    Descargado: 2023CCXII49II.pdf (blind, descubrir en segment)
    Descargado: 2023CCXII49III.pdf (blind, descubrir en segment)
    Descargado: 2023CCXII49IV.pdf (blind, descubrir en segment)
    Descargado: 2023CCXII49V.pdf (blind, descubrir en segment)
    Descargado: EE19122023.pdf (blind, descubrir en segment)
    Descargado: EE20122023.pdf (blind, descubrir en segment)
    Descargado: 2023CCXII50.pdf (blind, descubrir en segment)
    Descargado: 2023CCXII50I.pdf (blind, descubrir en segment)
    Descargado: 2023CCXII50II.pdf (blind, descubrir en segment)
    Descargado: 2023CCXII50III.pdf (blind, descubrir en segment)
    Descargado: 2023CCXII50IV.pdf (blind, descubrir en segment)
    Descargado: 2023CCXII50VII.pdf (blind, descubrir en segment)
    Descargado: 2023CCXII50VI.pdf (blind, descubrir en segment)
    Descargado: 2023CCXII50VIII.pdf (blind, descubrir en segment)
    Descargado: 2023CCXII50IX.pdf (blind, descubrir en segment)
    Descargado: 2023CCXII50X.pdf (blind, descubrir en segment)
    Descargado: 2023CCXII50XI.pdf (blind, descubrir en segment)
    Descargado: 2023CCXII50XII.pdf (blind, descubrir en segment)
    Descargado: 2023CCXII50XIII.pdf (blind, descubrir en segment)
    Descargado: 2023CCXII50XIV.pdf (blind, descubrir en segment)
    Descargado: 2023CCXII50XV.pdf (blind, descubrir en segment)
    Descargado: 2023CCXII50XVI.pdf (blind, descubrir en segment)
    Descargado: 2023CCXII51.pdf (blind, descubrir en segment)
    Descargado: 2023CCXII51I.pdf (blind, descubrir en segment)
    Descargado: 2023CCXII51II.pdf (blind, descubrir en segment)
    Descargado: 2023CCXII51III.pdf (blind, descubrir en segment)
    Descargado: 2023CCXII51IV.pdf (blind, descubrir en segment)
    Descargado: 2023CCXII51V.pdf (blind, descubrir en segment)
    Descargado: 2023CCXII52.pdf (blind, descubrir en segment)
    Descargado: 2023CCXII52I.pdf (blind, descubrir en segment)
    Descargado: 2023CCXII52II.pdf (blind, descubrir en segment)
    Descargado: 2023CCXII52III.pdf (blind, descubrir en segment)
    Descargado: 2023CCXII52IV.pdf (blind, descubrir en segment)
    Descargado: 2023CCXII52V.pdf (blind, descubrir en segment)
    Descargado: 2023CCXII52VI.pdf (blind, descubrir en segment)
    Descargado: 2023CCXII52VII.pdf (blind, descubrir en segment)
    Descargado: 2023CCXII52VIII.pdf (blind, descubrir en segment)
    Descargado: 2023CCXII52IX.pdf (blind, descubrir en segment)
    Descargado: 2023CCXII52X.pdf (blind, descubrir en segment)
    Descargado: 2023CCXII52XI.pdf (blind, descubrir en segment)
    Descargado: 2023CCXII52XII.pdf (blind, descubrir en segment)
    Descargado: 2023CCXII52XIII.pdf (blind, descubrir en segment)
    Descargado: 2023CCXII52XIV.pdf (blind, descubrir en segment)
    Descargado: 2023CCXII52XV.pdf (blind, descubrir en segment)
    Descargado: 2023CCXII52XVI.pdf (blind, descubrir en segment)
    Descargado: 2023CCXII52XVII.pdf (blind, descubrir en segment)
    Descargado: 2023CCXII52XVIII.pdf (blind, descubrir en segment)
    Descargado: 2023CCXII52XIX.pdf (blind, descubrir en segment)
    Descargado: 2023CCXII52XX.pdf (blind, descubrir en segment)
    Descargado: 2023CCXII52XXI.pdf (blind, descubrir en segment)
    Descargado: 2023CCXII52XXII.pdf (blind, descubrir en segment)
    Descargado: 2023CCXII52XXIII.pdf (blind, descubrir en segment)
    Descargado: 2023CCXII52XXIV.pdf (blind, descubrir en segment)
    Descargado: 2023CCXII52XXV.pdf (blind, descubrir en segment)
    Descargado: 2023CCXII52XXVI.pdf (blind, descubrir en segment)
    Descargado: 2023CCXII52XXVII.pdf (blind, descubrir en segment)
    Descargado: 2023CCXII52XXVIII.pdf (blind, descubrir en segment)
    Descargado: EE311220231.pdf (blind, descubrir en segment)
    Descargado: EE311220232.pdf (blind, descubrir en segment)
    Descargado: EE311220233.pdf (blind, descubrir en segment)
    Descargado: EE311220234.pdf (blind, descubrir en segment)
    Descargado: EE311220235.pdf (blind, descubrir en segment)
    Descargado: EE311220236.pdf (blind, descubrir en segment)
    Descargado: EE311220237.pdf (blind, descubrir en segment)
    Descargado: EE311220238.pdf (blind, descubrir en segment)
    Descargado: EE311220239.pdf (blind, descubrir en segment)
    Descargado: EE3112202310.pdf (blind, descubrir en segment)
    Descargado: EE3112202311.pdf (blind, descubrir en segment)
    Descargado: EE3112202312.pdf (blind, descubrir en segment)
    Descargado: EE3112202313.pdf (blind, descubrir en segment)
    Descargado: EE3112202314.pdf (blind, descubrir en segment)
    Descargado: EE3112202315.pdf (blind, descubrir en segment)
    Descargado: EE3112202316.pdf (blind, descubrir en segment)
    Descargado: EE3112202317.pdf (blind, descubrir en segment)
    Descargado: EE3112202318.pdf (blind, descubrir en segment)
    Descargado: EE3112202319.pdf (blind, descubrir en segment)
    99 PDFs candidatos → 0 con leyes en HTML, 99 blind

  ── anio_pub=2024 (ejercicio fiscal esperado=2025) ──
    Descargado: 2024CCXIV45.pdf (blind, descubrir en segment)
    Descargado: 2024CCXIV45I.pdf (blind, descubrir en segment)
    Descargado: 2024CCXIV45II.pdf (blind, descubrir en segment)
    Descargado: 2024CCXIV45III.pdf (blind, descubrir en segment)
    Descargado: 2024CCXIV45IV.pdf (blind, descubrir en segment)
    Descargado: 2024CCXIV46.pdf (blind, descubrir en segment)
    Descargado: 2024CCXIV46I.pdf (blind, descubrir en segment)
    Descargado: 2024CCXIV46II.pdf (blind, descubrir en segment)
    Descargado: 2024CCXIV46III.pdf (blind, descubrir en segment)
    Descargado: 2024CCXIV46IV.pdf (blind, descubrir en segment)
    Descargado: 2024CCXIV46V.pdf (blind, descubrir en segment)
    Descargado: 2024CCXIV46VI.pdf (blind, descubrir en segment)
    Descargado: 2024CCXIV46VII.pdf (blind, descubrir en segment)
    Descargado: 2024CCXIV46VIII.pdf (blind, descubrir en segment)
    Descargado: EE06122024.pdf (blind, descubrir en segment)
    Descargado: 2024CCXIV47.pdf (blind, descubrir en segment)
    Descargado: 2024CCXIV47I.pdf (blind, descubrir en segment)
    Descargado: 2024CCXIV47II.pdf (blind, descubrir en segment)
    Descargado: 2024CCXIV48.pdf (blind, descubrir en segment)
    Descargado: 2024CCXIV48I.pdf (blind, descubrir en segment)
    Descargado: 2024CCXIV48II.pdf (blind, descubrir en segment)
    Descargado: 2024CCXIV48III.pdf (blind, descubrir en segment)
    Descargado: EE13122024.pdf (blind, descubrir en segment)
    Descargado: EE131220242.pdf (blind, descubrir en segment)
    Descargado: 2024CCXIV49.pdf (blind, descubrir en segment)
    Descargado: 2024CCXIV49I.pdf (blind, descubrir en segment)
    Descargado: 2024CCXIV49II.pdf (blind, descubrir en segment)
    Descargado: 2024CCXIV49III.pdf (blind, descubrir en segment)
    Descargado: 2024CCXIV49IV.pdf (blind, descubrir en segment)
    Descargado: 2024CCXIV49V.pdf (blind, descubrir en segment)
    Descargado: EE18122024.pdf (blind, descubrir en segment)
    Descargado: 2024CCXIV50.pdf (blind, descubrir en segment)
    Descargado: 2024CCXIV50I.pdf (blind, descubrir en segment)
    Descargado: 2024CCXIV50II.pdf (blind, descubrir en segment)
    Descargado: 2024CCXIV50III.pdf (blind, descubrir en segment)
    Descargado: EE20122024.pdf (blind, descubrir en segment)
    Descargado: 2024CCXIV51.pdf (blind, descubrir en segment)
    Descargado: 2024CCXIV51I.pdf (blind, descubrir en segment)
    Descargado: 2024CCXIV51II.pdf (blind, descubrir en segment)
    Descargado: 2024CCXIV51III.pdf (blind, descubrir en segment)
    Descargado: 2024CCXIV51IV.pdf (blind, descubrir en segment)
    Descargado: 2024CCXIV51V.pdf (blind, descubrir en segment)
    Descargado: 2024CCXIV52.pdf (blind, descubrir en segment)
    Descargado: 2024CCXIV52I.pdf (blind, descubrir en segment)
    Descargado: 2024CCXIV52II.pdf (blind, descubrir en segment)
    Descargado: 2024CCXIV52III.pdf (blind, descubrir en segment)
    Descargado: EE27122024.pdf (blind, descubrir en segment)
    Descargado: EE271220242.pdf (blind, descubrir en segment)
    Descargado: 2024CCXIV53.pdf (blind, descubrir en segment)
    Descargado: 2024CCXIV53I.pdf (blind, descubrir en segment)
    Descargado: 2024CCXIV53II.pdf (blind, descubrir en segment)
    Descargado: 2024CCXIV53III.pdf (blind, descubrir en segment)
    Descargado: 2024CCXIV53IV.pdf (blind, descubrir en segment)
    Descargado: 2024CCXIV53V.pdf (3 leyes en HTML)
    Descargado: 2024CCXIV53VI.pdf (4 leyes en HTML)
    Descargado: 2024CCXIV53VII.pdf (3 leyes en HTML)
    Descargado: 2024CCXIV53VIII.pdf (3 leyes en HTML)
    Descargado: 2024CCXIV53IX.pdf (6 leyes en HTML)
    Descargado: 2024CCXIV53X.pdf (4 leyes en HTML)
    Descargado: 2024CCXIV53XI.pdf (2 leyes en HTML)
    Descargado: 2024CCXIV53XII.pdf (3 leyes en HTML)
    Descargado: 2024CCXIV53XIII.pdf (3 leyes en HTML)
    Descargado: 2024CCXIV53XIV.pdf (blind, descubrir en segment)
    Descargado: 2024CCXIV53XV.pdf (2 leyes en HTML)
    Descargado: 2024CCXIV53XVI.pdf (1 leyes en HTML)
    Descargado: 2024CCXIV53XVII.pdf (3 leyes en HTML)
    Descargado: 2024CCXIV53XVIII.pdf (2 leyes en HTML)
    Descargado: 2024CCXIV53XIX.pdf (3 leyes en HTML)
    Descargado: 2024CCXIV53XX.pdf (3 leyes en HTML)
    Descargado: 2024CCXIV53XXI.pdf (3 leyes en HTML)
    Descargado: 2024CCXIV53XXII.pdf (4 leyes en HTML)
    Descargado: 2024CCXIV53XXIII.pdf (5 leyes en HTML)
    Descargado: 2024CCXIV53XXIV.pdf (2 leyes en HTML)
    Descargado: 2024CCXIV53XXV.pdf (4 leyes en HTML)
    Descargado: 2024CCXIV53XXVI.pdf (5 leyes en HTML)
    Descargado: 2024CCXIV53XXVII.pdf (blind, descubrir en segment)
    Descargado: 2024CCXIV53XXVIII.pdf (blind, descubrir en segment)
    Descargado: 2024CCXIV53XXIX.pdf (blind, descubrir en segment)
    Descargado: 2024CCXIV53XXX.pdf (blind, descubrir en segment)
    Descargado: 2024CCXIV53XXXI.pdf (blind, descubrir en segment)
    Descargado: 2024CCXIV53XXXII.pdf (blind, descubrir en segment)
    Descargado: 2024CCXIV53XXXIII.pdf (blind, descubrir en segment)
    Descargado: 2024CCXIV53XXXIV.pdf (blind, descubrir en segment)
    Descargado: 2024CCXIV53XXXV.pdf (blind, descubrir en segment)
    Descargado: 2024CCXIV53XXXVI.pdf (blind, descubrir en segment)
    Descargado: 2024CCXIV53XXXVII.pdf (blind, descubrir en segment)
    Descargado: 2024CCXIV53XXXVIII.pdf (blind, descubrir en segment)
    Descargado: 2024CCXIV53XXXIX.pdf (blind, descubrir en segment)
    Descargado: 2024CCXIV53XL.pdf (blind, descubrir en segment)
    Descargado: EE31122024.pdf (blind, descubrir en segment)
    Descargado: EE311220242.pdf (blind, descubrir en segment)
    Descargado: EE311220243.pdf (blind, descubrir en segment)
    Descargado: EE311220244.pdf (blind, descubrir en segment)
    Descargado: EE311220245.pdf (blind, descubrir en segment)
    Descargado: EE311220246.pdf (blind, descubrir en segment)
    Descargado: EE311220247.pdf (blind, descubrir en segment)
    Descargado: EE311220248.pdf (blind, descubrir en segment)
    Descargado: EE311220249.pdf (blind, descubrir en segment)
    Descargado: EE3112202410.pdf (blind, descubrir en segment)
    Descargado: EE3112202411.pdf (blind, descubrir en segment)
    Descargado: EE3112202412.pdf (blind, descubrir en segment)
    Descargado: EE3112202413.pdf (blind, descubrir en segment)
    Descargado: EE3112202414.pdf (blind, descubrir en segment)
    Descargado: EE3112202415.pdf (blind, descubrir en segment)
    Descargado: EE3112202416.pdf (blind, descubrir en segment)
    Descargado: EE3112202417.pdf (blind, descubrir en segment)
    Descargado: EE3112202418.pdf (blind, descubrir en segment)
    Descargado: EE3112202419.pdf (blind, descubrir en segment)
    Descargado: EE3112202420.pdf (blind, descubrir en segment)
    Descargado: EE3112202421.pdf (blind, descubrir en segment)
    110 PDFs candidatos → 21 con leyes en HTML, 89 blind

  ── Resumen descarga ──
  2016: 1 leyes municipales
  2017: 2 leyes municipales
  2020: 72 leyes municipales
  2021: 57 leyes municipales
  2023: 60 leyes municipales
  2025: 68 leyes municipales
  PDFs físicos descargados: 1257 (con sha256=1221)
  Filas en índice (1 por ley): 1445
  Índice: data\sonora\meta\ley_ingresos_index.csv
  ✓ download completado en 3329.0s

============================================================
  ✓ Pipeline completado para 1 estado(s) en 3329.0s
============================================================
