
############################################################
  ESTADO: SONORA
  Ejercicios: 2010–2025
  OCR: sí
  Pasos: master, segment
############################################################

────────────────────────────────────────
  Paso: master
────────────────────────────────────────
═══ Sonora: Inventario de leyes por PDF ═══
  PDFs procesados: 1270 | Leyes localizadas: 829
  Master: data\sonora\meta\predial_master.csv
  ✓ master completado en 293.2s

────────────────────────────────────────
  Paso: segment
────────────────────────────────────────
═══ Sonora: Segmentación predial ═══
    [WARN] 2020CCVI51III_ocr.pdf/cajeme: PDF slice failed (cannot save with zero pages)
    [WARN] EE311220232.pdf/aconchi: PDF slice failed (cannot save with zero pages)

  ── Resumen segmentación ──
  Total leyes:   829
  Exacta:        703
  Fallback:      126
  Errores:       0
  Desde OCR:     90
  Bitácora: data\sonora\meta\segment.csv
  ✓ segment completado en 276.0s

============================================================
  ✓ Pipeline completado para 1 estado(s) en 569.2s
============================================================
