
############################################################
  ESTADO: SONORA
  Ejercicios: 2010–2025
  OCR: sí
  Pasos: calibrate-ocr
############################################################

────────────────────────────────────────
  Paso: calibrate-ocr
────────────────────────────────────────
═══ Sonora: Calibración OCR (Fase 2) ═══
    Muestra estratificada: 20 PDFs (seed=42)
    Sampleados: 20 PDFs
    [1/20] 2014CXCIV52XIX.pdf (anio_pub=2014)
      v1_no_clean: status=ok chars/pg=2020 titulo=False tabla=True (66s)
      v2_clean_t140: status=ok chars/pg=1164 titulo=True tabla=True (112s)
      v3_clean_t160: status=ok chars/pg=284 titulo=False tabla=True (112s)
    [2/20] 2013CXCII50XX.pdf (anio_pub=2013)
      v1_no_clean: status=ok chars/pg=277 titulo=False tabla=True (136s)
      v2_clean_t140: status=ok chars/pg=2291 titulo=True tabla=True (97s)
      v3_clean_t160: status=ok chars/pg=1648 titulo=False tabla=True (98s)
    [3/20] 2010CLXXXVI49.pdf (anio_pub=2010)
      v1_no_clean: status=ok chars/pg=2296 titulo=True tabla=True (30s)
      v2_clean_t140: status=ok chars/pg=2179 titulo=False tabla=True (39s)
      v3_clean_t160: status=ok chars/pg=2148 titulo=True tabla=True (37s)
    [4/20] 2010CLXXXVI53XX.pdf (anio_pub=2010)
      v1_no_clean: status=ok chars/pg=1627 titulo=True tabla=True (72s)
      v2_clean_t140: status=ok chars/pg=1191 titulo=True tabla=True (89s)
      v3_clean_t160: status=ok chars/pg=2078 titulo=True tabla=True (95s)
    [5/20] 2010CLXXXVI53I.pdf (anio_pub=2010)
      v1_no_clean: status=ok chars/pg=1144 titulo=False tabla=True (20s)
      v2_clean_t140: status=ok chars/pg=903 titulo=False tabla=False (26s)
      v3_clean_t160: status=ok chars/pg=1403 titulo=False tabla=True (26s)
    [6/20] 2010CLXXXVI52II.pdf (anio_pub=2010)
      v1_no_clean: status=ok chars/pg=1896 titulo=False tabla=True (23s)
      v2_clean_t140: status=ok chars/pg=1480 titulo=False tabla=True (29s)
      v3_clean_t160: status=ok chars/pg=1886 titulo=False tabla=True (31s)
    [7/20] 2013CXCII52I.pdf (anio_pub=2013)
      v1_no_clean: status=ok chars/pg=764 titulo=False tabla=False (49s)
      v2_clean_t140: status=ok chars/pg=3793 titulo=False tabla=True (31s)
      v3_clean_t160: status=ok chars/pg=2974 titulo=False tabla=True (31s)
    [8/20] 2013CXCII50XVII.pdf (anio_pub=2013)
      v1_no_clean: status=ok chars/pg=287 titulo=False tabla=True (193s)
      v2_clean_t140: status=ok chars/pg=1536 titulo=True tabla=True (99s)
      v3_clean_t160: status=ok chars/pg=678 titulo=False tabla=True (98s)
    [9/20] EE1831DICIEMBRE2014.pdf (anio_pub=2014)
      v1_no_clean: status=ok chars/pg=1926 titulo=False tabla=True (121s)
      v2_clean_t140: status=ok chars/pg=1595 titulo=False tabla=True (177s)
      v3_clean_t160: status=ok chars/pg=856 titulo=False tabla=True (169s)
    [10/20] 2014CXCIV45I.pdf (anio_pub=2014)
      v1_no_clean: status=ok chars/pg=190 titulo=False tabla=False (13s)
      v2_clean_t140: status=ok chars/pg=263 titulo=False tabla=False (12s)
      v3_clean_t160: status=ok chars/pg=213 titulo=False tabla=False (12s)
    [11/20] 2015CXCVI51XIII.pdf (anio_pub=2015)
      v1_no_clean: status=ok chars/pg=2650 titulo=True tabla=True (72s)
      v2_clean_t140: status=ok chars/pg=2661 titulo=True tabla=True (115s)
      v3_clean_t160: status=ok chars/pg=2671 titulo=True tabla=True (115s)
    [12/20] 2018CCII53V.pdf (anio_pub=2018)
      v1_no_clean: status=ok chars/pg=1902 titulo=False tabla=True (149s)
MuPDF error: format error: No common ancestor in structure tree

MuPDF error: format error: No common ancestor in structure tree

MuPDF error: format error: No common ancestor in structure tree

MuPDF error: format error: No common ancestor in structure tree

MuPDF error: format error: No common ancestor in structure tree

MuPDF error: format error: No common ancestor in structure tree

MuPDF error: format error: No common ancestor in structure tree

MuPDF error: format error: No common ancestor in structure tree

MuPDF error: format error: No common ancestor in structure tree

MuPDF error: format error: No common ancestor in structure tree

MuPDF error: format error: No common ancestor in structure tree

MuPDF error: format error: No common ancestor in structure tree

MuPDF error: format error: No common ancestor in structure tree

MuPDF error: format error: No common ancestor in structure tree

MuPDF error: format error: No common ancestor in structure tree

MuPDF error: format error: No common ancestor in structure tree

MuPDF error: format error: No common ancestor in structure tree

MuPDF error: format error: No common ancestor in structure tree

MuPDF error: format error: No common ancestor in structure tree

MuPDF error: format error: No common ancestor in structure tree

MuPDF error: format error: No common ancestor in structure tree

MuPDF error: format error: No common ancestor in structure tree

MuPDF error: format error: No common ancestor in structure tree

MuPDF error: format error: No common ancestor in structure tree

MuPDF error: format error: No common ancestor in structure tree

MuPDF error: format error: No common ancestor in structure tree

MuPDF error: format error: No common ancestor in structure tree

MuPDF error: format error: No common ancestor in structure tree

MuPDF error: format error: No common ancestor in structure tree

MuPDF error: format error: No common ancestor in structure tree

MuPDF error: format error: No common ancestor in structure tree

MuPDF error: format error: No common ancestor in structure tree

MuPDF error: format error: No common ancestor in structure tree

MuPDF error: format error: No common ancestor in structure tree

MuPDF error: format error: No common ancestor in structure tree

MuPDF error: format error: No common ancestor in structure tree

MuPDF error: format error: No common ancestor in structure tree

MuPDF error: format error: No common ancestor in structure tree

MuPDF error: format error: No common ancestor in structure tree

MuPDF error: format error: No common ancestor in structure tree

MuPDF error: format error: No common ancestor in structure tree

MuPDF error: format error: No common ancestor in structure tree

MuPDF error: format error: No common ancestor in structure tree

MuPDF error: format error: No common ancestor in structure tree

MuPDF error: format error: No common ancestor in structure tree

MuPDF error: format error: No common ancestor in structure tree

MuPDF error: format error: No common ancestor in structure tree

MuPDF error: format error: No common ancestor in structure tree

MuPDF error: format error: No common ancestor in structure tree

MuPDF error: format error: No common ancestor in structure tree

MuPDF error: format error: No common ancestor in structure tree

MuPDF error: format error: No common ancestor in structure tree

MuPDF error: format error: No common ancestor in structure tree

MuPDF error: format error: No common ancestor in structure tree

MuPDF error: format error: No common ancestor in structure tree

MuPDF error: format error: No common ancestor in structure tree

MuPDF error: format error: No common ancestor in structure tree

MuPDF error: format error: No common ancestor in structure tree

MuPDF error: format error: No common ancestor in structure tree

MuPDF error: format error: No common ancestor in structure tree

MuPDF error: format error: No common ancestor in structure tree

MuPDF error: format error: No common ancestor in structure tree

MuPDF error: format error: No common ancestor in structure tree

MuPDF error: format error: No common ancestor in structure tree

MuPDF error: format error: No common ancestor in structure tree

MuPDF error: format error: No common ancestor in structure tree

MuPDF error: format error: No common ancestor in structure tree

MuPDF error: format error: No common ancestor in structure tree

MuPDF error: format error: No common ancestor in structure tree

MuPDF error: format error: No common ancestor in structure tree

MuPDF error: format error: No common ancestor in structure tree

MuPDF error: format error: No common ancestor in structure tree

MuPDF error: format error: No common ancestor in structure tree

MuPDF error: format error: No common ancestor in structure tree

MuPDF error: format error: No common ancestor in structure tree

MuPDF error: format error: No common ancestor in structure tree

MuPDF error: format error: No common ancestor in structure tree

MuPDF error: format error: No common ancestor in structure tree

MuPDF error: format error: No common ancestor in structure tree

MuPDF error: format error: No common ancestor in structure tree

MuPDF error: format error: No common ancestor in structure tree

MuPDF error: format error: No common ancestor in structure tree

MuPDF error: format error: No common ancestor in structure tree

MuPDF error: format error: No common ancestor in structure tree

MuPDF error: format error: No common ancestor in structure tree

MuPDF error: format error: No common ancestor in structure tree

MuPDF error: format error: No common ancestor in structure tree

MuPDF error: format error: No common ancestor in structure tree

MuPDF error: format error: No common ancestor in structure tree

MuPDF error: format error: No common ancestor in structure tree

MuPDF error: format error: No common ancestor in structure tree

MuPDF error: format error: No common ancestor in structure tree

MuPDF error: format error: No common ancestor in structure tree

MuPDF error: format error: No common ancestor in structure tree

MuPDF error: format error: No common ancestor in structure tree

MuPDF error: format error: No common ancestor in structure tree

MuPDF error: format error: No common ancestor in structure tree

MuPDF error: format error: No common ancestor in structure tree

MuPDF error: format error: No common ancestor in structure tree

MuPDF error: format error: No common ancestor in structure tree

MuPDF error: format error: No common ancestor in structure tree

MuPDF error: format error: No common ancestor in structure tree

MuPDF error: format error: No common ancestor in structure tree

MuPDF error: format error: No common ancestor in structure tree

MuPDF error: format error: No common ancestor in structure tree

MuPDF error: format error: No common ancestor in structure tree

MuPDF error: format error: No common ancestor in structure tree

MuPDF error: format error: No common ancestor in structure tree

MuPDF error: format error: No common ancestor in structure tree

MuPDF error: format error: No common ancestor in structure tree

MuPDF error: format error: No common ancestor in structure tree

MuPDF error: format error: No common ancestor in structure tree

MuPDF error: format error: No common ancestor in structure tree

MuPDF error: format error: No common ancestor in structure tree

MuPDF error: format error: No common ancestor in structure tree

MuPDF error: format error: No common ancestor in structure tree

MuPDF error: format error: No common ancestor in structure tree

MuPDF error: format error: No common ancestor in structure tree

      v2_clean_t140: status=ok chars/pg=1910 titulo=False tabla=True (117s)
MuPDF error: format error: No common ancestor in structure tree

MuPDF error: format error: No common ancestor in structure tree

MuPDF error: format error: No common ancestor in structure tree

MuPDF error: format error: No common ancestor in structure tree

MuPDF error: format error: No common ancestor in structure tree

MuPDF error: format error: No common ancestor in structure tree

MuPDF error: format error: No common ancestor in structure tree

MuPDF error: format error: No common ancestor in structure tree

MuPDF error: format error: No common ancestor in structure tree

MuPDF error: format error: No common ancestor in structure tree

MuPDF error: format error: No common ancestor in structure tree

MuPDF error: format error: No common ancestor in structure tree

MuPDF error: format error: No common ancestor in structure tree

MuPDF error: format error: No common ancestor in structure tree

MuPDF error: format error: No common ancestor in structure tree

MuPDF error: format error: No common ancestor in structure tree

MuPDF error: format error: No common ancestor in structure tree

MuPDF error: format error: No common ancestor in structure tree

MuPDF error: format error: No common ancestor in structure tree

MuPDF error: format error: No common ancestor in structure tree

MuPDF error: format error: No common ancestor in structure tree

MuPDF error: format error: No common ancestor in structure tree

MuPDF error: format error: No common ancestor in structure tree

MuPDF error: format error: No common ancestor in structure tree

MuPDF error: format error: No common ancestor in structure tree

MuPDF error: format error: No common ancestor in structure tree

MuPDF error: format error: No common ancestor in structure tree

MuPDF error: format error: No common ancestor in structure tree

MuPDF error: format error: No common ancestor in structure tree

MuPDF error: format error: No common ancestor in structure tree

MuPDF error: format error: No common ancestor in structure tree

MuPDF error: format error: No common ancestor in structure tree

MuPDF error: format error: No common ancestor in structure tree

MuPDF error: format error: No common ancestor in structure tree

MuPDF error: format error: No common ancestor in structure tree

MuPDF error: format error: No common ancestor in structure tree

MuPDF error: format error: No common ancestor in structure tree

MuPDF error: format error: No common ancestor in structure tree

MuPDF error: format error: No common ancestor in structure tree

MuPDF error: format error: No common ancestor in structure tree

MuPDF error: format error: No common ancestor in structure tree

MuPDF error: format error: No common ancestor in structure tree

MuPDF error: format error: No common ancestor in structure tree

MuPDF error: format error: No common ancestor in structure tree

MuPDF error: format error: No common ancestor in structure tree

MuPDF error: format error: No common ancestor in structure tree

MuPDF error: format error: No common ancestor in structure tree

MuPDF error: format error: No common ancestor in structure tree

MuPDF error: format error: No common ancestor in structure tree

MuPDF error: format error: No common ancestor in structure tree

MuPDF error: format error: No common ancestor in structure tree

MuPDF error: format error: No common ancestor in structure tree

MuPDF error: format error: No common ancestor in structure tree

MuPDF error: format error: No common ancestor in structure tree

MuPDF error: format error: No common ancestor in structure tree

MuPDF error: format error: No common ancestor in structure tree

MuPDF error: format error: No common ancestor in structure tree

MuPDF error: format error: No common ancestor in structure tree

MuPDF error: format error: No common ancestor in structure tree

MuPDF error: format error: No common ancestor in structure tree

MuPDF error: format error: No common ancestor in structure tree

MuPDF error: format error: No common ancestor in structure tree

MuPDF error: format error: No common ancestor in structure tree

MuPDF error: format error: No common ancestor in structure tree

MuPDF error: format error: No common ancestor in structure tree

MuPDF error: format error: No common ancestor in structure tree

MuPDF error: format error: No common ancestor in structure tree

MuPDF error: format error: No common ancestor in structure tree

MuPDF error: format error: No common ancestor in structure tree

MuPDF error: format error: No common ancestor in structure tree

MuPDF error: format error: No common ancestor in structure tree

MuPDF error: format error: No common ancestor in structure tree

MuPDF error: format error: No common ancestor in structure tree

MuPDF error: format error: No common ancestor in structure tree

MuPDF error: format error: No common ancestor in structure tree

MuPDF error: format error: No common ancestor in structure tree

MuPDF error: format error: No common ancestor in structure tree

MuPDF error: format error: No common ancestor in structure tree

MuPDF error: format error: No common ancestor in structure tree

MuPDF error: format error: No common ancestor in structure tree

MuPDF error: format error: No common ancestor in structure tree

MuPDF error: format error: No common ancestor in structure tree

MuPDF error: format error: No common ancestor in structure tree

MuPDF error: format error: No common ancestor in structure tree

MuPDF error: format error: No common ancestor in structure tree

MuPDF error: format error: No common ancestor in structure tree

MuPDF error: format error: No common ancestor in structure tree

MuPDF error: format error: No common ancestor in structure tree

MuPDF error: format error: No common ancestor in structure tree

MuPDF error: format error: No common ancestor in structure tree

MuPDF error: format error: No common ancestor in structure tree

MuPDF error: format error: No common ancestor in structure tree

MuPDF error: format error: No common ancestor in structure tree

MuPDF error: format error: No common ancestor in structure tree

MuPDF error: format error: No common ancestor in structure tree

MuPDF error: format error: No common ancestor in structure tree

MuPDF error: format error: No common ancestor in structure tree

MuPDF error: format error: No common ancestor in structure tree

MuPDF error: format error: No common ancestor in structure tree

MuPDF error: format error: No common ancestor in structure tree

MuPDF error: format error: No common ancestor in structure tree

MuPDF error: format error: No common ancestor in structure tree

MuPDF error: format error: No common ancestor in structure tree

MuPDF error: format error: No common ancestor in structure tree

MuPDF error: format error: No common ancestor in structure tree

MuPDF error: format error: No common ancestor in structure tree

MuPDF error: format error: No common ancestor in structure tree

MuPDF error: format error: No common ancestor in structure tree

MuPDF error: format error: No common ancestor in structure tree

MuPDF error: format error: No common ancestor in structure tree

MuPDF error: format error: No common ancestor in structure tree

MuPDF error: format error: No common ancestor in structure tree

MuPDF error: format error: No common ancestor in structure tree

MuPDF error: format error: No common ancestor in structure tree

MuPDF error: format error: No common ancestor in structure tree

MuPDF error: format error: No common ancestor in structure tree

MuPDF error: format error: No common ancestor in structure tree

MuPDF error: format error: No common ancestor in structure tree

      v3_clean_t160: status=ok chars/pg=1900 titulo=False tabla=True (112s)
    [13/20] 2017CC51V.pdf (anio_pub=2017)
      v1_no_clean: status=ok chars/pg=1808 titulo=False tabla=True (25s)
MuPDF error: format error: No common ancestor in structure tree

MuPDF error: format error: No common ancestor in structure tree

MuPDF error: format error: No common ancestor in structure tree

MuPDF error: format error: No common ancestor in structure tree

MuPDF error: format error: No common ancestor in structure tree

MuPDF error: format error: No common ancestor in structure tree

MuPDF error: format error: No common ancestor in structure tree

MuPDF error: format error: No common ancestor in structure tree

MuPDF error: format error: No common ancestor in structure tree

MuPDF error: format error: No common ancestor in structure tree

MuPDF error: format error: No common ancestor in structure tree

MuPDF error: format error: No common ancestor in structure tree

MuPDF error: format error: No common ancestor in structure tree

MuPDF error: format error: No common ancestor in structure tree

      v2_clean_t140: status=ok chars/pg=1763 titulo=False tabla=True (16s)
MuPDF error: format error: No common ancestor in structure tree

MuPDF error: format error: No common ancestor in structure tree

MuPDF error: format error: No common ancestor in structure tree

MuPDF error: format error: No common ancestor in structure tree

MuPDF error: format error: No common ancestor in structure tree

MuPDF error: format error: No common ancestor in structure tree

MuPDF error: format error: No common ancestor in structure tree

MuPDF error: format error: No common ancestor in structure tree

MuPDF error: format error: No common ancestor in structure tree

MuPDF error: format error: No common ancestor in structure tree

MuPDF error: format error: No common ancestor in structure tree

MuPDF error: format error: No common ancestor in structure tree

MuPDF error: format error: No common ancestor in structure tree

MuPDF error: format error: No common ancestor in structure tree

      v3_clean_t160: status=ok chars/pg=1780 titulo=False tabla=True (16s)
    [14/20] 2015CXCVI49III.pdf (anio_pub=2015)
      v1_no_clean: status=ok chars/pg=1419 titulo=True tabla=True (10s)
      v2_clean_t140: status=ok chars/pg=1470 titulo=True tabla=True (15s)
      v3_clean_t160: status=ok chars/pg=1443 titulo=True tabla=True (15s)
    [15/20] 2015CXCVI48V.pdf (anio_pub=2015)
      v1_no_clean: status=ok chars/pg=1919 titulo=False tabla=True (110s)
      v2_clean_t140: status=ok chars/pg=1881 titulo=False tabla=True (81s)
      v3_clean_t160: status=ok chars/pg=1901 titulo=False tabla=True (81s)
    [16/20] 2015CXCVI51XIV.pdf (anio_pub=2015)
      v1_no_clean: status=ok chars/pg=2577 titulo=True tabla=True (61s)
      v2_clean_t140: status=ok chars/pg=2612 titulo=True tabla=True (99s)
      v3_clean_t160: status=ok chars/pg=2607 titulo=True tabla=True (102s)
    [17/20] 2016CXCVIII49II.pdf (anio_pub=2016)
      v1_no_clean: status=ok chars/pg=2722 titulo=False tabla=True (138s)
MuPDF error: format error: No common ancestor in structure tree

MuPDF error: format error: No common ancestor in structure tree

MuPDF error: format error: No common ancestor in structure tree

MuPDF error: format error: No common ancestor in structure tree

MuPDF error: format error: No common ancestor in structure tree

MuPDF error: format error: No common ancestor in structure tree

MuPDF error: format error: No common ancestor in structure tree

MuPDF error: format error: No common ancestor in structure tree

MuPDF error: format error: No common ancestor in structure tree

MuPDF error: format error: No common ancestor in structure tree

MuPDF error: format error: No common ancestor in structure tree

MuPDF error: format error: No common ancestor in structure tree

MuPDF error: format error: No common ancestor in structure tree

MuPDF error: format error: No common ancestor in structure tree

MuPDF error: format error: No common ancestor in structure tree

MuPDF error: format error: No common ancestor in structure tree

MuPDF error: format error: No common ancestor in structure tree

MuPDF error: format error: No common ancestor in structure tree

MuPDF error: format error: No common ancestor in structure tree

MuPDF error: format error: No common ancestor in structure tree

MuPDF error: format error: No common ancestor in structure tree

MuPDF error: format error: No common ancestor in structure tree

MuPDF error: format error: No common ancestor in structure tree

MuPDF error: format error: No common ancestor in structure tree

MuPDF error: format error: No common ancestor in structure tree

MuPDF error: format error: No common ancestor in structure tree

MuPDF error: format error: No common ancestor in structure tree

MuPDF error: format error: No common ancestor in structure tree

MuPDF error: format error: No common ancestor in structure tree

MuPDF error: format error: No common ancestor in structure tree

MuPDF error: format error: No common ancestor in structure tree

MuPDF error: format error: No common ancestor in structure tree

MuPDF error: format error: No common ancestor in structure tree

MuPDF error: format error: No common ancestor in structure tree

MuPDF error: format error: No common ancestor in structure tree

MuPDF error: format error: No common ancestor in structure tree

MuPDF error: format error: No common ancestor in structure tree

MuPDF error: format error: No common ancestor in structure tree

MuPDF error: format error: No common ancestor in structure tree

MuPDF error: format error: No common ancestor in structure tree

MuPDF error: format error: No common ancestor in structure tree

MuPDF error: format error: No common ancestor in structure tree

MuPDF error: format error: No common ancestor in structure tree

MuPDF error: format error: No common ancestor in structure tree

MuPDF error: format error: No common ancestor in structure tree

MuPDF error: format error: No common ancestor in structure tree

MuPDF error: format error: No common ancestor in structure tree

MuPDF error: format error: No common ancestor in structure tree

MuPDF error: format error: No common ancestor in structure tree

MuPDF error: format error: No common ancestor in structure tree

MuPDF error: format error: No common ancestor in structure tree

MuPDF error: format error: No common ancestor in structure tree

MuPDF error: format error: No common ancestor in structure tree

MuPDF error: format error: No common ancestor in structure tree

MuPDF error: format error: No common ancestor in structure tree

MuPDF error: format error: No common ancestor in structure tree

MuPDF error: format error: No common ancestor in structure tree

MuPDF error: format error: No common ancestor in structure tree

      v2_clean_t140: status=ok chars/pg=2678 titulo=False tabla=True (80s)
MuPDF error: format error: No common ancestor in structure tree

MuPDF error: format error: No common ancestor in structure tree

MuPDF error: format error: No common ancestor in structure tree

MuPDF error: format error: No common ancestor in structure tree

MuPDF error: format error: No common ancestor in structure tree

MuPDF error: format error: No common ancestor in structure tree

MuPDF error: format error: No common ancestor in structure tree

MuPDF error: format error: No common ancestor in structure tree

MuPDF error: format error: No common ancestor in structure tree

MuPDF error: format error: No common ancestor in structure tree

MuPDF error: format error: No common ancestor in structure tree

MuPDF error: format error: No common ancestor in structure tree

MuPDF error: format error: No common ancestor in structure tree

MuPDF error: format error: No common ancestor in structure tree

MuPDF error: format error: No common ancestor in structure tree

MuPDF error: format error: No common ancestor in structure tree

MuPDF error: format error: No common ancestor in structure tree

MuPDF error: format error: No common ancestor in structure tree

MuPDF error: format error: No common ancestor in structure tree

MuPDF error: format error: No common ancestor in structure tree

MuPDF error: format error: No common ancestor in structure tree

MuPDF error: format error: No common ancestor in structure tree

MuPDF error: format error: No common ancestor in structure tree

MuPDF error: format error: No common ancestor in structure tree

MuPDF error: format error: No common ancestor in structure tree

MuPDF error: format error: No common ancestor in structure tree

MuPDF error: format error: No common ancestor in structure tree

MuPDF error: format error: No common ancestor in structure tree

MuPDF error: format error: No common ancestor in structure tree

MuPDF error: format error: No common ancestor in structure tree

MuPDF error: format error: No common ancestor in structure tree

MuPDF error: format error: No common ancestor in structure tree

MuPDF error: format error: No common ancestor in structure tree

MuPDF error: format error: No common ancestor in structure tree

MuPDF error: format error: No common ancestor in structure tree

MuPDF error: format error: No common ancestor in structure tree

MuPDF error: format error: No common ancestor in structure tree

MuPDF error: format error: No common ancestor in structure tree

MuPDF error: format error: No common ancestor in structure tree

MuPDF error: format error: No common ancestor in structure tree

MuPDF error: format error: No common ancestor in structure tree

MuPDF error: format error: No common ancestor in structure tree

MuPDF error: format error: No common ancestor in structure tree

MuPDF error: format error: No common ancestor in structure tree

MuPDF error: format error: No common ancestor in structure tree

MuPDF error: format error: No common ancestor in structure tree

MuPDF error: format error: No common ancestor in structure tree

MuPDF error: format error: No common ancestor in structure tree

MuPDF error: format error: No common ancestor in structure tree

MuPDF error: format error: No common ancestor in structure tree

MuPDF error: format error: No common ancestor in structure tree

MuPDF error: format error: No common ancestor in structure tree

MuPDF error: format error: No common ancestor in structure tree

MuPDF error: format error: No common ancestor in structure tree

MuPDF error: format error: No common ancestor in structure tree

MuPDF error: format error: No common ancestor in structure tree

MuPDF error: format error: No common ancestor in structure tree

MuPDF error: format error: No common ancestor in structure tree

      v3_clean_t160: status=ok chars/pg=2674 titulo=False tabla=True (81s)
    [18/20] 2016CXCVIII50II.pdf (anio_pub=2016)
      v1_no_clean: status=ok chars/pg=2348 titulo=False tabla=True (44s)
MuPDF error: format error: No common ancestor in structure tree

MuPDF error: format error: No common ancestor in structure tree

MuPDF error: format error: No common ancestor in structure tree

MuPDF error: format error: No common ancestor in structure tree

MuPDF error: format error: No common ancestor in structure tree

MuPDF error: format error: No common ancestor in structure tree

MuPDF error: format error: No common ancestor in structure tree

MuPDF error: format error: No common ancestor in structure tree

MuPDF error: format error: No common ancestor in structure tree

MuPDF error: format error: No common ancestor in structure tree

MuPDF error: format error: No common ancestor in structure tree

MuPDF error: format error: No common ancestor in structure tree

MuPDF error: format error: No common ancestor in structure tree

MuPDF error: format error: No common ancestor in structure tree

MuPDF error: format error: No common ancestor in structure tree

MuPDF error: format error: No common ancestor in structure tree

MuPDF error: format error: No common ancestor in structure tree

MuPDF error: format error: No common ancestor in structure tree

      v2_clean_t140: status=ok chars/pg=2345 titulo=False tabla=True (25s)
MuPDF error: format error: No common ancestor in structure tree

MuPDF error: format error: No common ancestor in structure tree

MuPDF error: format error: No common ancestor in structure tree

MuPDF error: format error: No common ancestor in structure tree

MuPDF error: format error: No common ancestor in structure tree

MuPDF error: format error: No common ancestor in structure tree

MuPDF error: format error: No common ancestor in structure tree

MuPDF error: format error: No common ancestor in structure tree

MuPDF error: format error: No common ancestor in structure tree

MuPDF error: format error: No common ancestor in structure tree

MuPDF error: format error: No common ancestor in structure tree

MuPDF error: format error: No common ancestor in structure tree

MuPDF error: format error: No common ancestor in structure tree

MuPDF error: format error: No common ancestor in structure tree

MuPDF error: format error: No common ancestor in structure tree

MuPDF error: format error: No common ancestor in structure tree

MuPDF error: format error: No common ancestor in structure tree

MuPDF error: format error: No common ancestor in structure tree

      v3_clean_t160: status=ok chars/pg=2372 titulo=False tabla=True (26s)
    [19/20] EE731DICIEMBRE2017.pdf (anio_pub=2017)
      v1_no_clean: status=ok chars/pg=2077 titulo=False tabla=True (139s)
MuPDF error: format error: No common ancestor in structure tree

MuPDF error: format error: No common ancestor in structure tree

MuPDF error: format error: No common ancestor in structure tree

MuPDF error: format error: No common ancestor in structure tree

MuPDF error: format error: No common ancestor in structure tree

MuPDF error: format error: No common ancestor in structure tree

MuPDF error: format error: No common ancestor in structure tree

MuPDF error: format error: No common ancestor in structure tree

MuPDF error: format error: No common ancestor in structure tree

MuPDF error: format error: No common ancestor in structure tree

MuPDF error: format error: No common ancestor in structure tree

MuPDF error: format error: No common ancestor in structure tree

MuPDF error: format error: No common ancestor in structure tree

MuPDF error: format error: No common ancestor in structure tree

MuPDF error: format error: No common ancestor in structure tree

MuPDF error: format error: No common ancestor in structure tree

MuPDF error: format error: No common ancestor in structure tree

MuPDF error: format error: No common ancestor in structure tree

MuPDF error: format error: No common ancestor in structure tree

MuPDF error: format error: No common ancestor in structure tree

MuPDF error: format error: No common ancestor in structure tree

MuPDF error: format error: No common ancestor in structure tree

MuPDF error: format error: No common ancestor in structure tree

MuPDF error: format error: No common ancestor in structure tree

MuPDF error: format error: No common ancestor in structure tree

MuPDF error: format error: No common ancestor in structure tree

MuPDF error: format error: No common ancestor in structure tree

MuPDF error: format error: No common ancestor in structure tree

MuPDF error: format error: No common ancestor in structure tree

MuPDF error: format error: No common ancestor in structure tree

MuPDF error: format error: No common ancestor in structure tree

MuPDF error: format error: No common ancestor in structure tree

MuPDF error: format error: No common ancestor in structure tree

MuPDF error: format error: No common ancestor in structure tree

MuPDF error: format error: No common ancestor in structure tree

MuPDF error: format error: No common ancestor in structure tree

MuPDF error: format error: No common ancestor in structure tree

MuPDF error: format error: No common ancestor in structure tree

MuPDF error: format error: No common ancestor in structure tree

MuPDF error: format error: No common ancestor in structure tree

MuPDF error: format error: No common ancestor in structure tree

MuPDF error: format error: No common ancestor in structure tree

MuPDF error: format error: No common ancestor in structure tree

MuPDF error: format error: No common ancestor in structure tree

MuPDF error: format error: No common ancestor in structure tree

MuPDF error: format error: No common ancestor in structure tree

MuPDF error: format error: No common ancestor in structure tree

MuPDF error: format error: No common ancestor in structure tree

MuPDF error: format error: No common ancestor in structure tree

MuPDF error: format error: No common ancestor in structure tree

MuPDF error: format error: No common ancestor in structure tree

MuPDF error: format error: No common ancestor in structure tree

MuPDF error: format error: No common ancestor in structure tree

MuPDF error: format error: No common ancestor in structure tree

MuPDF error: format error: No common ancestor in structure tree

MuPDF error: format error: No common ancestor in structure tree

MuPDF error: format error: No common ancestor in structure tree

MuPDF error: format error: No common ancestor in structure tree

MuPDF error: format error: No common ancestor in structure tree

MuPDF error: format error: No common ancestor in structure tree

MuPDF error: format error: No common ancestor in structure tree

MuPDF error: format error: No common ancestor in structure tree

MuPDF error: format error: No common ancestor in structure tree

MuPDF error: format error: No common ancestor in structure tree

MuPDF error: format error: No common ancestor in structure tree

MuPDF error: format error: No common ancestor in structure tree

MuPDF error: format error: No common ancestor in structure tree

MuPDF error: format error: No common ancestor in structure tree

MuPDF error: format error: No common ancestor in structure tree

MuPDF error: format error: No common ancestor in structure tree

MuPDF error: format error: No common ancestor in structure tree

MuPDF error: format error: No common ancestor in structure tree

MuPDF error: format error: No common ancestor in structure tree

MuPDF error: format error: No common ancestor in structure tree

MuPDF error: format error: No common ancestor in structure tree

MuPDF error: format error: No common ancestor in structure tree

MuPDF error: format error: No common ancestor in structure tree

MuPDF error: format error: No common ancestor in structure tree

      v2_clean_t140: status=ok chars/pg=2036 titulo=False tabla=True (80s)
MuPDF error: format error: No common ancestor in structure tree

MuPDF error: format error: No common ancestor in structure tree

MuPDF error: format error: No common ancestor in structure tree

MuPDF error: format error: No common ancestor in structure tree

MuPDF error: format error: No common ancestor in structure tree

MuPDF error: format error: No common ancestor in structure tree

MuPDF error: format error: No common ancestor in structure tree

MuPDF error: format error: No common ancestor in structure tree

MuPDF error: format error: No common ancestor in structure tree

MuPDF error: format error: No common ancestor in structure tree

MuPDF error: format error: No common ancestor in structure tree

MuPDF error: format error: No common ancestor in structure tree

MuPDF error: format error: No common ancestor in structure tree

MuPDF error: format error: No common ancestor in structure tree

MuPDF error: format error: No common ancestor in structure tree

MuPDF error: format error: No common ancestor in structure tree

MuPDF error: format error: No common ancestor in structure tree

MuPDF error: format error: No common ancestor in structure tree

MuPDF error: format error: No common ancestor in structure tree

MuPDF error: format error: No common ancestor in structure tree

MuPDF error: format error: No common ancestor in structure tree

MuPDF error: format error: No common ancestor in structure tree

MuPDF error: format error: No common ancestor in structure tree

MuPDF error: format error: No common ancestor in structure tree

MuPDF error: format error: No common ancestor in structure tree

MuPDF error: format error: No common ancestor in structure tree

MuPDF error: format error: No common ancestor in structure tree

MuPDF error: format error: No common ancestor in structure tree

MuPDF error: format error: No common ancestor in structure tree

MuPDF error: format error: No common ancestor in structure tree

MuPDF error: format error: No common ancestor in structure tree

MuPDF error: format error: No common ancestor in structure tree

MuPDF error: format error: No common ancestor in structure tree

MuPDF error: format error: No common ancestor in structure tree

MuPDF error: format error: No common ancestor in structure tree

MuPDF error: format error: No common ancestor in structure tree

MuPDF error: format error: No common ancestor in structure tree

MuPDF error: format error: No common ancestor in structure tree

MuPDF error: format error: No common ancestor in structure tree

MuPDF error: format error: No common ancestor in structure tree

MuPDF error: format error: No common ancestor in structure tree

MuPDF error: format error: No common ancestor in structure tree

MuPDF error: format error: No common ancestor in structure tree

MuPDF error: format error: No common ancestor in structure tree

MuPDF error: format error: No common ancestor in structure tree

MuPDF error: format error: No common ancestor in structure tree

MuPDF error: format error: No common ancestor in structure tree

MuPDF error: format error: No common ancestor in structure tree

MuPDF error: format error: No common ancestor in structure tree

MuPDF error: format error: No common ancestor in structure tree

MuPDF error: format error: No common ancestor in structure tree

MuPDF error: format error: No common ancestor in structure tree

MuPDF error: format error: No common ancestor in structure tree

MuPDF error: format error: No common ancestor in structure tree

MuPDF error: format error: No common ancestor in structure tree

MuPDF error: format error: No common ancestor in structure tree

MuPDF error: format error: No common ancestor in structure tree

MuPDF error: format error: No common ancestor in structure tree

MuPDF error: format error: No common ancestor in structure tree

MuPDF error: format error: No common ancestor in structure tree

MuPDF error: format error: No common ancestor in structure tree

MuPDF error: format error: No common ancestor in structure tree

MuPDF error: format error: No common ancestor in structure tree

MuPDF error: format error: No common ancestor in structure tree

MuPDF error: format error: No common ancestor in structure tree

MuPDF error: format error: No common ancestor in structure tree

MuPDF error: format error: No common ancestor in structure tree

MuPDF error: format error: No common ancestor in structure tree

MuPDF error: format error: No common ancestor in structure tree

MuPDF error: format error: No common ancestor in structure tree

MuPDF error: format error: No common ancestor in structure tree

MuPDF error: format error: No common ancestor in structure tree

MuPDF error: format error: No common ancestor in structure tree

MuPDF error: format error: No common ancestor in structure tree

MuPDF error: format error: No common ancestor in structure tree

MuPDF error: format error: No common ancestor in structure tree

MuPDF error: format error: No common ancestor in structure tree

MuPDF error: format error: No common ancestor in structure tree

      v3_clean_t160: status=ok chars/pg=2058 titulo=False tabla=True (78s)
    [20/20] 2018CCII53XII.pdf (anio_pub=2018)
      v1_no_clean: status=ok chars/pg=1802 titulo=False tabla=True (133s)
MuPDF error: format error: No common ancestor in structure tree

MuPDF error: format error: No common ancestor in structure tree

MuPDF error: format error: No common ancestor in structure tree

MuPDF error: format error: No common ancestor in structure tree

MuPDF error: format error: No common ancestor in structure tree

MuPDF error: format error: No common ancestor in structure tree

MuPDF error: format error: No common ancestor in structure tree

MuPDF error: format error: No common ancestor in structure tree

MuPDF error: format error: No common ancestor in structure tree

MuPDF error: format error: No common ancestor in structure tree

MuPDF error: format error: No common ancestor in structure tree

MuPDF error: format error: No common ancestor in structure tree

MuPDF error: format error: No common ancestor in structure tree

MuPDF error: format error: No common ancestor in structure tree

MuPDF error: format error: No common ancestor in structure tree

MuPDF error: format error: No common ancestor in structure tree

MuPDF error: format error: No common ancestor in structure tree

MuPDF error: format error: No common ancestor in structure tree

MuPDF error: format error: No common ancestor in structure tree

MuPDF error: format error: No common ancestor in structure tree

MuPDF error: format error: No common ancestor in structure tree

MuPDF error: format error: No common ancestor in structure tree

MuPDF error: format error: No common ancestor in structure tree

MuPDF error: format error: No common ancestor in structure tree

MuPDF error: format error: No common ancestor in structure tree

MuPDF error: format error: No common ancestor in structure tree

MuPDF error: format error: No common ancestor in structure tree

MuPDF error: format error: No common ancestor in structure tree

MuPDF error: format error: No common ancestor in structure tree

MuPDF error: format error: No common ancestor in structure tree

MuPDF error: format error: No common ancestor in structure tree

MuPDF error: format error: No common ancestor in structure tree

MuPDF error: format error: No common ancestor in structure tree

MuPDF error: format error: No common ancestor in structure tree

MuPDF error: format error: No common ancestor in structure tree

MuPDF error: format error: No common ancestor in structure tree

MuPDF error: format error: No common ancestor in structure tree

MuPDF error: format error: No common ancestor in structure tree

MuPDF error: format error: No common ancestor in structure tree

MuPDF error: format error: No common ancestor in structure tree

MuPDF error: format error: No common ancestor in structure tree

MuPDF error: format error: No common ancestor in structure tree

MuPDF error: format error: No common ancestor in structure tree

MuPDF error: format error: No common ancestor in structure tree

MuPDF error: format error: No common ancestor in structure tree

MuPDF error: format error: No common ancestor in structure tree

MuPDF error: format error: No common ancestor in structure tree

MuPDF error: format error: No common ancestor in structure tree

MuPDF error: format error: No common ancestor in structure tree

MuPDF error: format error: No common ancestor in structure tree

MuPDF error: format error: No common ancestor in structure tree

MuPDF error: format error: No common ancestor in structure tree

MuPDF error: format error: No common ancestor in structure tree

MuPDF error: format error: No common ancestor in structure tree

MuPDF error: format error: No common ancestor in structure tree

MuPDF error: format error: No common ancestor in structure tree

MuPDF error: format error: No common ancestor in structure tree

MuPDF error: format error: No common ancestor in structure tree

MuPDF error: format error: No common ancestor in structure tree

MuPDF error: format error: No common ancestor in structure tree

MuPDF error: format error: No common ancestor in structure tree

MuPDF error: format error: No common ancestor in structure tree

MuPDF error: format error: No common ancestor in structure tree

MuPDF error: format error: No common ancestor in structure tree

MuPDF error: format error: No common ancestor in structure tree

MuPDF error: format error: No common ancestor in structure tree

MuPDF error: format error: No common ancestor in structure tree

MuPDF error: format error: No common ancestor in structure tree

MuPDF error: format error: No common ancestor in structure tree

MuPDF error: format error: No common ancestor in structure tree

MuPDF error: format error: No common ancestor in structure tree

MuPDF error: format error: No common ancestor in structure tree

MuPDF error: format error: No common ancestor in structure tree

MuPDF error: format error: No common ancestor in structure tree

MuPDF error: format error: No common ancestor in structure tree

MuPDF error: format error: No common ancestor in structure tree

MuPDF error: format error: No common ancestor in structure tree

MuPDF error: format error: No common ancestor in structure tree

MuPDF error: format error: No common ancestor in structure tree

MuPDF error: format error: No common ancestor in structure tree

MuPDF error: format error: No common ancestor in structure tree

MuPDF error: format error: No common ancestor in structure tree

MuPDF error: format error: No common ancestor in structure tree

MuPDF error: format error: No common ancestor in structure tree

MuPDF error: format error: No common ancestor in structure tree

MuPDF error: format error: No common ancestor in structure tree

MuPDF error: format error: No common ancestor in structure tree

MuPDF error: format error: No common ancestor in structure tree

MuPDF error: format error: No common ancestor in structure tree

MuPDF error: format error: No common ancestor in structure tree

MuPDF error: format error: No common ancestor in structure tree

MuPDF error: format error: No common ancestor in structure tree

MuPDF error: format error: No common ancestor in structure tree

MuPDF error: format error: No common ancestor in structure tree

MuPDF error: format error: No common ancestor in structure tree

MuPDF error: format error: No common ancestor in structure tree

MuPDF error: format error: No common ancestor in structure tree

MuPDF error: format error: No common ancestor in structure tree

MuPDF error: format error: No common ancestor in structure tree

MuPDF error: format error: No common ancestor in structure tree

MuPDF error: format error: No common ancestor in structure tree

MuPDF error: format error: No common ancestor in structure tree

      v2_clean_t140: status=ok chars/pg=1781 titulo=False tabla=True (99s)
MuPDF error: format error: No common ancestor in structure tree

MuPDF error: format error: No common ancestor in structure tree

MuPDF error: format error: No common ancestor in structure tree

MuPDF error: format error: No common ancestor in structure tree

MuPDF error: format error: No common ancestor in structure tree

MuPDF error: format error: No common ancestor in structure tree

MuPDF error: format error: No common ancestor in structure tree

MuPDF error: format error: No common ancestor in structure tree

MuPDF error: format error: No common ancestor in structure tree

MuPDF error: format error: No common ancestor in structure tree

MuPDF error: format error: No common ancestor in structure tree

MuPDF error: format error: No common ancestor in structure tree

MuPDF error: format error: No common ancestor in structure tree

MuPDF error: format error: No common ancestor in structure tree

MuPDF error: format error: No common ancestor in structure tree

MuPDF error: format error: No common ancestor in structure tree

MuPDF error: format error: No common ancestor in structure tree

MuPDF error: format error: No common ancestor in structure tree

MuPDF error: format error: No common ancestor in structure tree

MuPDF error: format error: No common ancestor in structure tree

MuPDF error: format error: No common ancestor in structure tree

MuPDF error: format error: No common ancestor in structure tree

MuPDF error: format error: No common ancestor in structure tree

MuPDF error: format error: No common ancestor in structure tree

MuPDF error: format error: No common ancestor in structure tree

MuPDF error: format error: No common ancestor in structure tree

MuPDF error: format error: No common ancestor in structure tree

MuPDF error: format error: No common ancestor in structure tree

MuPDF error: format error: No common ancestor in structure tree

MuPDF error: format error: No common ancestor in structure tree

MuPDF error: format error: No common ancestor in structure tree

MuPDF error: format error: No common ancestor in structure tree

MuPDF error: format error: No common ancestor in structure tree

MuPDF error: format error: No common ancestor in structure tree

MuPDF error: format error: No common ancestor in structure tree

MuPDF error: format error: No common ancestor in structure tree

MuPDF error: format error: No common ancestor in structure tree

MuPDF error: format error: No common ancestor in structure tree

MuPDF error: format error: No common ancestor in structure tree

MuPDF error: format error: No common ancestor in structure tree

MuPDF error: format error: No common ancestor in structure tree

MuPDF error: format error: No common ancestor in structure tree

MuPDF error: format error: No common ancestor in structure tree

MuPDF error: format error: No common ancestor in structure tree

MuPDF error: format error: No common ancestor in structure tree

MuPDF error: format error: No common ancestor in structure tree

MuPDF error: format error: No common ancestor in structure tree

MuPDF error: format error: No common ancestor in structure tree

MuPDF error: format error: No common ancestor in structure tree

MuPDF error: format error: No common ancestor in structure tree

MuPDF error: format error: No common ancestor in structure tree

MuPDF error: format error: No common ancestor in structure tree

MuPDF error: format error: No common ancestor in structure tree

MuPDF error: format error: No common ancestor in structure tree

MuPDF error: format error: No common ancestor in structure tree

MuPDF error: format error: No common ancestor in structure tree

MuPDF error: format error: No common ancestor in structure tree

MuPDF error: format error: No common ancestor in structure tree

MuPDF error: format error: No common ancestor in structure tree

MuPDF error: format error: No common ancestor in structure tree

MuPDF error: format error: No common ancestor in structure tree

MuPDF error: format error: No common ancestor in structure tree

MuPDF error: format error: No common ancestor in structure tree

MuPDF error: format error: No common ancestor in structure tree

MuPDF error: format error: No common ancestor in structure tree

MuPDF error: format error: No common ancestor in structure tree

MuPDF error: format error: No common ancestor in structure tree

MuPDF error: format error: No common ancestor in structure tree

MuPDF error: format error: No common ancestor in structure tree

MuPDF error: format error: No common ancestor in structure tree

MuPDF error: format error: No common ancestor in structure tree

MuPDF error: format error: No common ancestor in structure tree

MuPDF error: format error: No common ancestor in structure tree

MuPDF error: format error: No common ancestor in structure tree

MuPDF error: format error: No common ancestor in structure tree

MuPDF error: format error: No common ancestor in structure tree

MuPDF error: format error: No common ancestor in structure tree

MuPDF error: format error: No common ancestor in structure tree

MuPDF error: format error: No common ancestor in structure tree

MuPDF error: format error: No common ancestor in structure tree

MuPDF error: format error: No common ancestor in structure tree

MuPDF error: format error: No common ancestor in structure tree

MuPDF error: format error: No common ancestor in structure tree

MuPDF error: format error: No common ancestor in structure tree

MuPDF error: format error: No common ancestor in structure tree

MuPDF error: format error: No common ancestor in structure tree

MuPDF error: format error: No common ancestor in structure tree

MuPDF error: format error: No common ancestor in structure tree

MuPDF error: format error: No common ancestor in structure tree

MuPDF error: format error: No common ancestor in structure tree

MuPDF error: format error: No common ancestor in structure tree

MuPDF error: format error: No common ancestor in structure tree

MuPDF error: format error: No common ancestor in structure tree

MuPDF error: format error: No common ancestor in structure tree

MuPDF error: format error: No common ancestor in structure tree

MuPDF error: format error: No common ancestor in structure tree

MuPDF error: format error: No common ancestor in structure tree

MuPDF error: format error: No common ancestor in structure tree

MuPDF error: format error: No common ancestor in structure tree

MuPDF error: format error: No common ancestor in structure tree

MuPDF error: format error: No common ancestor in structure tree

MuPDF error: format error: No common ancestor in structure tree

      v3_clean_t160: status=ok chars/pg=1791 titulo=False tabla=True (99s)

  ── Análisis comparativo ──
  Variante             titulo%    articulo%   tabla%     avg_chars/pg   avg_secs  
  v1_no_clean          25       % 25        % 90       % 1683           80.1      
  v2_clean_t140        35       % 30        % 90       % 1877           71.9      
  v3_clean_t160        25       % 30        % 95       % 1768           71.7      

  ── Decisión automatizada ──
  → Mejora de cleanup marginal (<30 puntos). Mejor: v2_clean_t140.
    Recomendación: clean_watermark=False en Fase 3.

  Resultados: data\sonora\_calibration\calibration_results.csv
  TXTs por variante: data\sonora\_calibration/*.txt
  ✓ calibrate-ocr completado en 4476.9s

============================================================
  ✓ Pipeline completado para 1 estado(s) en 4476.9s
============================================================
