
############################################################
  ESTADO: SONORA
  Ejercicios: 2010–2025
  OCR: sí
  Pasos: master, segment
############################################################

────────────────────────────────────────
  Paso: master
────────────────────────────────────────
═══ Sonora: Inventario de leyes por PDF ═══
  PDFs procesados: 1251 | Leyes localizadas: 807
  Master: data\sonora\meta\predial_master.csv
  ✓ master completado en 293.5s

────────────────────────────────────────
  Paso: segment
────────────────────────────────────────
═══ Sonora: Segmentación predial ═══
    [WARN] 2020CCVI51III_ocr.pdf/cajeme: PDF slice failed (cannot save with zero pages)
    [WARN] EE311220232.pdf/aconchi: PDF slice failed (cannot save with zero pages)

  ── Resumen segmentación ──
  Total leyes:   807
  Exacta:        685
  Fallback:      122
  Errores:       0
  Desde OCR:     84
  Bitácora: data\sonora\meta\segment.csv
  ✓ segment completado en 282.5s

============================================================
  ✓ Pipeline completado para 1 estado(s) en 576.0s
============================================================
