
############################################################
  ESTADO: SONORA
  Ejercicios: 2010–2025
  OCR: sí
  Pasos: master, segment
############################################################

────────────────────────────────────────
  Paso: master
────────────────────────────────────────
═══ Sonora: Inventario de leyes por PDF ═══
  PDFs procesados: 1221 | Leyes localizadas: 692
  Master: data\sonora\meta\predial_master.csv
  ✓ master completado en 257.2s

────────────────────────────────────────
  Paso: segment
────────────────────────────────────────
═══ Sonora: Segmentación predial ═══
    [WARN] EE311220232.pdf/aconchi: PDF slice failed (cannot save with zero pages)

  ── Resumen segmentación ──
  Total leyes:   692
  Exacta:        581
  Fallback:      111
  Errores:       0
  Desde OCR:     0
  Bitácora: data\sonora\meta\segment.csv
  ✓ segment completado en 292.2s

============================================================
  ✓ Pipeline completado para 1 estado(s) en 549.4s
============================================================
