
############################################################
  ESTADO: SONORA
  Ejercicios: 2010–2025
  OCR: sí
  Pasos: segment
############################################################

────────────────────────────────────────
  Paso: segment
────────────────────────────────────────
═══ Sonora: Segmentación predial ═══

  ── Resumen segmentación ──
  Total leyes:   391
  Exacta:        386
  Fallback:      5
  Errores:       0
  Desde OCR:     0
  Bitácora: data\sonora\meta\segment.csv
  ✓ segment completado en 254.3s

============================================================
  ✓ Pipeline completado para 1 estado(s) en 254.3s
============================================================
