═══ San Luis Potosí: OCR adaptativo ═══
    Threshold: 300 chars/página promedio
    Total PDFs candidatos: 575
    [113/575] OCR (98 c/p): SLP_RAW_2015_ahualulco_del_sonido_13.pdf
    [115/575] OCR (98 c/p): SLP_RAW_2015_armadillo_de_los_infante.pdf
    [116/575] OCR (98 c/p): SLP_RAW_2015_axtla_de_terrazas.pdf
    [117/575] OCR (98 c/p): SLP_RAW_2015_catorce.pdf
    [118/575] OCR (98 c/p): SLP_RAW_2015_cedral.pdf
    [119/575] OCR (98 c/p): SLP_RAW_2015_cerritos.pdf
    [120/575] OCR (98 c/p): SLP_RAW_2015_charcas.pdf
    [121/575] OCR (98 c/p): SLP_RAW_2015_ciudad_del_maiz.pdf
    [122/575] OCR (98 c/p): SLP_RAW_2015_ciudad_valles.pdf
    [123/575] OCR (98 c/p): SLP_RAW_2015_el_naranjo.pdf
    [124/575] OCR (98 c/p): SLP_RAW_2015_matehuala.pdf
    [127/575] OCR (98 c/p): SLP_RAW_2015_rioverde.pdf
    [128/575] OCR (98 c/p): SLP_RAW_2015_salinas.pdf
    [129/575] OCR (98 c/p): SLP_RAW_2015_san_antonio.pdf
    [132/575] OCR (98 c/p): SLP_RAW_2015_santo_domingo.pdf
    [133/575] OCR (98 c/p): SLP_RAW_2015_tamasopo.pdf
    [134/575] OCR (98 c/p): SLP_RAW_2015_tamazunchale.pdf
    [135/575] OCR (98 c/p): SLP_RAW_2015_tancanhuitz.pdf
    [136/575] OCR (98 c/p): SLP_RAW_2015_tierra_nueva.pdf
    [138/575] OCR (98 c/p): SLP_RAW_2015_venado.pdf
    [139/575] OCR (98 c/p): SLP_RAW_2015_villa_de_arista.pdf
    [140/575] OCR (98 c/p): SLP_RAW_2015_villa_de_arriaga.pdf
    [142/575] OCR (98 c/p): SLP_RAW_2015_villa_de_la_paz.pdf
    [143/575] OCR (98 c/p): SLP_RAW_2015_villa_de_ramos.pdf
    [144/575] OCR (98 c/p): SLP_RAW_2015_villa_de_reyes.pdf
    [145/575] OCR (98 c/p): SLP_RAW_2015_xilitla.pdf
    [146/575] OCR (98 c/p): SLP_RAW_2015_zaragoza.pdf
    [147/575] OCR (33 c/p): SLP_RAW_2016_san_luis_potosi.pdf
    [161/575] OCR (33 c/p): SLP_RAW_2017_ciudad_valles.pdf
    [173/575] OCR (33 c/p): SLP_RAW_2017_san_luis_potosi.pdf
    [236/575] OCR (34 c/p): SLP_RAW_2019_alaquines.pdf
    [237/575] OCR (29 c/p): SLP_RAW_2019_aquismon.pdf
    [238/575] OCR (29 c/p): SLP_RAW_2019_armadillo_de_los_infante.pdf
    [239/575] OCR (29 c/p): SLP_RAW_2019_catorce.pdf
    [240/575] OCR (29 c/p): SLP_RAW_2019_cedral.pdf
    [241/575] OCR (29 c/p): SLP_RAW_2019_cerritos.pdf
    [242/575] OCR (29 c/p): SLP_RAW_2019_cerro_de_san_pedro.pdf
    [243/575] OCR (29 c/p): SLP_RAW_2019_charcas.pdf
    [244/575] OCR (29 c/p): SLP_RAW_2019_ciudad_del_maiz.pdf
    [246/575] OCR (29 c/p): SLP_RAW_2019_ebano.pdf
    [247/575] OCR (29 c/p): SLP_RAW_2019_el_naranjo.pdf
    [248/575] OCR (29 c/p): SLP_RAW_2019_guadalcazar.pdf
    [249/575] OCR (30 c/p): SLP_RAW_2019_huehuetlan.pdf
    [250/575] OCR (29 c/p): SLP_RAW_2019_lagunillas.pdf
    [251/575] OCR (29 c/p): SLP_RAW_2019_matehuala.pdf
    [252/575] OCR (29 c/p): SLP_RAW_2019_matlapa.pdf
    [253/575] OCR (30 c/p): SLP_RAW_2019_moctezuma.pdf
    [254/575] OCR (30 c/p): SLP_RAW_2019_rayon.pdf
    [255/575] OCR (30 c/p): SLP_RAW_2019_rioverde.pdf
    [256/575] OCR (29 c/p): SLP_RAW_2019_salinas.pdf
    [257/575] OCR (29 c/p): SLP_RAW_2019_san_antonio.pdf
    [258/575] OCR (29 c/p): SLP_RAW_2019_san_ciro_de_acosta.pdf
    [260/575] OCR (29 c/p): SLP_RAW_2019_san_martin_chalchicuautla.pdf
    [261/575] OCR (30 c/p): SLP_RAW_2019_san_vicente_tancuayalab.pdf
    [262/575] OCR (30 c/p): SLP_RAW_2019_santa_catarina.pdf
    [263/575] OCR (29 c/p): SLP_RAW_2019_santa_maria_del_rio.pdf
    [264/575] OCR (29 c/p): SLP_RAW_2019_santo_domingo.pdf
    [266/575] OCR (29 c/p): SLP_RAW_2019_tamasopo.pdf
    [268/575] OCR (29 c/p): SLP_RAW_2019_tampacan.pdf
    [269/575] OCR (29 c/p): SLP_RAW_2019_tampamolon_corona.pdf
    [270/575] OCR (29 c/p): SLP_RAW_2019_tamuin.pdf
    [271/575] OCR (29 c/p): SLP_RAW_2019_tancanhuitz.pdf
    [272/575] OCR (29 c/p): SLP_RAW_2019_tanlajas.pdf
    [273/575] OCR (29 c/p): SLP_RAW_2019_tanquian_de_escobedo.pdf
    [274/575] OCR (30 c/p): SLP_RAW_2019_tierra_nueva.pdf
    [275/575] OCR (29 c/p): SLP_RAW_2019_vanegas.pdf
    [276/575] OCR (30 c/p): SLP_RAW_2019_venado.pdf
    [277/575] OCR (30 c/p): SLP_RAW_2019_villa_de_arista.pdf
    [278/575] OCR (30 c/p): SLP_RAW_2019_villa_de_arriaga.pdf
    [279/575] OCR (30 c/p): SLP_RAW_2019_villa_de_guadalupe.pdf
    [280/575] OCR (30 c/p): SLP_RAW_2019_villa_de_la_paz.pdf
    [281/575] OCR (30 c/p): SLP_RAW_2019_villa_de_ramos.pdf
    [283/575] OCR (30 c/p): SLP_RAW_2019_villa_hidalgo.pdf
    [284/575] OCR (30 c/p): SLP_RAW_2019_villa_juarez.pdf
    [285/575] OCR (29 c/p): SLP_RAW_2019_xilitla.pdf
    [286/575] OCR (29 c/p): SLP_RAW_2019_zaragoza.pdf

  ── Resumen OCR ──
  Nativos (saltados):  498
  OCR procesados:      76
  Ya OCR'd (saltados): 1
  Errores:             0
  Log: data\sanluispotosi\meta\ocr_log.csv
