
############################################################
  ESTADO: SANLUISPOTOSI
  Ejercicios: 2010–2025
  OCR: no
  Pasos: download, master, segment
############################################################

────────────────────────────────────────
  Paso: download
────────────────────────────────────────
═══ San Luis Potosí: Descarga de PDFs del PO ═══
    Ejercicios: 2010-2025
  [2010] búsqueda 2009-01-01..2010-06-30: 17 leyes municipales
    [ERROR] id=2937 salinas: error:HTTPError
    [ERROR] id=3388 vanegas: error:HTTPError
    [ERROR] id=3389 villa_de_ramos: error:HTTPError
    [ERROR] id=3399 venado: error:HTTPError
    [ERROR] id=3446 ahualulco_del_sonido_13: error:HTTPError
    [ERROR] id=3447 cedral: error:HTTPError
    [ERROR] id=3448 san_luis_potosi: error:HTTPError
    [ERROR] id=3449 tampacan: error:HTTPError
    [ERROR] id=3450 tancanhuitz: error:HTTPError
    [ERROR] id=3451 tanquian_de_escobedo: error:HTTPError
    [ERROR] id=3452 villa_de_arriaga: error:HTTPError
    [ERROR] id=3453 villa_de_la_paz: error:HTTPError
    [ERROR] id=3454 villa_de_reyes: error:HTTPError
    [ERROR] id=3455 villa_hidalgo: error:HTTPError
    [ERROR] id=3456 villa_juarez: error:HTTPError
    [ERROR] id=3457 xilitla: error:HTTPError
    [ERROR] id=3458 zaragoza: error:HTTPError
  [2011] búsqueda 2010-01-01..2011-06-30: 58 leyes municipales
    [ERROR] id=3879 ahualulco_del_sonido_13: error:HTTPError
    [ERROR] id=3880 alaquines: error:HTTPError
    [ERROR] id=3881 aquismon: error:HTTPError
    [ERROR] id=3882 armadillo_de_los_infante: error:HTTPError
    [ERROR] id=3883 axtla_de_terrazas: error:HTTPError
    [ERROR] id=3884 cardenas: error:HTTPError
    [ERROR] id=3885 catorce: error:HTTPError
    [ERROR] id=3886 cedral: error:HTTPError
    [ERROR] id=3887 cerritos: error:HTTPError
    [ERROR] id=3888 cerro_de_san_pedro: error:HTTPError
    [ERROR] id=3889 charcas: error:HTTPError
    [ERROR] id=3890 ciudad_del_maiz: error:HTTPError
    [ERROR] id=3891 ciudad_fernandez: error:HTTPError
    [ERROR] id=3892 ciudad_valles: error:HTTPError
    [ERROR] id=3893 coxcatlan: error:HTTPError
    [ERROR] id=3894 ebano: error:HTTPError
    [ERROR] id=3895 el_naranjo: error:HTTPError
    [ERROR] id=3896 guadalcazar: error:HTTPError
    [ERROR] id=3897 huehuetlan: error:HTTPError
    [ERROR] id=3898 lagunillas: error:HTTPError
    [ERROR] id=3899 matehuala: error:HTTPError
    [ERROR] id=3900 matlapa: error:HTTPError
    [ERROR] id=3901 mexquitic_de_carmona: error:HTTPError
    [ERROR] id=3902 moctezuma: error:HTTPError
    [ERROR] id=3903 rayon: error:HTTPError
    [ERROR] id=3904 rioverde: error:HTTPError
    [ERROR] id=3905 salinas: error:HTTPError
    [ERROR] id=3906 san_antonio: error:HTTPError
    [ERROR] id=3907 san_ciro_de_acosta: error:HTTPError
    [ERROR] id=3908 san_luis_potosi: error:HTTPError
    [ERROR] id=3909 san_martin_chalchicuautla: error:HTTPError
    [ERROR] id=3910 san_nicolas_tolentino: error:HTTPError
    [ERROR] id=3911 san_vicente_tancuayalab: error:HTTPError
    [ERROR] id=3912 santa_catarina: error:HTTPError
    [ERROR] id=3913 santa_maria_del_rio: error:HTTPError
    [ERROR] id=3914 santo_domingo: error:HTTPError
    [ERROR] id=3915 soledad_de_graciano_sanchez: error:HTTPError
    [ERROR] id=3916 tamasopo: error:HTTPError
    [ERROR] id=3917 tamazunchale: error:HTTPError
    [ERROR] id=3918 tampacan: error:HTTPError
    [ERROR] id=3919 tampamolon_corona: error:HTTPError
    [ERROR] id=3920 tamuin: error:HTTPError
    [ERROR] id=3921 tancanhuitz: error:HTTPError
    [ERROR] id=3922 tanlajas: error:HTTPError
    [ERROR] id=3923 tanquian_de_escobedo: error:HTTPError
    [ERROR] id=3924 tierra_nueva: error:HTTPError
    [ERROR] id=3925 vanegas: error:HTTPError
    [ERROR] id=3926 venado: error:HTTPError
    [ERROR] id=3927 villa_de_arista: error:HTTPError
    [ERROR] id=3928 villa_de_arriaga: error:HTTPError
    [ERROR] id=3929 villa_de_guadalupe: error:HTTPError
    [ERROR] id=3930 venado: error:HTTPError
    [ERROR] id=3931 villa_de_ramos: error:HTTPError
    [ERROR] id=3932 villa_de_reyes: error:HTTPError
    [ERROR] id=3933 villa_hidalgo: error:HTTPError
    [ERROR] id=3934 villa_juarez: error:HTTPError
    [ERROR] id=3935 xilitla: error:HTTPError
    [ERROR] id=3936 zaragoza: error:HTTPError
  [2012] búsqueda 2011-01-01..2012-06-30: 51 leyes municipales
    [ERROR] id=4298 santa_maria_del_rio: error:HTTPError
  [2013] búsqueda 2012-01-01..2013-06-30: 39 leyes municipales
    [ERROR] id=4797 santa_maria_del_rio: error:HTTPError
  [2014] búsqueda 2013-01-01..2014-06-30: 40 leyes municipales
    [ERROR] id=5227 aquismon: error:HTTPError
    [ERROR] id=5230 cardenas: error:HTTPError
    [ERROR] id=5237 ciudad_fernandez: error:HTTPError
    [ERROR] id=5239 ebano: error:HTTPError
    [ERROR] id=5241 guadalcazar: error:HTTPError
    [ERROR] id=5242 huehuetlan: error:HTTPError
    [ERROR] id=5247 rayon: error:HTTPError
    [ERROR] id=5248 rioverde: error:HTTPError
    [ERROR] id=5250 san_luis_potosi: error:HTTPError
    [ERROR] id=5251 san_martin_chalchicuautla: error:HTTPError
    [ERROR] id=5252 san_nicolas_tolentino: error:HTTPError
    [ERROR] id=5256 soledad_de_graciano_sanchez: error:HTTPError
    [ERROR] id=5259 tampacan: error:HTTPError
    [ERROR] id=5260 tampamolon_corona: error:HTTPError
    [ERROR] id=5261 tamuin: error:HTTPError
    [ERROR] id=5263 tanquian_de_escobedo: error:HTTPError
  [2015] búsqueda 2014-01-01..2015-06-30: 51 leyes municipales
    [ERROR] id=5774 soledad_de_graciano_sanchez: error:HTTPError
    [ERROR] id=5802 cardenas: error:HTTPError
    [ERROR] id=5808 ciudad_fernandez: error:HTTPError
    [ERROR] id=5810 coxcatlan: error:HTTPError
    [ERROR] id=5812 guadalcazar: error:HTTPError
    [ERROR] id=5813 huehuetlan: error:HTTPError
    [ERROR] id=5817 rayon: error:HTTPError
    [ERROR] id=5822 san_luis_potosi: error:HTTPError
    [ERROR] id=5823 san_martin_chalchicuautla: error:HTTPError
    [ERROR] id=5825 santa_maria_del_rio: error:HTTPError
    [ERROR] id=5829 tampacan: error:HTTPError
    [ERROR] id=5830 tampamolon_corona: error:HTTPError
    [ERROR] id=5831 tamuin: error:HTTPError
    [ERROR] id=5833 tanlajas: error:HTTPError
    [ERROR] id=5834 tanquian_de_escobedo: error:HTTPError
  [2016] búsqueda 2015-01-01..2016-06-30: 5 leyes municipales
  [2017] búsqueda 2016-01-01..2017-06-30: 59 leyes municipales
    [ERROR] id=6600 aquismon: error:HTTPError
    [ERROR] id=6603 cardenas: error:HTTPError
    [ERROR] id=6609 ciudad_del_maiz: error:HTTPError
    [ERROR] id=6611 ciudad_fernandez: error:HTTPError
    [ERROR] id=6612 coxcatlan: error:HTTPError
    [ERROR] id=6613 ebano: error:HTTPError
    [ERROR] id=6615 guadalcazar: error:HTTPError
    [ERROR] id=6622 rayon: error:HTTPError
    [ERROR] id=6627 san_martin_chalchicuautla: error:HTTPError
    [ERROR] id=6631 santa_maria_del_rio: error:HTTPError
    [ERROR] id=6633 soledad_de_graciano_sanchez: error:HTTPError
    [ERROR] id=6636 tampacan: error:HTTPError
    [ERROR] id=6637 tampamolon_corona: error:HTTPError
    [ERROR] id=6638 tamuin: error:HTTPError
    [ERROR] id=6640 tanlajas: error:HTTPError
    [ERROR] id=6641 tanquian_de_escobedo: error:HTTPError
    [ERROR] id=6652 villa_juarez: error:HTTPError
  [2018] búsqueda 2017-01-01..2018-06-30: 59 leyes municipales
    [ERROR] id=7241 aquismon: error:HTTPError
    [ERROR] id=7244 cardenas: error:HTTPError
    [ERROR] id=7252 ciudad_fernandez: error:HTTPError
    [ERROR] id=7254 ebano: error:HTTPError
    [ERROR] id=7262 rayon: error:HTTPError
    [ERROR] id=7267 san_martin_chalchicuautla: error:HTTPError
    [ERROR] id=7269 san_nicolas_tolentino: error:HTTPError
    [ERROR] id=7272 santa_maria_del_rio: error:HTTPError
    [ERROR] id=7277 tampacan: error:HTTPError
    [ERROR] id=7278 tampamolon_corona: error:HTTPError
    [ERROR] id=7279 tamuin: error:HTTPError
    [ERROR] id=7280 tanlajas: error:HTTPError
    [ERROR] id=7281 tanquian_de_escobedo: error:HTTPError
    [ERROR] id=7292 villa_juarez: error:HTTPError
    [ERROR] id=7299 huehuetlan: error:HTTPError
  [2019] búsqueda 2018-01-01..2019-06-30: 58 leyes municipales
    [ERROR] id=7589 cardenas: error:HTTPError
    [ERROR] id=7596 ciudad_fernandez: error:HTTPError
    [ERROR] id=7598 coxcatlan: error:HTTPError
    [ERROR] id=7614 san_nicolas_tolentino: error:HTTPError
  [2020] búsqueda 2019-01-01..2020-06-30: 87 leyes municipales
  [2021] búsqueda 2020-01-01..2021-06-30: sin resultados municipales
  [2022] búsqueda 2021-01-01..2022-06-30: 61 leyes municipales
  [2023] búsqueda 2022-01-01..2023-06-30: 61 leyes municipales
  [2024] búsqueda 2023-01-01..2024-06-30: 59 leyes municipales
  [2025] búsqueda 2024-01-01..2025-06-30: 58 leyes municipales

  ── Resumen descarga ──
  2010: 17 leyes
  2011: 58 leyes
  2012: 51 leyes
  2013: 39 leyes
  2014: 40 leyes
  2015: 51 leyes
  2016: 5 leyes
  2017: 59 leyes
  2018: 59 leyes
  2019: 58 leyes
  2020: 87 leyes
  2021: 0 leyes
  2022: 61 leyes
  2023: 61 leyes
  2024: 59 leyes
  2025: 58 leyes
  Filas en índice: 763 (ok/cached=588, skip=3, err=144)
  Índice: data\sanluispotosi\meta\ley_ingresos_index.csv
  ✓ download completado en 966.8s

────────────────────────────────────────
  Paso: master
────────────────────────────────────────
  Master: data\sanluispotosi\meta\predial_master.csv (575 PDFs inventariados)
  ✓ master completado en 0.8s

────────────────────────────────────────
  Paso: segment
────────────────────────────────────────
═══ San Luis Potosí: Segmentación predial ═══

  ── Resumen segmentación ──
  Total:    575
  Exacta:   495
  Fallback: 80
  Errores:  0
  Bitácora: data\sanluispotosi\meta\segment.csv
  ✓ segment completado en 107.3s

============================================================
  ✓ Pipeline completado para 1 estado(s) en 1074.9s
============================================================
