═══ San Luis Potosí: Descarga PO (mode=wide) ═══
    Ejercicios: 2010-2025
  Consulta única: 1857-06-06..2026-12-31, palabra='ley de ingresos'
  Records crudos en respuesta: 1174
  Records municipales válidos (con fiscal year reconocido): 727
  [2010] 16 leyes municipales (source=po_api_wide)
    [ERROR] id=3388 vanegas: error:404:all_endpoints
    [ERROR] id=3389 villa_de_ramos: error:404:all_endpoints
    [ERROR] id=3399 venado: error:404:all_endpoints
    [ERROR] id=3446 ahualulco_del_sonido_13: error:404:all_endpoints
    [ERROR] id=3447 cedral: error:404:all_endpoints
    [ERROR] id=3448 san_luis_potosi: error:404:all_endpoints
    [ERROR] id=3449 tampacan: error:404:all_endpoints
    [ERROR] id=3450 tancanhuitz: error:404:all_endpoints
    [ERROR] id=3451 tanquian_de_escobedo: error:404:all_endpoints
    [ERROR] id=3452 villa_de_arriaga: error:404:all_endpoints
    [ERROR] id=3453 villa_de_la_paz: error:404:all_endpoints
    [ERROR] id=3454 villa_de_reyes: error:404:all_endpoints
    [ERROR] id=3455 villa_hidalgo: error:404:all_endpoints
    [ERROR] id=3456 villa_juarez: error:404:all_endpoints
    [ERROR] id=3457 xilitla: error:404:all_endpoints
    [ERROR] id=3458 zaragoza: error:404:all_endpoints
  [2011] 58 leyes municipales (source=po_api_wide)
    [ERROR] id=3879 ahualulco_del_sonido_13: error:404:all_endpoints
    [ERROR] id=3880 alaquines: error:404:all_endpoints
    [ERROR] id=3881 aquismon: error:404:all_endpoints
    [ERROR] id=3882 armadillo_de_los_infante: error:404:all_endpoints
    [ERROR] id=3883 axtla_de_terrazas: error:404:all_endpoints
    [ERROR] id=3884 cardenas: error:404:all_endpoints
    [ERROR] id=3885 catorce: error:404:all_endpoints
    [ERROR] id=3886 cedral: error:404:all_endpoints
    [ERROR] id=3887 cerritos: error:404:all_endpoints
    [ERROR] id=3888 cerro_de_san_pedro: error:404:all_endpoints
    [ERROR] id=3889 charcas: error:404:all_endpoints
    [ERROR] id=3890 ciudad_del_maiz: error:404:all_endpoints
    [ERROR] id=3891 ciudad_fernandez: error:404:all_endpoints
    [ERROR] id=3892 ciudad_valles: error:404:all_endpoints
    [ERROR] id=3893 coxcatlan: error:404:all_endpoints
    [ERROR] id=3894 ebano: error:404:all_endpoints
    [ERROR] id=3895 el_naranjo: error:404:all_endpoints
    [ERROR] id=3896 guadalcazar: error:404:all_endpoints
    [ERROR] id=3897 huehuetlan: error:404:all_endpoints
    [ERROR] id=3898 lagunillas: error:404:all_endpoints
    [ERROR] id=3899 matehuala: error:404:all_endpoints
    [ERROR] id=3900 matlapa: error:404:all_endpoints
    [ERROR] id=3901 mexquitic_de_carmona: error:404:all_endpoints
    [ERROR] id=3902 moctezuma: error:404:all_endpoints
    [ERROR] id=3903 rayon: error:404:all_endpoints
    [ERROR] id=3904 rioverde: error:404:all_endpoints
    [ERROR] id=3905 salinas: error:404:all_endpoints
    [ERROR] id=3906 san_antonio: error:404:all_endpoints
    [ERROR] id=3907 san_ciro_de_acosta: error:404:all_endpoints
    [ERROR] id=3908 san_luis_potosi: error:404:all_endpoints
    [ERROR] id=3909 san_martin_chalchicuautla: error:404:all_endpoints
    [ERROR] id=3910 san_nicolas_tolentino: error:404:all_endpoints
    [ERROR] id=3911 san_vicente_tancuayalab: error:404:all_endpoints
    [ERROR] id=3912 santa_catarina: error:404:all_endpoints
    [ERROR] id=3913 santa_maria_del_rio: error:404:all_endpoints
    [ERROR] id=3914 santo_domingo: error:404:all_endpoints
    [ERROR] id=3915 soledad_de_graciano_sanchez: error:404:all_endpoints
    [ERROR] id=3916 tamasopo: error:404:all_endpoints
    [ERROR] id=3917 tamazunchale: error:404:all_endpoints
    [ERROR] id=3918 tampacan: error:404:all_endpoints
    [ERROR] id=3919 tampamolon_corona: error:404:all_endpoints
    [ERROR] id=3920 tamuin: error:404:all_endpoints
    [ERROR] id=3921 tancanhuitz: error:404:all_endpoints
    [ERROR] id=3922 tanlajas: error:404:all_endpoints
    [ERROR] id=3923 tanquian_de_escobedo: error:404:all_endpoints
    [ERROR] id=3924 tierra_nueva: error:404:all_endpoints
    [ERROR] id=3925 vanegas: error:404:all_endpoints
    [ERROR] id=3926 venado: error:404:all_endpoints
    [ERROR] id=3927 villa_de_arista: error:404:all_endpoints
    [ERROR] id=3928 villa_de_arriaga: error:404:all_endpoints
    [ERROR] id=3929 villa_de_guadalupe: error:404:all_endpoints
    [ERROR] id=3930 venado: error:404:all_endpoints
    [ERROR] id=3931 villa_de_ramos: error:404:all_endpoints
    [ERROR] id=3932 villa_de_reyes: error:404:all_endpoints
    [ERROR] id=3933 villa_hidalgo: error:404:all_endpoints
    [ERROR] id=3934 villa_juarez: error:404:all_endpoints
    [ERROR] id=3935 xilitla: error:404:all_endpoints
    [ERROR] id=3936 zaragoza: error:404:all_endpoints
  [2012] 51 leyes municipales (source=po_api_wide)
    [ERROR] id=4298 santa_maria_del_rio: error:404:all_endpoints
  [2013] 39 leyes municipales (source=po_api_wide)
    [ERROR] id=4797 santa_maria_del_rio: error:404:all_endpoints
  [2014] 42 leyes municipales (source=po_api_wide)
    [ERROR] id=5227 aquismon: error:404:all_endpoints
    [ERROR] id=5230 cardenas: error:404:all_endpoints
    [ERROR] id=5237 ciudad_fernandez: error:404:all_endpoints
    [ERROR] id=5239 ebano: error:404:all_endpoints
    [ERROR] id=5241 guadalcazar: error:404:all_endpoints
    [ERROR] id=5242 huehuetlan: error:404:all_endpoints
    [ERROR] id=5247 rayon: error:404:all_endpoints
    [ERROR] id=5248 rioverde: error:404:all_endpoints
    [ERROR] id=5250 san_luis_potosi: error:404:all_endpoints
    [ERROR] id=5251 san_martin_chalchicuautla: error:404:all_endpoints
    [ERROR] id=5252 san_nicolas_tolentino: error:404:all_endpoints
    [ERROR] id=5256 soledad_de_graciano_sanchez: error:404:all_endpoints
    [ERROR] id=5259 tampacan: error:404:all_endpoints
    [ERROR] id=5260 tampamolon_corona: error:404:all_endpoints
    [ERROR] id=5261 tamuin: error:404:all_endpoints
    [ERROR] id=5263 tanquian_de_escobedo: error:404:all_endpoints
    Descargado [ok]: SLP_RAW_2014_ciudad_valles.pdf
  [2015] 49 leyes municipales (source=po_api_wide)
    [ERROR] id=5774 soledad_de_graciano_sanchez: error:404:all_endpoints
    [ERROR] id=5802 cardenas: error:404:all_endpoints
    [ERROR] id=5808 ciudad_fernandez: error:404:all_endpoints
    [ERROR] id=5810 coxcatlan: error:404:all_endpoints
    [ERROR] id=5812 guadalcazar: error:404:all_endpoints
    [ERROR] id=5813 huehuetlan: error:404:all_endpoints
    [ERROR] id=5817 rayon: error:404:all_endpoints
    [ERROR] id=5822 san_luis_potosi: error:404:all_endpoints
    [ERROR] id=5823 san_martin_chalchicuautla: error:404:all_endpoints
    [ERROR] id=5825 santa_maria_del_rio: error:404:all_endpoints
    [ERROR] id=5829 tampacan: error:404:all_endpoints
    [ERROR] id=5830 tampamolon_corona: error:404:all_endpoints
    [ERROR] id=5831 tamuin: error:404:all_endpoints
    [ERROR] id=5833 tanlajas: error:404:all_endpoints
    [ERROR] id=5834 tanquian_de_escobedo: error:404:all_endpoints
  [2016] 6 leyes municipales (source=po_api_wide)
    Descargado [ok]: SLP_RAW_2016_villa_de_guadalupe.pdf
  [2017] 58 leyes municipales (source=po_api_wide)
    [ERROR] id=6600 aquismon: error:404:all_endpoints
    [ERROR] id=6603 cardenas: error:404:all_endpoints
    [ERROR] id=6609 ciudad_del_maiz: error:404:all_endpoints
    [ERROR] id=6611 ciudad_fernandez: error:404:all_endpoints
    [ERROR] id=6612 coxcatlan: error:404:all_endpoints
    [ERROR] id=6613 ebano: error:404:all_endpoints
    [ERROR] id=6615 guadalcazar: error:404:all_endpoints
    [ERROR] id=6622 rayon: error:404:all_endpoints
    [ERROR] id=6627 san_martin_chalchicuautla: error:404:all_endpoints
    [ERROR] id=6631 santa_maria_del_rio: error:404:all_endpoints
    [ERROR] id=6633 soledad_de_graciano_sanchez: error:404:all_endpoints
    [ERROR] id=6636 tampacan: error:404:all_endpoints
    [ERROR] id=6637 tampamolon_corona: error:404:all_endpoints
    [ERROR] id=6638 tamuin: error:404:all_endpoints
    [ERROR] id=6640 tanlajas: error:404:all_endpoints
    [ERROR] id=6641 tanquian_de_escobedo: error:404:all_endpoints
    [ERROR] id=6652 villa_juarez: error:404:all_endpoints
  [2018] 59 leyes municipales (source=po_api_wide)
    [ERROR] id=7241 aquismon: error:404:all_endpoints
    [ERROR] id=7244 cardenas: error:404:all_endpoints
    [ERROR] id=7252 ciudad_fernandez: error:404:all_endpoints
    [ERROR] id=7254 ebano: error:404:all_endpoints
    [ERROR] id=7262 rayon: error:404:all_endpoints
    [ERROR] id=7267 san_martin_chalchicuautla: error:404:all_endpoints
    [ERROR] id=7269 san_nicolas_tolentino: error:404:all_endpoints
    [ERROR] id=7272 santa_maria_del_rio: error:404:all_endpoints
    [ERROR] id=7277 tampacan: error:404:all_endpoints
    [ERROR] id=7278 tampamolon_corona: error:404:all_endpoints
    [ERROR] id=7279 tamuin: error:404:all_endpoints
    [ERROR] id=7280 tanlajas: error:404:all_endpoints
    [ERROR] id=7281 tanquian_de_escobedo: error:404:all_endpoints
    [ERROR] id=7292 villa_juarez: error:404:all_endpoints
    [ERROR] id=7299 huehuetlan: error:404:all_endpoints
  [2019] 56 leyes municipales (source=po_api_wide)
    [ERROR] id=7589 cardenas: error:404:all_endpoints
    [ERROR] id=7596 ciudad_fernandez: error:404:all_endpoints
    [ERROR] id=7598 coxcatlan: error:404:all_endpoints
    [ERROR] id=7614 san_nicolas_tolentino: error:404:all_endpoints
  [2020] 60 leyes municipales (source=po_api_wide)
  [2022] 58 leyes municipales (source=po_api_wide)
  [2023] 58 leyes municipales (source=po_api_wide)
  [2024] 59 leyes municipales (source=po_api_wide)
    Descargado [ok]: SLP_RAW_2024_villa_de_pozos.pdf
  [2025] 58 leyes municipales (source=po_api_wide)

  ── Resumen descarga ──
  2010: 16 leyes (po_api_wide)
  2011: 58 leyes (po_api_wide)
  2012: 51 leyes (po_api_wide)
  2013: 39 leyes (po_api_wide)
  2014: 42 leyes (po_api_wide)
  2015: 49 leyes (po_api_wide)
  2016: 6 leyes (po_api_wide)
  2017: 58 leyes (po_api_wide)
  2018: 59 leyes (po_api_wide)
  2019: 56 leyes (po_api_wide)
  2020: 60 leyes (po_api_wide)
  2022: 58 leyes (po_api_wide)
  2023: 58 leyes (po_api_wide)
  2024: 59 leyes (po_api_wide)
  2025: 58 leyes (po_api_wide)
  Filas nuevas: 727 (ok/cached=584, skip=0, err=143)
  Filas totales en índice: 1490
  Índice: data\sanluispotosi\meta\ley_ingresos_index.csv
