[info] shard 2/4 → bitácora vision_multi_log.s2of4.csv
[info] cargando huecos de Sonora...
[info] 199 huecos identificados
[info] 24 huecos sin PDF asociado (no procesables aquí)
[info] 112 PDFs únicos a procesar (cubren 175 huecos)
[info] shard 2/4: 31 de 112 PDFs en este shard
[info] 31 PDFs después de aplicar idempotencia

[1/31] 2018CCII51VII  (2 munis)
MuPDF error: format error: No common ancestor in structure tree

MuPDF error: format error: No common ancestor in structure tree

MuPDF error: format error: No common ancestor in structure tree

MuPDF error: format error: No common ancestor in structure tree

MuPDF error: format error: No common ancestor in structure tree

MuPDF error: format error: No common ancestor in structure tree

MuPDF error: format error: No common ancestor in structure tree

MuPDF error: format error: No common ancestor in structure tree

MuPDF error: format error: No common ancestor in structure tree

MuPDF error: format error: No common ancestor in structure tree

MuPDF error: format error: No common ancestor in structure tree

MuPDF error: format error: No common ancestor in structure tree

MuPDF error: format error: No common ancestor in structure tree

MuPDF error: format error: No common ancestor in structure tree

MuPDF error: format error: No common ancestor in structure tree

MuPDF error: format error: No common ancestor in structure tree

MuPDF error: format error: No common ancestor in structure tree

MuPDF error: format error: No common ancestor in structure tree

MuPDF error: format error: No common ancestor in structure tree

MuPDF error: format error: No common ancestor in structure tree

MuPDF error: format error: No common ancestor in structure tree

MuPDF error: format error: No common ancestor in structure tree

MuPDF error: format error: No common ancestor in structure tree

MuPDF error: format error: No common ancestor in structure tree

MuPDF error: format error: No common ancestor in structure tree

MuPDF error: format error: No common ancestor in structure tree

MuPDF error: format error: No common ancestor in structure tree

MuPDF error: format error: No common ancestor in structure tree

MuPDF error: format error: No common ancestor in structure tree

MuPDF error: format error: No common ancestor in structure tree

MuPDF error: format error: No common ancestor in structure tree

MuPDF error: format error: No common ancestor in structure tree

MuPDF error: format error: No common ancestor in structure tree

MuPDF error: format error: No common ancestor in structure tree

MuPDF error: format error: No common ancestor in structure tree

MuPDF error: format error: No common ancestor in structure tree

MuPDF error: format error: No common ancestor in structure tree

MuPDF error: format error: No common ancestor in structure tree

MuPDF error: format error: No common ancestor in structure tree

MuPDF error: format error: No common ancestor in structure tree

MuPDF error: format error: No common ancestor in structure tree

MuPDF error: format error: No common ancestor in structure tree

MuPDF error: format error: No common ancestor in structure tree

MuPDF error: format error: No common ancestor in structure tree

MuPDF error: format error: No common ancestor in structure tree

MuPDF error: format error: No common ancestor in structure tree

MuPDF error: format error: No common ancestor in structure tree

MuPDF error: format error: No common ancestor in structure tree

MuPDF error: format error: No common ancestor in structure tree

MuPDF error: format error: No common ancestor in structure tree

MuPDF error: format error: No common ancestor in structure tree

MuPDF error: format error: No common ancestor in structure tree

MuPDF error: format error: No common ancestor in structure tree

MuPDF error: format error: No common ancestor in structure tree

MuPDF error: format error: No common ancestor in structure tree

MuPDF error: format error: No common ancestor in structure tree

MuPDF error: format error: No common ancestor in structure tree

MuPDF error: format error: No common ancestor in structure tree

MuPDF error: format error: No common ancestor in structure tree

MuPDF error: format error: No common ancestor in structure tree

MuPDF error: format error: No common ancestor in structure tree

MuPDF error: format error: No common ancestor in structure tree

MuPDF error: format error: No common ancestor in structure tree

MuPDF error: format error: No common ancestor in structure tree

MuPDF error: format error: No common ancestor in structure tree

MuPDF error: format error: No common ancestor in structure tree

MuPDF error: format error: No common ancestor in structure tree

MuPDF error: format error: No common ancestor in structure tree

MuPDF error: format error: No common ancestor in structure tree

MuPDF error: format error: No common ancestor in structure tree

MuPDF error: format error: No common ancestor in structure tree

MuPDF error: format error: No common ancestor in structure tree

MuPDF error: format error: No common ancestor in structure tree

MuPDF error: format error: No common ancestor in structure tree

MuPDF error: format error: No common ancestor in structure tree

MuPDF error: format error: No common ancestor in structure tree

MuPDF error: format error: No common ancestor in structure tree

MuPDF error: format error: No common ancestor in structure tree

  status=no_validos  encontrados=0/2  validos=0  tokens(in=130810, out=72)  cost=$0.328  elapsed=93.5s

[2/31] 2021CCVIII53VI  (1 munis)
  status=no_validos  encontrados=0/1  validos=0  tokens(in=130791, out=41)  cost=$0.327  elapsed=128.1s

[3/31] 2015CXCVI51XI  (4 munis)
  status=ok  encontrados=4/4  validos=4  tokens(in=174468, out=2413)  cost=$0.460  elapsed=165.0s

[4/31] EE2712201913  (1 munis)
MuPDF error: format error: No common ancestor in structure tree

MuPDF error: format error: No common ancestor in structure tree

MuPDF error: format error: No common ancestor in structure tree

MuPDF error: format error: No common ancestor in structure tree

MuPDF error: format error: No common ancestor in structure tree

MuPDF error: format error: No common ancestor in structure tree

MuPDF error: format error: No common ancestor in structure tree

MuPDF error: format error: No common ancestor in structure tree

MuPDF error: format error: No common ancestor in structure tree

MuPDF error: format error: No common ancestor in structure tree

MuPDF error: format error: No common ancestor in structure tree

MuPDF error: format error: No common ancestor in structure tree

MuPDF error: format error: No common ancestor in structure tree

MuPDF error: format error: No common ancestor in structure tree

MuPDF error: format error: No common ancestor in structure tree

MuPDF error: format error: No common ancestor in structure tree

MuPDF error: format error: No common ancestor in structure tree

MuPDF error: format error: No common ancestor in structure tree

MuPDF error: format error: No common ancestor in structure tree

MuPDF error: format error: No common ancestor in structure tree

MuPDF error: format error: No common ancestor in structure tree

MuPDF error: format error: No common ancestor in structure tree

MuPDF error: format error: No common ancestor in structure tree

MuPDF error: format error: No common ancestor in structure tree

MuPDF error: format error: No common ancestor in structure tree

MuPDF error: format error: No common ancestor in structure tree

MuPDF error: format error: No common ancestor in structure tree

MuPDF error: format error: No common ancestor in structure tree

MuPDF error: format error: No common ancestor in structure tree

MuPDF error: format error: No common ancestor in structure tree

MuPDF error: format error: No common ancestor in structure tree

MuPDF error: format error: No common ancestor in structure tree

MuPDF error: format error: No common ancestor in structure tree

MuPDF error: format error: No common ancestor in structure tree

MuPDF error: format error: No common ancestor in structure tree

MuPDF error: format error: No common ancestor in structure tree

MuPDF error: format error: No common ancestor in structure tree

MuPDF error: format error: No common ancestor in structure tree

MuPDF error: format error: No common ancestor in structure tree

MuPDF error: format error: No common ancestor in structure tree

MuPDF error: format error: No common ancestor in structure tree

MuPDF error: format error: No common ancestor in structure tree

MuPDF error: format error: No common ancestor in structure tree

MuPDF error: format error: No common ancestor in structure tree

MuPDF error: format error: No common ancestor in structure tree

MuPDF error: format error: No common ancestor in structure tree

MuPDF error: format error: No common ancestor in structure tree

MuPDF error: format error: No common ancestor in structure tree

MuPDF error: format error: No common ancestor in structure tree

MuPDF error: format error: No common ancestor in structure tree

MuPDF error: format error: No common ancestor in structure tree

MuPDF error: format error: No common ancestor in structure tree

MuPDF error: format error: No common ancestor in structure tree

MuPDF error: format error: No common ancestor in structure tree

MuPDF error: format error: No common ancestor in structure tree

MuPDF error: format error: No common ancestor in structure tree

MuPDF error: format error: No common ancestor in structure tree

MuPDF error: format error: No common ancestor in structure tree

MuPDF error: format error: No common ancestor in structure tree

MuPDF error: format error: No common ancestor in structure tree

MuPDF error: format error: No common ancestor in structure tree

MuPDF error: format error: No common ancestor in structure tree

MuPDF error: format error: No common ancestor in structure tree

MuPDF error: format error: No common ancestor in structure tree

MuPDF error: format error: No common ancestor in structure tree

MuPDF error: format error: No common ancestor in structure tree

MuPDF error: format error: No common ancestor in structure tree

MuPDF error: format error: No common ancestor in structure tree

MuPDF error: format error: No common ancestor in structure tree

MuPDF error: format error: No common ancestor in structure tree

MuPDF error: format error: No common ancestor in structure tree

MuPDF error: format error: No common ancestor in structure tree

MuPDF error: format error: No common ancestor in structure tree

MuPDF error: format error: No common ancestor in structure tree

MuPDF error: format error: No common ancestor in structure tree

MuPDF error: format error: No common ancestor in structure tree

MuPDF error: format error: No common ancestor in structure tree

MuPDF error: format error: No common ancestor in structure tree

  status=ok  encontrados=1/1  validos=1  tokens(in=130794, out=1009)  cost=$0.337  elapsed=127.7s

[5/31] 2014CXCIV52XIII  (2 munis)
  status=ok  encontrados=2/2  validos=2  tokens(in=136897, out=1960)  cost=$0.362  elapsed=264.0s

[6/31] 2017CC52XIV  (1 munis)
MuPDF error: format error: No common ancestor in structure tree

MuPDF error: format error: No common ancestor in structure tree

MuPDF error: format error: No common ancestor in structure tree

MuPDF error: format error: No common ancestor in structure tree

MuPDF error: format error: No common ancestor in structure tree

MuPDF error: format error: No common ancestor in structure tree

MuPDF error: format error: No common ancestor in structure tree

MuPDF error: format error: No common ancestor in structure tree

MuPDF error: format error: No common ancestor in structure tree

MuPDF error: format error: No common ancestor in structure tree

MuPDF error: format error: No common ancestor in structure tree

MuPDF error: format error: No common ancestor in structure tree

MuPDF error: format error: No common ancestor in structure tree

MuPDF error: format error: No common ancestor in structure tree

MuPDF error: format error: No common ancestor in structure tree

MuPDF error: format error: No common ancestor in structure tree

MuPDF error: format error: No common ancestor in structure tree

MuPDF error: format error: No common ancestor in structure tree

MuPDF error: format error: No common ancestor in structure tree

MuPDF error: format error: No common ancestor in structure tree

MuPDF error: format error: No common ancestor in structure tree

MuPDF error: format error: No common ancestor in structure tree

MuPDF error: format error: No common ancestor in structure tree

MuPDF error: format error: No common ancestor in structure tree

MuPDF error: format error: No common ancestor in structure tree

MuPDF error: format error: No common ancestor in structure tree

MuPDF error: format error: No common ancestor in structure tree

MuPDF error: format error: No common ancestor in structure tree

MuPDF error: format error: No common ancestor in structure tree

MuPDF error: format error: No common ancestor in structure tree

MuPDF error: format error: No common ancestor in structure tree

MuPDF error: format error: No common ancestor in structure tree

MuPDF error: format error: No common ancestor in structure tree

MuPDF error: format error: No common ancestor in structure tree

MuPDF error: format error: No common ancestor in structure tree

MuPDF error: format error: No common ancestor in structure tree

MuPDF error: format error: No common ancestor in structure tree

MuPDF error: format error: No common ancestor in structure tree

MuPDF error: format error: No common ancestor in structure tree

MuPDF error: format error: No common ancestor in structure tree

MuPDF error: format error: No common ancestor in structure tree

MuPDF error: format error: No common ancestor in structure tree

MuPDF error: format error: No common ancestor in structure tree

MuPDF error: format error: No common ancestor in structure tree

MuPDF error: format error: No common ancestor in structure tree

MuPDF error: format error: No common ancestor in structure tree

MuPDF error: format error: No common ancestor in structure tree

MuPDF error: format error: No common ancestor in structure tree

MuPDF error: format error: No common ancestor in structure tree

MuPDF error: format error: No common ancestor in structure tree

MuPDF error: format error: No common ancestor in structure tree

MuPDF error: format error: No common ancestor in structure tree

MuPDF error: format error: No common ancestor in structure tree

MuPDF error: format error: No common ancestor in structure tree

MuPDF error: format error: No common ancestor in structure tree

MuPDF error: format error: No common ancestor in structure tree

MuPDF error: format error: No common ancestor in structure tree

MuPDF error: format error: No common ancestor in structure tree

MuPDF error: format error: No common ancestor in structure tree

MuPDF error: format error: No common ancestor in structure tree

MuPDF error: format error: No common ancestor in structure tree

MuPDF error: format error: No common ancestor in structure tree

MuPDF error: format error: No common ancestor in structure tree

MuPDF error: format error: No common ancestor in structure tree

MuPDF error: format error: No common ancestor in structure tree

MuPDF error: format error: No common ancestor in structure tree

MuPDF error: format error: No common ancestor in structure tree

MuPDF error: format error: No common ancestor in structure tree

MuPDF error: format error: No common ancestor in structure tree

MuPDF error: format error: No common ancestor in structure tree

MuPDF error: format error: No common ancestor in structure tree

MuPDF error: format error: No common ancestor in structure tree

MuPDF error: format error: No common ancestor in structure tree

MuPDF error: format error: No common ancestor in structure tree

MuPDF error: format error: No common ancestor in structure tree

MuPDF error: format error: No common ancestor in structure tree

MuPDF error: format error: No common ancestor in structure tree

MuPDF error: format error: No common ancestor in structure tree

  status=ok  encontrados=1/1  validos=1  tokens(in=130794, out=242)  cost=$0.329  elapsed=100.5s

[7/31] 2022CCIX10I  (1 munis)
  status=no_validos  encontrados=0/1  validos=0  tokens(in=63122, out=43)  cost=$0.158  elapsed=58.6s

[8/31] 2014CXCIV52III  (1 munis)
  status=ok  encontrados=1/1  validos=1  tokens(in=98634, out=315)  cost=$0.250  elapsed=136.9s

[9/31] 2017CC52II  (1 munis)
MuPDF error: format error: No common ancestor in structure tree

MuPDF error: format error: No common ancestor in structure tree

MuPDF error: format error: No common ancestor in structure tree

MuPDF error: format error: No common ancestor in structure tree

MuPDF error: format error: No common ancestor in structure tree

MuPDF error: format error: No common ancestor in structure tree

MuPDF error: format error: No common ancestor in structure tree

MuPDF error: format error: No common ancestor in structure tree

MuPDF error: format error: No common ancestor in structure tree

MuPDF error: format error: No common ancestor in structure tree

MuPDF error: format error: No common ancestor in structure tree

MuPDF error: format error: No common ancestor in structure tree

MuPDF error: format error: No common ancestor in structure tree

MuPDF error: format error: No common ancestor in structure tree

MuPDF error: format error: No common ancestor in structure tree

MuPDF error: format error: No common ancestor in structure tree

MuPDF error: format error: No common ancestor in structure tree

MuPDF error: format error: No common ancestor in structure tree

MuPDF error: format error: No common ancestor in structure tree

MuPDF error: format error: No common ancestor in structure tree

MuPDF error: format error: No common ancestor in structure tree

MuPDF error: format error: No common ancestor in structure tree

MuPDF error: format error: No common ancestor in structure tree

MuPDF error: format error: No common ancestor in structure tree

MuPDF error: format error: No common ancestor in structure tree

MuPDF error: format error: No common ancestor in structure tree

MuPDF error: format error: No common ancestor in structure tree

MuPDF error: format error: No common ancestor in structure tree

MuPDF error: format error: No common ancestor in structure tree

MuPDF error: format error: No common ancestor in structure tree

MuPDF error: format error: No common ancestor in structure tree

MuPDF error: format error: No common ancestor in structure tree

MuPDF error: format error: No common ancestor in structure tree

MuPDF error: format error: No common ancestor in structure tree

MuPDF error: format error: No common ancestor in structure tree

MuPDF error: format error: No common ancestor in structure tree

MuPDF error: format error: No common ancestor in structure tree

MuPDF error: format error: No common ancestor in structure tree

MuPDF error: format error: No common ancestor in structure tree

MuPDF error: format error: No common ancestor in structure tree

MuPDF error: format error: No common ancestor in structure tree

MuPDF error: format error: No common ancestor in structure tree

MuPDF error: format error: No common ancestor in structure tree

MuPDF error: format error: No common ancestor in structure tree

MuPDF error: format error: No common ancestor in structure tree

MuPDF error: format error: No common ancestor in structure tree

MuPDF error: format error: No common ancestor in structure tree

MuPDF error: format error: No common ancestor in structure tree

MuPDF error: format error: No common ancestor in structure tree

MuPDF error: format error: No common ancestor in structure tree

MuPDF error: format error: No common ancestor in structure tree

MuPDF error: format error: No common ancestor in structure tree

MuPDF error: format error: No common ancestor in structure tree

MuPDF error: format error: No common ancestor in structure tree

MuPDF error: format error: No common ancestor in structure tree

MuPDF error: format error: No common ancestor in structure tree

MuPDF error: format error: No common ancestor in structure tree

MuPDF error: format error: No common ancestor in structure tree

MuPDF error: format error: No common ancestor in structure tree

MuPDF error: format error: No common ancestor in structure tree

MuPDF error: format error: No common ancestor in structure tree

MuPDF error: format error: No common ancestor in structure tree

MuPDF error: format error: No common ancestor in structure tree

MuPDF error: format error: No common ancestor in structure tree

MuPDF error: format error: No common ancestor in structure tree

MuPDF error: format error: No common ancestor in structure tree

MuPDF error: format error: No common ancestor in structure tree

MuPDF error: format error: No common ancestor in structure tree

MuPDF error: format error: No common ancestor in structure tree

MuPDF error: format error: No common ancestor in structure tree

MuPDF error: format error: No common ancestor in structure tree

MuPDF error: format error: No common ancestor in structure tree

MuPDF error: format error: No common ancestor in structure tree

MuPDF error: format error: No common ancestor in structure tree

MuPDF error: format error: No common ancestor in structure tree

MuPDF error: format error: No common ancestor in structure tree

MuPDF error: format error: No common ancestor in structure tree

MuPDF error: format error: No common ancestor in structure tree

  status=ok  encontrados=1/1  validos=1  tokens(in=130794, out=410)  cost=$0.331  elapsed=191.5s

[10/31] 2014CXCIV52XV  (2 munis)
  status=ok  encontrados=2/2  validos=2  tokens(in=98650, out=1945)  cost=$0.266  elapsed=145.5s

[11/31] 2015CXCVI51XIII  (2 munis)
  status=ok  encontrados=2/2  validos=2  tokens(in=198261, out=1330)  cost=$0.509  elapsed=117.0s

[12/31] EE2712201914  (1 munis)
MuPDF error: format error: No common ancestor in structure tree

MuPDF error: format error: No common ancestor in structure tree

MuPDF error: format error: No common ancestor in structure tree

MuPDF error: format error: No common ancestor in structure tree

MuPDF error: format error: No common ancestor in structure tree

MuPDF error: format error: No common ancestor in structure tree

MuPDF error: format error: No common ancestor in structure tree

MuPDF error: format error: No common ancestor in structure tree

MuPDF error: format error: No common ancestor in structure tree

MuPDF error: format error: No common ancestor in structure tree

MuPDF error: format error: No common ancestor in structure tree

MuPDF error: format error: No common ancestor in structure tree

MuPDF error: format error: No common ancestor in structure tree

MuPDF error: format error: No common ancestor in structure tree

MuPDF error: format error: No common ancestor in structure tree

MuPDF error: format error: No common ancestor in structure tree

MuPDF error: format error: No common ancestor in structure tree

MuPDF error: format error: No common ancestor in structure tree

MuPDF error: format error: No common ancestor in structure tree

MuPDF error: format error: No common ancestor in structure tree

MuPDF error: format error: No common ancestor in structure tree

MuPDF error: format error: No common ancestor in structure tree

MuPDF error: format error: No common ancestor in structure tree

MuPDF error: format error: No common ancestor in structure tree

MuPDF error: format error: No common ancestor in structure tree

MuPDF error: format error: No common ancestor in structure tree

MuPDF error: format error: No common ancestor in structure tree

MuPDF error: format error: No common ancestor in structure tree

MuPDF error: format error: No common ancestor in structure tree

MuPDF error: format error: No common ancestor in structure tree

MuPDF error: format error: No common ancestor in structure tree

MuPDF error: format error: No common ancestor in structure tree

MuPDF error: format error: No common ancestor in structure tree

MuPDF error: format error: No common ancestor in structure tree

MuPDF error: format error: No common ancestor in structure tree

MuPDF error: format error: No common ancestor in structure tree

MuPDF error: format error: No common ancestor in structure tree

MuPDF error: format error: No common ancestor in structure tree

MuPDF error: format error: No common ancestor in structure tree

MuPDF error: format error: No common ancestor in structure tree

MuPDF error: format error: No common ancestor in structure tree

MuPDF error: format error: No common ancestor in structure tree

MuPDF error: format error: No common ancestor in structure tree

MuPDF error: format error: No common ancestor in structure tree

MuPDF error: format error: No common ancestor in structure tree

MuPDF error: format error: No common ancestor in structure tree

MuPDF error: format error: No common ancestor in structure tree

MuPDF error: format error: No common ancestor in structure tree

MuPDF error: format error: No common ancestor in structure tree

MuPDF error: format error: No common ancestor in structure tree

MuPDF error: format error: No common ancestor in structure tree

MuPDF error: format error: No common ancestor in structure tree

MuPDF error: format error: No common ancestor in structure tree

MuPDF error: format error: No common ancestor in structure tree

MuPDF error: format error: No common ancestor in structure tree

MuPDF error: format error: No common ancestor in structure tree

MuPDF error: format error: No common ancestor in structure tree

MuPDF error: format error: No common ancestor in structure tree

MuPDF error: format error: No common ancestor in structure tree

MuPDF error: format error: No common ancestor in structure tree

MuPDF error: format error: No common ancestor in structure tree

MuPDF error: format error: No common ancestor in structure tree

MuPDF error: format error: No common ancestor in structure tree

MuPDF error: format error: No common ancestor in structure tree

MuPDF error: format error: No common ancestor in structure tree

MuPDF error: format error: No common ancestor in structure tree

MuPDF error: format error: No common ancestor in structure tree

MuPDF error: format error: No common ancestor in structure tree

MuPDF error: format error: No common ancestor in structure tree

MuPDF error: format error: No common ancestor in structure tree

MuPDF error: format error: No common ancestor in structure tree

MuPDF error: format error: No common ancestor in structure tree

MuPDF error: format error: No common ancestor in structure tree

MuPDF error: format error: No common ancestor in structure tree

MuPDF error: format error: No common ancestor in structure tree

MuPDF error: format error: No common ancestor in structure tree

MuPDF error: format error: No common ancestor in structure tree

MuPDF error: format error: No common ancestor in structure tree

  status=ok  encontrados=1/1  validos=1  tokens(in=130796, out=725)  cost=$0.334  elapsed=150.1s

[13/31] 2020CCVI51XVII  (5 munis)
MuPDF error: format error: No common ancestor in structure tree

MuPDF error: format error: No common ancestor in structure tree

MuPDF error: format error: No common ancestor in structure tree

MuPDF error: format error: No common ancestor in structure tree

MuPDF error: format error: No common ancestor in structure tree

MuPDF error: format error: No common ancestor in structure tree

MuPDF error: format error: No common ancestor in structure tree

MuPDF error: format error: No common ancestor in structure tree

MuPDF error: format error: No common ancestor in structure tree

MuPDF error: format error: No common ancestor in structure tree

MuPDF error: format error: No common ancestor in structure tree

MuPDF error: format error: No common ancestor in structure tree

MuPDF error: format error: No common ancestor in structure tree

MuPDF error: format error: No common ancestor in structure tree

MuPDF error: format error: No common ancestor in structure tree

MuPDF error: format error: No common ancestor in structure tree

MuPDF error: format error: No common ancestor in structure tree

MuPDF error: format error: No common ancestor in structure tree

MuPDF error: format error: No common ancestor in structure tree

MuPDF error: format error: No common ancestor in structure tree

MuPDF error: format error: No common ancestor in structure tree

MuPDF error: format error: No common ancestor in structure tree

MuPDF error: format error: No common ancestor in structure tree

MuPDF error: format error: No common ancestor in structure tree

MuPDF error: format error: No common ancestor in structure tree

MuPDF error: format error: No common ancestor in structure tree

MuPDF error: format error: No common ancestor in structure tree

MuPDF error: format error: No common ancestor in structure tree

MuPDF error: format error: No common ancestor in structure tree

MuPDF error: format error: No common ancestor in structure tree

MuPDF error: format error: No common ancestor in structure tree

MuPDF error: format error: No common ancestor in structure tree

MuPDF error: format error: No common ancestor in structure tree

MuPDF error: format error: No common ancestor in structure tree

MuPDF error: format error: No common ancestor in structure tree

MuPDF error: format error: No common ancestor in structure tree

MuPDF error: format error: No common ancestor in structure tree

MuPDF error: format error: No common ancestor in structure tree

MuPDF error: format error: No common ancestor in structure tree

MuPDF error: format error: No common ancestor in structure tree

MuPDF error: format error: No common ancestor in structure tree

MuPDF error: format error: No common ancestor in structure tree

MuPDF error: format error: No common ancestor in structure tree

MuPDF error: format error: No common ancestor in structure tree

MuPDF error: format error: No common ancestor in structure tree

MuPDF error: format error: No common ancestor in structure tree

MuPDF error: format error: No common ancestor in structure tree

MuPDF error: format error: No common ancestor in structure tree

MuPDF error: format error: No common ancestor in structure tree

MuPDF error: format error: No common ancestor in structure tree

MuPDF error: format error: No common ancestor in structure tree

MuPDF error: format error: No common ancestor in structure tree

MuPDF error: format error: No common ancestor in structure tree

MuPDF error: format error: No common ancestor in structure tree

MuPDF error: format error: No common ancestor in structure tree

MuPDF error: format error: No common ancestor in structure tree

MuPDF error: format error: No common ancestor in structure tree

MuPDF error: format error: No common ancestor in structure tree

MuPDF error: format error: No common ancestor in structure tree

MuPDF error: format error: No common ancestor in structure tree

MuPDF error: format error: No common ancestor in structure tree

MuPDF error: format error: No common ancestor in structure tree

MuPDF error: format error: No common ancestor in structure tree

MuPDF error: format error: No common ancestor in structure tree

MuPDF error: format error: No common ancestor in structure tree

MuPDF error: format error: No common ancestor in structure tree

MuPDF error: format error: No common ancestor in structure tree

MuPDF error: format error: No common ancestor in structure tree

MuPDF error: format error: No common ancestor in structure tree

MuPDF error: format error: No common ancestor in structure tree

MuPDF error: format error: No common ancestor in structure tree

MuPDF error: format error: No common ancestor in structure tree

MuPDF error: format error: No common ancestor in structure tree

MuPDF error: format error: No common ancestor in structure tree

MuPDF error: format error: No common ancestor in structure tree

MuPDF error: format error: No common ancestor in structure tree

MuPDF error: format error: No common ancestor in structure tree

MuPDF error: format error: No common ancestor in structure tree

  status=ok  encontrados=5/5  validos=5  tokens(in=130863, out=2712)  cost=$0.354  elapsed=153.5s

[14/31] 2009CLXXXIV53XXII  (1 munis)
  status=ok  encontrados=1/1  validos=1  tokens(in=162986, out=832)  cost=$0.416  elapsed=92.8s

[15/31] 2014CXCIV52XVI  (3 munis)
  status=ok  encontrados=3/3  validos=3  tokens(in=136900, out=3261)  cost=$0.375  elapsed=160.3s

[16/31] 2018CCII51XIV  (1 munis)
MuPDF error: format error: No common ancestor in structure tree

MuPDF error: format error: No common ancestor in structure tree

MuPDF error: format error: No common ancestor in structure tree

MuPDF error: format error: No common ancestor in structure tree

MuPDF error: format error: No common ancestor in structure tree

MuPDF error: format error: No common ancestor in structure tree

MuPDF error: format error: No common ancestor in structure tree

MuPDF error: format error: No common ancestor in structure tree

MuPDF error: format error: No common ancestor in structure tree

MuPDF error: format error: No common ancestor in structure tree

MuPDF error: format error: No common ancestor in structure tree

MuPDF error: format error: No common ancestor in structure tree

MuPDF error: format error: No common ancestor in structure tree

MuPDF error: format error: No common ancestor in structure tree

MuPDF error: format error: No common ancestor in structure tree

MuPDF error: format error: No common ancestor in structure tree

MuPDF error: format error: No common ancestor in structure tree

MuPDF error: format error: No common ancestor in structure tree

MuPDF error: format error: No common ancestor in structure tree

MuPDF error: format error: No common ancestor in structure tree

MuPDF error: format error: No common ancestor in structure tree

MuPDF error: format error: No common ancestor in structure tree

MuPDF error: format error: No common ancestor in structure tree

MuPDF error: format error: No common ancestor in structure tree

MuPDF error: format error: No common ancestor in structure tree

MuPDF error: format error: No common ancestor in structure tree

MuPDF error: format error: No common ancestor in structure tree

MuPDF error: format error: No common ancestor in structure tree

MuPDF error: format error: No common ancestor in structure tree

MuPDF error: format error: No common ancestor in structure tree

MuPDF error: format error: No common ancestor in structure tree

MuPDF error: format error: No common ancestor in structure tree

MuPDF error: format error: No common ancestor in structure tree

MuPDF error: format error: No common ancestor in structure tree

MuPDF error: format error: No common ancestor in structure tree

MuPDF error: format error: No common ancestor in structure tree

MuPDF error: format error: No common ancestor in structure tree

MuPDF error: format error: No common ancestor in structure tree

MuPDF error: format error: No common ancestor in structure tree

MuPDF error: format error: No common ancestor in structure tree

MuPDF error: format error: No common ancestor in structure tree

MuPDF error: format error: No common ancestor in structure tree

MuPDF error: format error: No common ancestor in structure tree

MuPDF error: format error: No common ancestor in structure tree

MuPDF error: format error: No common ancestor in structure tree

MuPDF error: format error: No common ancestor in structure tree

MuPDF error: format error: No common ancestor in structure tree

MuPDF error: format error: No common ancestor in structure tree

MuPDF error: format error: No common ancestor in structure tree

MuPDF error: format error: No common ancestor in structure tree

MuPDF error: format error: No common ancestor in structure tree

MuPDF error: format error: No common ancestor in structure tree

MuPDF error: format error: No common ancestor in structure tree

MuPDF error: format error: No common ancestor in structure tree

MuPDF error: format error: No common ancestor in structure tree

MuPDF error: format error: No common ancestor in structure tree

MuPDF error: format error: No common ancestor in structure tree

MuPDF error: format error: No common ancestor in structure tree

MuPDF error: format error: No common ancestor in structure tree

MuPDF error: format error: No common ancestor in structure tree

MuPDF error: format error: No common ancestor in structure tree

MuPDF error: format error: No common ancestor in structure tree

MuPDF error: format error: No common ancestor in structure tree

MuPDF error: format error: No common ancestor in structure tree

MuPDF error: format error: No common ancestor in structure tree

MuPDF error: format error: No common ancestor in structure tree

MuPDF error: format error: No common ancestor in structure tree

MuPDF error: format error: No common ancestor in structure tree

MuPDF error: format error: No common ancestor in structure tree

MuPDF error: format error: No common ancestor in structure tree

MuPDF error: format error: No common ancestor in structure tree

MuPDF error: format error: No common ancestor in structure tree

MuPDF error: format error: No common ancestor in structure tree

MuPDF error: format error: No common ancestor in structure tree

MuPDF error: format error: No common ancestor in structure tree

MuPDF error: format error: No common ancestor in structure tree

MuPDF error: format error: No common ancestor in structure tree

MuPDF error: format error: No common ancestor in structure tree

  status=no_validos  encontrados=0/1  validos=0  tokens(in=130794, out=43)  cost=$0.327  elapsed=113.8s

[17/31] 2021CCVIII53XXI  (3 munis)
  status=partial  encontrados=2/3  validos=2  tokens(in=130822, out=1373)  cost=$0.341  elapsed=173.2s

[18/31] 2023CCXII52XIX  (1 munis)
  status=ok  encontrados=1/1  validos=1  tokens(in=130794, out=768)  cost=$0.335  elapsed=82.7s

[19/31] 2016CXCVIII51XVII  (1 munis)
MuPDF error: format error: No common ancestor in structure tree

MuPDF error: format error: No common ancestor in structure tree

MuPDF error: format error: No common ancestor in structure tree

MuPDF error: format error: No common ancestor in structure tree

MuPDF error: format error: No common ancestor in structure tree

MuPDF error: format error: No common ancestor in structure tree

MuPDF error: format error: No common ancestor in structure tree

MuPDF error: format error: No common ancestor in structure tree

MuPDF error: format error: No common ancestor in structure tree

MuPDF error: format error: No common ancestor in structure tree

MuPDF error: format error: No common ancestor in structure tree

MuPDF error: format error: No common ancestor in structure tree

MuPDF error: format error: No common ancestor in structure tree

MuPDF error: format error: No common ancestor in structure tree

MuPDF error: format error: No common ancestor in structure tree

MuPDF error: format error: No common ancestor in structure tree

MuPDF error: format error: No common ancestor in structure tree

MuPDF error: format error: No common ancestor in structure tree

MuPDF error: format error: No common ancestor in structure tree

MuPDF error: format error: No common ancestor in structure tree

MuPDF error: format error: No common ancestor in structure tree

MuPDF error: format error: No common ancestor in structure tree

MuPDF error: format error: No common ancestor in structure tree

MuPDF error: format error: No common ancestor in structure tree

MuPDF error: format error: No common ancestor in structure tree

MuPDF error: format error: No common ancestor in structure tree

MuPDF error: format error: No common ancestor in structure tree

MuPDF error: format error: No common ancestor in structure tree

MuPDF error: format error: No common ancestor in structure tree

MuPDF error: format error: No common ancestor in structure tree

MuPDF error: format error: No common ancestor in structure tree

MuPDF error: format error: No common ancestor in structure tree

MuPDF error: format error: No common ancestor in structure tree

MuPDF error: format error: No common ancestor in structure tree

MuPDF error: format error: No common ancestor in structure tree

MuPDF error: format error: No common ancestor in structure tree

MuPDF error: format error: No common ancestor in structure tree

MuPDF error: format error: No common ancestor in structure tree

MuPDF error: format error: No common ancestor in structure tree

MuPDF error: format error: No common ancestor in structure tree

MuPDF error: format error: No common ancestor in structure tree

MuPDF error: format error: No common ancestor in structure tree

MuPDF error: format error: No common ancestor in structure tree

MuPDF error: format error: No common ancestor in structure tree

MuPDF error: format error: No common ancestor in structure tree

MuPDF error: format error: No common ancestor in structure tree

MuPDF error: format error: No common ancestor in structure tree

MuPDF error: format error: No common ancestor in structure tree

MuPDF error: format error: No common ancestor in structure tree

MuPDF error: format error: No common ancestor in structure tree

MuPDF error: format error: No common ancestor in structure tree

MuPDF error: format error: No common ancestor in structure tree

MuPDF error: format error: No common ancestor in structure tree

MuPDF error: format error: No common ancestor in structure tree

MuPDF error: format error: No common ancestor in structure tree

MuPDF error: format error: No common ancestor in structure tree

MuPDF error: format error: No common ancestor in structure tree

MuPDF error: format error: No common ancestor in structure tree

MuPDF error: format error: No common ancestor in structure tree

MuPDF error: format error: No common ancestor in structure tree

MuPDF error: format error: No common ancestor in structure tree

MuPDF error: format error: No common ancestor in structure tree

MuPDF error: format error: No common ancestor in structure tree

MuPDF error: format error: No common ancestor in structure tree

MuPDF error: format error: No common ancestor in structure tree

MuPDF error: format error: No common ancestor in structure tree

MuPDF error: format error: No common ancestor in structure tree

MuPDF error: format error: No common ancestor in structure tree

MuPDF error: format error: No common ancestor in structure tree

MuPDF error: format error: No common ancestor in structure tree

MuPDF error: format error: No common ancestor in structure tree

MuPDF error: format error: No common ancestor in structure tree

MuPDF error: format error: No common ancestor in structure tree

MuPDF error: format error: No common ancestor in structure tree

MuPDF error: format error: No common ancestor in structure tree

MuPDF error: format error: No common ancestor in structure tree

MuPDF error: format error: No common ancestor in structure tree

MuPDF error: format error: No common ancestor in structure tree

MuPDF error: format error: No common ancestor in structure tree

MuPDF error: format error: No common ancestor in structure tree

MuPDF error: format error: No common ancestor in structure tree

MuPDF error: format error: No common ancestor in structure tree

MuPDF error: format error: No common ancestor in structure tree

MuPDF error: format error: No common ancestor in structure tree

MuPDF error: format error: No common ancestor in structure tree

MuPDF error: format error: No common ancestor in structure tree

MuPDF error: format error: No common ancestor in structure tree

MuPDF error: format error: No common ancestor in structure tree

MuPDF error: format error: No common ancestor in structure tree

MuPDF error: format error: No common ancestor in structure tree

MuPDF error: format error: No common ancestor in structure tree

MuPDF error: format error: No common ancestor in structure tree

MuPDF error: format error: No common ancestor in structure tree

MuPDF error: format error: No common ancestor in structure tree

MuPDF error: format error: No common ancestor in structure tree

MuPDF error: format error: No common ancestor in structure tree

MuPDF error: format error: No common ancestor in structure tree

MuPDF error: format error: No common ancestor in structure tree

MuPDF error: format error: No common ancestor in structure tree

MuPDF error: format error: No common ancestor in structure tree

MuPDF error: format error: No common ancestor in structure tree

MuPDF error: format error: No common ancestor in structure tree

MuPDF error: format error: No common ancestor in structure tree

MuPDF error: format error: No common ancestor in structure tree

MuPDF error: format error: No common ancestor in structure tree

MuPDF error: format error: No common ancestor in structure tree

MuPDF error: format error: No common ancestor in structure tree

MuPDF error: format error: No common ancestor in structure tree

MuPDF error: format error: No common ancestor in structure tree

MuPDF error: format error: No common ancestor in structure tree

MuPDF error: format error: No common ancestor in structure tree

MuPDF error: format error: No common ancestor in structure tree

MuPDF error: format error: No common ancestor in structure tree

MuPDF error: format error: No common ancestor in structure tree

MuPDF error: format error: No common ancestor in structure tree

MuPDF error: format error: No common ancestor in structure tree

MuPDF error: format error: No common ancestor in structure tree

MuPDF error: format error: No common ancestor in structure tree

MuPDF error: format error: No common ancestor in structure tree

MuPDF error: format error: No common ancestor in structure tree

MuPDF error: format error: No common ancestor in structure tree

MuPDF error: format error: No common ancestor in structure tree

MuPDF error: format error: No common ancestor in structure tree

MuPDF error: format error: No common ancestor in structure tree

MuPDF error: format error: No common ancestor in structure tree

MuPDF error: format error: No common ancestor in structure tree

MuPDF error: format error: No common ancestor in structure tree

MuPDF error: format error: No common ancestor in structure tree

MuPDF error: format error: No common ancestor in structure tree

MuPDF error: format error: No common ancestor in structure tree

MuPDF error: format error: No common ancestor in structure tree

  status=ok  encontrados=1/1  validos=1  tokens(in=136872, out=1166)  cost=$0.354  elapsed=249.8s

[20/31] 2024CCXIV53XVIII  (1 munis)
  status=ok  encontrados=1/1  validos=1  tokens(in=130790, out=646)  cost=$0.333  elapsed=112.0s

[21/31] 2016CXCVIII51IX  (1 munis)
MuPDF error: format error: No common ancestor in structure tree

MuPDF error: format error: No common ancestor in structure tree

MuPDF error: format error: No common ancestor in structure tree

MuPDF error: format error: No common ancestor in structure tree

MuPDF error: format error: No common ancestor in structure tree

MuPDF error: format error: No common ancestor in structure tree

MuPDF error: format error: No common ancestor in structure tree

MuPDF error: format error: No common ancestor in structure tree

MuPDF error: format error: No common ancestor in structure tree

MuPDF error: format error: No common ancestor in structure tree

MuPDF error: format error: No common ancestor in structure tree

MuPDF error: format error: No common ancestor in structure tree

MuPDF error: format error: No common ancestor in structure tree

MuPDF error: format error: No common ancestor in structure tree

MuPDF error: format error: No common ancestor in structure tree

MuPDF error: format error: No common ancestor in structure tree

MuPDF error: format error: No common ancestor in structure tree

MuPDF error: format error: No common ancestor in structure tree

MuPDF error: format error: No common ancestor in structure tree

MuPDF error: format error: No common ancestor in structure tree

MuPDF error: format error: No common ancestor in structure tree

MuPDF error: format error: No common ancestor in structure tree

MuPDF error: format error: No common ancestor in structure tree

MuPDF error: format error: No common ancestor in structure tree

MuPDF error: format error: No common ancestor in structure tree

MuPDF error: format error: No common ancestor in structure tree

MuPDF error: format error: No common ancestor in structure tree

MuPDF error: format error: No common ancestor in structure tree

MuPDF error: format error: No common ancestor in structure tree

MuPDF error: format error: No common ancestor in structure tree

MuPDF error: format error: No common ancestor in structure tree

MuPDF error: format error: No common ancestor in structure tree

MuPDF error: format error: No common ancestor in structure tree

MuPDF error: format error: No common ancestor in structure tree

MuPDF error: format error: No common ancestor in structure tree

MuPDF error: format error: No common ancestor in structure tree

MuPDF error: format error: No common ancestor in structure tree

MuPDF error: format error: No common ancestor in structure tree

MuPDF error: format error: No common ancestor in structure tree

MuPDF error: format error: No common ancestor in structure tree

MuPDF error: format error: No common ancestor in structure tree

MuPDF error: format error: No common ancestor in structure tree

MuPDF error: format error: No common ancestor in structure tree

MuPDF error: format error: No common ancestor in structure tree

MuPDF error: format error: No common ancestor in structure tree

MuPDF error: format error: No common ancestor in structure tree

MuPDF error: format error: No common ancestor in structure tree

MuPDF error: format error: No common ancestor in structure tree

MuPDF error: format error: No common ancestor in structure tree

MuPDF error: format error: No common ancestor in structure tree

MuPDF error: format error: No common ancestor in structure tree

MuPDF error: format error: No common ancestor in structure tree

MuPDF error: format error: No common ancestor in structure tree

MuPDF error: format error: No common ancestor in structure tree

MuPDF error: format error: No common ancestor in structure tree

MuPDF error: format error: No common ancestor in structure tree

MuPDF error: format error: No common ancestor in structure tree

MuPDF error: format error: No common ancestor in structure tree

MuPDF error: format error: No common ancestor in structure tree

MuPDF error: format error: No common ancestor in structure tree

MuPDF error: format error: No common ancestor in structure tree

MuPDF error: format error: No common ancestor in structure tree

MuPDF error: format error: No common ancestor in structure tree

MuPDF error: format error: No common ancestor in structure tree

MuPDF error: format error: No common ancestor in structure tree

MuPDF error: format error: No common ancestor in structure tree

MuPDF error: format error: No common ancestor in structure tree

MuPDF error: format error: No common ancestor in structure tree

MuPDF error: format error: No common ancestor in structure tree

MuPDF error: format error: No common ancestor in structure tree

MuPDF error: format error: No common ancestor in structure tree

MuPDF error: format error: No common ancestor in structure tree

MuPDF error: format error: No common ancestor in structure tree

MuPDF error: format error: No common ancestor in structure tree

MuPDF error: format error: No common ancestor in structure tree

MuPDF error: format error: No common ancestor in structure tree

MuPDF error: format error: No common ancestor in structure tree

MuPDF error: format error: No common ancestor in structure tree

MuPDF error: format error: No common ancestor in structure tree

MuPDF error: format error: No common ancestor in structure tree

MuPDF error: format error: No common ancestor in structure tree

MuPDF error: format error: No common ancestor in structure tree

MuPDF error: format error: No common ancestor in structure tree

MuPDF error: format error: No common ancestor in structure tree

MuPDF error: format error: No common ancestor in structure tree

MuPDF error: format error: No common ancestor in structure tree

MuPDF error: format error: No common ancestor in structure tree

MuPDF error: format error: No common ancestor in structure tree

MuPDF error: format error: No common ancestor in structure tree

MuPDF error: format error: No common ancestor in structure tree

MuPDF error: format error: No common ancestor in structure tree

MuPDF error: format error: No common ancestor in structure tree

MuPDF error: format error: No common ancestor in structure tree

MuPDF error: format error: No common ancestor in structure tree

MuPDF error: format error: No common ancestor in structure tree

MuPDF error: format error: No common ancestor in structure tree

MuPDF error: format error: No common ancestor in structure tree

MuPDF error: format error: No common ancestor in structure tree

MuPDF error: format error: No common ancestor in structure tree

MuPDF error: format error: No common ancestor in structure tree

MuPDF error: format error: No common ancestor in structure tree

MuPDF error: format error: No common ancestor in structure tree

MuPDF error: format error: No common ancestor in structure tree

MuPDF error: format error: No common ancestor in structure tree

MuPDF error: format error: No common ancestor in structure tree

MuPDF error: format error: No common ancestor in structure tree

MuPDF error: format error: No common ancestor in structure tree

MuPDF error: format error: No common ancestor in structure tree

MuPDF error: format error: No common ancestor in structure tree

MuPDF error: format error: No common ancestor in structure tree

MuPDF error: format error: No common ancestor in structure tree

MuPDF error: format error: No common ancestor in structure tree

MuPDF error: format error: No common ancestor in structure tree

  status=ok  encontrados=1/1  validos=1  tokens(in=117504, out=328)  cost=$0.297  elapsed=126.0s

[22/31] 2009CLXXXIV53XXIII  (2 munis)
  status=ok  encontrados=2/2  validos=2  tokens(in=159237, out=1075)  cost=$0.409  elapsed=186.6s

[23/31] 2020CCVI51XIX  (4 munis)
MuPDF error: format error: No common ancestor in structure tree

MuPDF error: format error: No common ancestor in structure tree

MuPDF error: format error: No common ancestor in structure tree

MuPDF error: format error: No common ancestor in structure tree

MuPDF error: format error: No common ancestor in structure tree

MuPDF error: format error: No common ancestor in structure tree

MuPDF error: format error: No common ancestor in structure tree

MuPDF error: format error: No common ancestor in structure tree

MuPDF error: format error: No common ancestor in structure tree

MuPDF error: format error: No common ancestor in structure tree

MuPDF error: format error: No common ancestor in structure tree

MuPDF error: format error: No common ancestor in structure tree

MuPDF error: format error: No common ancestor in structure tree

MuPDF error: format error: No common ancestor in structure tree

MuPDF error: format error: No common ancestor in structure tree

MuPDF error: format error: No common ancestor in structure tree

MuPDF error: format error: No common ancestor in structure tree

MuPDF error: format error: No common ancestor in structure tree

MuPDF error: format error: No common ancestor in structure tree

MuPDF error: format error: No common ancestor in structure tree

MuPDF error: format error: No common ancestor in structure tree

MuPDF error: format error: No common ancestor in structure tree

MuPDF error: format error: No common ancestor in structure tree

MuPDF error: format error: No common ancestor in structure tree

MuPDF error: format error: No common ancestor in structure tree

MuPDF error: format error: No common ancestor in structure tree

MuPDF error: format error: No common ancestor in structure tree

MuPDF error: format error: No common ancestor in structure tree

MuPDF error: format error: No common ancestor in structure tree

MuPDF error: format error: No common ancestor in structure tree

MuPDF error: format error: No common ancestor in structure tree

MuPDF error: format error: No common ancestor in structure tree

MuPDF error: format error: No common ancestor in structure tree

MuPDF error: format error: No common ancestor in structure tree

MuPDF error: format error: No common ancestor in structure tree

MuPDF error: format error: No common ancestor in structure tree

MuPDF error: format error: No common ancestor in structure tree

MuPDF error: format error: No common ancestor in structure tree

MuPDF error: format error: No common ancestor in structure tree

MuPDF error: format error: No common ancestor in structure tree

MuPDF error: format error: No common ancestor in structure tree

MuPDF error: format error: No common ancestor in structure tree

MuPDF error: format error: No common ancestor in structure tree

MuPDF error: format error: No common ancestor in structure tree

MuPDF error: format error: No common ancestor in structure tree

MuPDF error: format error: No common ancestor in structure tree

MuPDF error: format error: No common ancestor in structure tree

MuPDF error: format error: No common ancestor in structure tree

MuPDF error: format error: No common ancestor in structure tree

MuPDF error: format error: No common ancestor in structure tree

MuPDF error: format error: No common ancestor in structure tree

MuPDF error: format error: No common ancestor in structure tree

MuPDF error: format error: No common ancestor in structure tree

MuPDF error: format error: No common ancestor in structure tree

MuPDF error: format error: No common ancestor in structure tree

MuPDF error: format error: No common ancestor in structure tree

MuPDF error: format error: No common ancestor in structure tree

MuPDF error: format error: No common ancestor in structure tree

MuPDF error: format error: No common ancestor in structure tree

MuPDF error: format error: No common ancestor in structure tree

MuPDF error: format error: No common ancestor in structure tree

MuPDF error: format error: No common ancestor in structure tree

MuPDF error: format error: No common ancestor in structure tree

MuPDF error: format error: No common ancestor in structure tree

MuPDF error: format error: No common ancestor in structure tree

MuPDF error: format error: No common ancestor in structure tree

MuPDF error: format error: No common ancestor in structure tree

MuPDF error: format error: No common ancestor in structure tree

MuPDF error: format error: No common ancestor in structure tree

MuPDF error: format error: No common ancestor in structure tree

MuPDF error: format error: No common ancestor in structure tree

MuPDF error: format error: No common ancestor in structure tree

MuPDF error: format error: No common ancestor in structure tree

MuPDF error: format error: No common ancestor in structure tree

MuPDF error: format error: No common ancestor in structure tree

MuPDF error: format error: No common ancestor in structure tree

MuPDF error: format error: No common ancestor in structure tree

MuPDF error: format error: No common ancestor in structure tree

  status=partial  encontrados=3/4  validos=1  tokens(in=130845, out=2771)  cost=$0.355  elapsed=141.6s

[24/31] EE2712201917  (1 munis)
MuPDF error: format error: No common ancestor in structure tree

MuPDF error: format error: No common ancestor in structure tree

MuPDF error: format error: No common ancestor in structure tree

MuPDF error: format error: No common ancestor in structure tree

MuPDF error: format error: No common ancestor in structure tree

MuPDF error: format error: No common ancestor in structure tree

MuPDF error: format error: No common ancestor in structure tree

MuPDF error: format error: No common ancestor in structure tree

MuPDF error: format error: No common ancestor in structure tree

MuPDF error: format error: No common ancestor in structure tree

MuPDF error: format error: No common ancestor in structure tree

MuPDF error: format error: No common ancestor in structure tree

MuPDF error: format error: No common ancestor in structure tree

MuPDF error: format error: No common ancestor in structure tree

MuPDF error: format error: No common ancestor in structure tree

MuPDF error: format error: No common ancestor in structure tree

MuPDF error: format error: No common ancestor in structure tree

MuPDF error: format error: No common ancestor in structure tree

MuPDF error: format error: No common ancestor in structure tree

MuPDF error: format error: No common ancestor in structure tree

MuPDF error: format error: No common ancestor in structure tree

MuPDF error: format error: No common ancestor in structure tree

MuPDF error: format error: No common ancestor in structure tree

MuPDF error: format error: No common ancestor in structure tree

MuPDF error: format error: No common ancestor in structure tree

MuPDF error: format error: No common ancestor in structure tree

MuPDF error: format error: No common ancestor in structure tree

MuPDF error: format error: No common ancestor in structure tree

MuPDF error: format error: No common ancestor in structure tree

MuPDF error: format error: No common ancestor in structure tree

MuPDF error: format error: No common ancestor in structure tree

MuPDF error: format error: No common ancestor in structure tree

MuPDF error: format error: No common ancestor in structure tree

MuPDF error: format error: No common ancestor in structure tree

MuPDF error: format error: No common ancestor in structure tree

MuPDF error: format error: No common ancestor in structure tree

MuPDF error: format error: No common ancestor in structure tree

MuPDF error: format error: No common ancestor in structure tree

MuPDF error: format error: No common ancestor in structure tree

MuPDF error: format error: No common ancestor in structure tree

MuPDF error: format error: No common ancestor in structure tree

MuPDF error: format error: No common ancestor in structure tree

MuPDF error: format error: No common ancestor in structure tree

MuPDF error: format error: No common ancestor in structure tree

MuPDF error: format error: No common ancestor in structure tree

MuPDF error: format error: No common ancestor in structure tree

MuPDF error: format error: No common ancestor in structure tree

MuPDF error: format error: No common ancestor in structure tree

MuPDF error: format error: No common ancestor in structure tree

MuPDF error: format error: No common ancestor in structure tree

MuPDF error: format error: No common ancestor in structure tree

MuPDF error: format error: No common ancestor in structure tree

MuPDF error: format error: No common ancestor in structure tree

MuPDF error: format error: No common ancestor in structure tree

MuPDF error: format error: No common ancestor in structure tree

MuPDF error: format error: No common ancestor in structure tree

MuPDF error: format error: No common ancestor in structure tree

MuPDF error: format error: No common ancestor in structure tree

MuPDF error: format error: No common ancestor in structure tree

MuPDF error: format error: No common ancestor in structure tree

MuPDF error: format error: No common ancestor in structure tree

MuPDF error: format error: No common ancestor in structure tree

MuPDF error: format error: No common ancestor in structure tree

MuPDF error: format error: No common ancestor in structure tree

MuPDF error: format error: No common ancestor in structure tree

MuPDF error: format error: No common ancestor in structure tree

MuPDF error: format error: No common ancestor in structure tree

MuPDF error: format error: No common ancestor in structure tree

MuPDF error: format error: No common ancestor in structure tree

MuPDF error: format error: No common ancestor in structure tree

MuPDF error: format error: No common ancestor in structure tree

MuPDF error: format error: No common ancestor in structure tree

MuPDF error: format error: No common ancestor in structure tree

MuPDF error: format error: No common ancestor in structure tree

MuPDF error: format error: No common ancestor in structure tree

MuPDF error: format error: No common ancestor in structure tree

MuPDF error: format error: No common ancestor in structure tree

MuPDF error: format error: No common ancestor in structure tree

  status=ok  encontrados=1/1  validos=1  tokens(in=130792, out=706)  cost=$0.334  elapsed=139.3s

[25/31] 2015CXCVI51XVI  (1 munis)
  status=no_validos  encontrados=1/1  validos=0  tokens(in=150617, out=1129)  cost=$0.388  elapsed=97.0s

[26/31] 2010CLXXXVI53XXIII  (2 munis)
  status=ok  encontrados=2/2  validos=2  tokens(in=81574, out=1108)  cost=$0.215  elapsed=121.1s

[27/31] 2012CLXXXIX2XIX  (1 munis)
  status=no_validos  encontrados=0/1  validos=0  tokens(in=133870, out=42)  cost=$0.335  elapsed=141.3s

[28/31] 2009CLXXXIV53XXV  (1 munis)
  status=ok  encontrados=1/1  validos=1  tokens(in=162880, out=494)  cost=$0.412  elapsed=130.4s

[29/31] 2013CXCII50XXV  (3 munis)
  status=ok  encontrados=3/3  validos=3  tokens(in=74191, out=2196)  cost=$0.207  elapsed=282.6s

[30/31] 2024CCXIV53XXIV  (1 munis)
  status=no_validos  encontrados=0/1  validos=0  tokens(in=130792, out=42)  cost=$0.327  elapsed=87.8s

[31/31] 2022CCX52XXI  (1 munis)
MuPDF error: format error: No common ancestor in structure tree

  status=ok  encontrados=1/1  validos=1  tokens(in=106185, out=602)  cost=$0.271  elapsed=154.4s

=== Resumen ===
PDFs procesados:  31
  ok:             22
  partial:        2
  error:          7
Costo acumulado:  $10.38 USD
Bitácora:         C:\Users\gibra\OneDrive\Documents\Thesis\predial-mx\data\sonora\meta\vision_multi_log.s2of4.csv
